<?xml version="1.0" encoding="UTF-8"?>
<testsuite xmlns:xsi="http://www.w3.org/2001/XMLSchema-instance" xsi:noNamespaceSchemaLocation="https://maven.apache.org/surefire/maven-surefire-plugin/xsd/surefire-test-report-3.0.xsd" version="3.0" name="no.hvl.dat152.rest.ws.main.test.TestUser" time="0.289" tests="8" errors="1" skipped="0" failures="1">
  <properties>
[...]
</properties>
  <testcase name="getUserOrder_thenOK" classname="no.hvl.dat152.rest.ws.main.test.TestUser" time="0.027">
    <failure message="expected: &lt;200&gt; but was: &lt;401&gt;" type="org.opentest4j.AssertionFailedError"><![CDATA[org.opentest4j.AssertionFailedError: expected: <200> but was: <401>
	at org.junit.jupiter.api.AssertionFailureBuilder.build(AssertionFailureBuilder.java:151)
	at org.junit.jupiter.api.AssertionFailureBuilder.buildAndThrow(AssertionFailureBuilder.java:132)
	at org.junit.jupiter.api.AssertEquals.failNotEqual(AssertEquals.java:197)
	at org.junit.jupiter.api.AssertEquals.assertEquals(AssertEquals.java:150)
	at org.junit.jupiter.api.AssertEquals.assertEquals(AssertEquals.java:145)
	at org.junit.jupiter.api.Assertions.assertEquals(Assertions.java:528)
	at no.hvl.dat152.rest.ws.main.test.TestUser.getUserOrder_thenOK(TestUser.java:124)
	at java.base/jdk.internal.reflect.DirectMethodHandleAccessor.invoke(DirectMethodHandleAccessor.java:103)
	at java.base/java.lang.reflect.Method.invoke(Method.java:580)
	at org.junit.platform.commons.util.ReflectionUtils.invokeMethod(ReflectionUtils.java:727)
	at org.junit.jupiter.engine.execution.MethodInvocation.proceed(MethodInvocation.java:60)
	at org.junit.jupiter.engine.execution.InvocationInterceptorChain$ValidatingInvocation.proceed(InvocationInterceptorChain.java:131)
	at org.junit.jupiter.engine.extension.TimeoutExtension.intercept(TimeoutExtension.java:156)
	at org.junit.jupiter.engine.extension.TimeoutExtension.interceptTestableMethod(TimeoutExtension.java:147)
	at org.junit.jupiter.engine.extension.TimeoutExtension.interceptTestMethod(TimeoutExtension.java:86)
	at org.junit.jupiter.engine.execution.InterceptingExecutableInvoker$ReflectiveInterceptorCall.lambda$ofVoidMethod$0(InterceptingExecutableInvoker.java:103)
	at org.junit.jupiter.engine.execution.InterceptingExecutableInvoker.lambda$invoke$0(InterceptingExecutableInvoker.java:93)
	at org.junit.jupiter.engine.execution.InvocationInterceptorChain$InterceptedInvocation.proceed(InvocationInterceptorChain.java:106)
	at org.junit.jupiter.engine.execution.InvocationInterceptorChain.proceed(InvocationInterceptorChain.java:64)
	at org.junit.jupiter.engine.execution.InvocationInterceptorChain.chainAndInvoke(InvocationInterceptorChain.java:45)
	at org.junit.jupiter.engine.execution.InvocationInterceptorChain.invoke(InvocationInterceptorChain.java:37)
	at org.junit.jupiter.engine.execution.InterceptingExecutableInvoker.invoke(InterceptingExecutableInvoker.java:92)
	at org.junit.jupiter.engine.execution.InterceptingExecutableInvoker.invoke(InterceptingExecutableInvoker.java:86)
	at org.junit.jupiter.engine.descriptor.TestMethodTestDescriptor.lambda$invokeTestMethod$7(TestMethodTestDescriptor.java:217)
	at org.junit.platform.engine.support.hierarchical.ThrowableCollector.execute(ThrowableCollector.java:73)
	at org.junit.jupiter.engine.descriptor.TestMethodTestDescriptor.invokeTestMethod(TestMethodTestDescriptor.java:213)
	at org.junit.jupiter.engine.descriptor.TestMethodTestDescriptor.execute(TestMethodTestDescriptor.java:138)
	at org.junit.jupiter.engine.descriptor.TestMethodTestDescriptor.execute(TestMethodTestDescriptor.java:68)
	at org.junit.platform.engine.support.hierarchical.NodeTestTask.lambda$executeRecursively$6(NodeTestTask.java:151)
	at org.junit.platform.engine.support.hierarchical.ThrowableCollector.execute(ThrowableCollector.java:73)
	at org.junit.platform.engine.support.hierarchical.NodeTestTask.lambda$executeRecursively$8(NodeTestTask.java:141)
	at org.junit.platform.engine.support.hierarchical.Node.around(Node.java:137)
	at org.junit.platform.engine.support.hierarchical.NodeTestTask.lambda$executeRecursively$9(NodeTestTask.java:139)
	at org.junit.platform.engine.support.hierarchical.ThrowableCollector.execute(ThrowableCollector.java:73)
	at org.junit.platform.engine.support.hierarchical.NodeTestTask.executeRecursively(NodeTestTask.java:138)
	at org.junit.platform.engine.support.hierarchical.NodeTestTask.execute(NodeTestTask.java:95)
	at java.base/java.util.ArrayList.forEach(ArrayList.java:1597)
	at org.junit.platform.engine.support.hierarchical.SameThreadHierarchicalTestExecutorService.invokeAll(SameThreadHierarchicalTestExecutorService.java:41)
	at org.junit.platform.engine.support.hierarchical.NodeTestTask.lambda$executeRecursively$6(NodeTestTask.java:155)
	at org.junit.platform.engine.support.hierarchical.ThrowableCollector.execute(ThrowableCollector.java:73)
	at org.junit.platform.engine.support.hierarchical.NodeTestTask.lambda$executeRecursively$8(NodeTestTask.java:141)
	at org.junit.platform.engine.support.hierarchical.Node.around(Node.java:137)
	at org.junit.platform.engine.support.hierarchical.NodeTestTask.lambda$executeRecursively$9(NodeTestTask.java:139)
	at org.junit.platform.engine.support.hierarchical.ThrowableCollector.execute(ThrowableCollector.java:73)
	at org.junit.platform.engine.support.hierarchical.NodeTestTask.executeRecursively(NodeTestTask.java:138)
	at org.junit.platform.engine.support.hierarchical.NodeTestTask.execute(NodeTestTask.java:95)
	at java.base/java.util.ArrayList.forEach(ArrayList.java:1597)
	at org.junit.platform.engine.support.hierarchical.SameThreadHierarchicalTestExecutorService.invokeAll(SameThreadHierarchicalTestExecutorService.java:41)
	at org.junit.platform.engine.support.hierarchical.NodeTestTask.lambda$executeRecursively$6(NodeTestTask.java:155)
	at org.junit.platform.engine.support.hierarchical.ThrowableCollector.execute(ThrowableCollector.java:73)
	at org.junit.platform.engine.support.hierarchical.NodeTestTask.lambda$executeRecursively$8(NodeTestTask.java:141)
	at org.junit.platform.engine.support.hierarchical.Node.around(Node.java:137)
	at org.junit.platform.engine.support.hierarchical.NodeTestTask.lambda$executeRecursively$9(NodeTestTask.java:139)
	at org.junit.platform.engine.support.hierarchical.ThrowableCollector.execute(ThrowableCollector.java:73)
	at org.junit.platform.engine.support.hierarchical.NodeTestTask.executeRecursively(NodeTestTask.java:138)
	at org.junit.platform.engine.support.hierarchical.NodeTestTask.execute(NodeTestTask.java:95)
	at org.junit.platform.engine.support.hierarchical.SameThreadHierarchicalTestExecutorService.submit(SameThreadHierarchicalTestExecutorService.java:35)
	at org.junit.platform.engine.support.hierarchical.HierarchicalTestExecutor.execute(HierarchicalTestExecutor.java:57)
	at org.junit.platform.engine.support.hierarchical.HierarchicalTestEngine.execute(HierarchicalTestEngine.java:54)
	at org.junit.platform.launcher.core.EngineExecutionOrchestrator.execute(EngineExecutionOrchestrator.java:147)
	at org.junit.platform.launcher.core.EngineExecutionOrchestrator.execute(EngineExecutionOrchestrator.java:127)
	at org.junit.platform.launcher.core.EngineExecutionOrchestrator.execute(EngineExecutionOrchestrator.java:90)
	at org.junit.platform.launcher.core.EngineExecutionOrchestrator.lambda$execute$0(EngineExecutionOrchestrator.java:55)
	at org.junit.platform.launcher.core.EngineExecutionOrchestrator.withInterceptedStreams(EngineExecutionOrchestrator.java:102)
	at org.junit.platform.launcher.core.EngineExecutionOrchestrator.execute(EngineExecutionOrchestrator.java:54)
	at org.junit.platform.launcher.core.DefaultLauncher.execute(DefaultLauncher.java:114)
	at org.junit.platform.launcher.core.DefaultLauncher.execute(DefaultLauncher.java:86)
	at org.junit.platform.launcher.core.DefaultLauncherSession$DelegatingLauncher.execute(DefaultLauncherSession.java:86)
	at org.apache.maven.surefire.junitplatform.LazyLauncher.execute(LazyLauncher.java:50)
	at org.apache.maven.surefire.junitplatform.JUnitPlatformProvider.execute(JUnitPlatformProvider.java:184)
	at org.apache.maven.surefire.junitplatform.JUnitPlatformProvider.invokeAllTests(JUnitPlatformProvider.java:148)
	at org.apache.maven.surefire.junitplatform.JUnitPlatformProvider.invoke(JUnitPlatformProvider.java:122)
	at org.apache.maven.surefire.booter.ForkedBooter.runSuitesInProcess(ForkedBooter.java:385)
	at org.apache.maven.surefire.booter.ForkedBooter.execute(ForkedBooter.java:162)
	at org.apache.maven.surefire.booter.ForkedBooter.run(ForkedBooter.java:507)
	at org.apache.maven.surefire.booter.ForkedBooter.main(ForkedBooter.java:495)
]]></failure>
    <system-out><![CDATA[2024-10-15T18:33:57.812+02:00  INFO 21980 --- [           main] t.c.s.AnnotationConfigContextLoaderUtils : Could not detect default configuration classes for test class [no.hvl.dat152.rest.ws.main.test.TestUser]: TestUser does not declare any static, non-private, non-final, nested classes annotated with @Configuration.
2024-10-15T18:33:57.813+02:00  INFO 21980 --- [           main] .b.t.c.SpringBootTestContextBootstrapper : Found @SpringBootConfiguration no.hvl.dat152.rest.ws.main.LibraryApplication for test class no.hvl.dat152.rest.ws.main.test.TestUser
2024-10-15T18:33:57.824+02:00 TRACE 21980 --- [nio-8090-exec-3] o.s.security.web.FilterChainProxy        : Trying to match request against DefaultSecurityFilterChain [RequestMatcher=any request, Filters=[org.springframework.security.web.session.DisableEncodeUrlFilter@71702d3f, org.springframework.security.web.context.request.async.WebAsyncManagerIntegrationFilter@6f9d1785, org.springframework.security.web.context.SecurityContextHolderFilter@5498d2a2, org.springframework.security.web.header.HeaderWriterFilter@58477355, org.springframework.security.web.authentication.logout.LogoutFilter@18c2b4c6, org.springframework.security.oauth2.server.resource.web.authentication.BearerTokenAuthenticationFilter@2778f3d1, no.hvl.dat152.rest.ws.security.AuthTokenFilter@7530090a, org.springframework.security.web.savedrequest.RequestCacheAwareFilter@74a121fe, org.springframework.security.web.servletapi.SecurityContextHolderAwareRequestFilter@12639753, org.springframework.security.web.authentication.AnonymousAuthenticationFilter@f9b97dc, org.springframework.security.web.session.SessionManagementFilter@282c3aa0, org.springframework.security.web.access.ExceptionTranslationFilter@4dd11699, org.springframework.security.web.access.intercept.AuthorizationFilter@414a3c7d]] (1/1)
2024-10-15T18:33:57.824+02:00 DEBUG 21980 --- [nio-8090-exec-3] o.s.security.web.FilterChainProxy        : Securing GET /elibrary/api/v1/users/1/orders/1
2024-10-15T18:33:57.824+02:00 TRACE 21980 --- [nio-8090-exec-3] o.s.security.web.FilterChainProxy        : Invoking DisableEncodeUrlFilter (1/13)
2024-10-15T18:33:57.824+02:00 TRACE 21980 --- [nio-8090-exec-3] o.s.security.web.FilterChainProxy        : Invoking WebAsyncManagerIntegrationFilter (2/13)
2024-10-15T18:33:57.824+02:00 TRACE 21980 --- [nio-8090-exec-3] o.s.security.web.FilterChainProxy        : Invoking SecurityContextHolderFilter (3/13)
2024-10-15T18:33:57.824+02:00 TRACE 21980 --- [nio-8090-exec-3] o.s.security.web.FilterChainProxy        : Invoking HeaderWriterFilter (4/13)
2024-10-15T18:33:57.824+02:00 TRACE 21980 --- [nio-8090-exec-3] o.s.security.web.FilterChainProxy        : Invoking LogoutFilter (5/13)
2024-10-15T18:33:57.824+02:00 TRACE 21980 --- [nio-8090-exec-3] o.s.s.w.a.logout.LogoutFilter            : Did not match request to Or [Ant [pattern='/logout', GET], Ant [pattern='/logout', POST], Ant [pattern='/logout', PUT], Ant [pattern='/logout', DELETE]]
2024-10-15T18:33:57.824+02:00 TRACE 21980 --- [nio-8090-exec-3] o.s.security.web.FilterChainProxy        : Invoking BearerTokenAuthenticationFilter (6/13)
2024-10-15T18:33:57.824+02:00 TRACE 21980 --- [nio-8090-exec-3] o.s.s.authentication.ProviderManager     : Authenticating request with JwtAuthenticationProvider (1/2)
2024-10-15T18:33:57.826+02:00 DEBUG 21980 --- [nio-8090-exec-3] o.s.s.o.s.r.a.JwtAuthenticationProvider  : Authenticated token
2024-10-15T18:33:57.826+02:00 DEBUG 21980 --- [nio-8090-exec-3] .s.r.w.a.BearerTokenAuthenticationFilter : Set SecurityContextHolder to JwtAuthenticationToken [Principal=org.springframework.security.oauth2.jwt.Jwt@a01f67cb, Credentials=[PROTECTED], Authenticated=true, Details=WebAuthenticationDetails [RemoteIpAddress=127.0.0.1, SessionId=null], Granted Authorities=[USER]]
2024-10-15T18:33:57.826+02:00 TRACE 21980 --- [nio-8090-exec-3] o.s.security.web.FilterChainProxy        : Invoking AuthTokenFilter (7/13)
2024-10-15T18:33:57.826+02:00 TRACE 21980 --- [nio-8090-exec-3] o.s.security.web.FilterChainProxy        : Invoking RequestCacheAwareFilter (8/13)
2024-10-15T18:33:57.826+02:00 TRACE 21980 --- [nio-8090-exec-3] o.s.security.web.FilterChainProxy        : Invoking SecurityContextHolderAwareRequestFilter (9/13)
2024-10-15T18:33:57.826+02:00 TRACE 21980 --- [nio-8090-exec-3] o.s.security.web.FilterChainProxy        : Invoking AnonymousAuthenticationFilter (10/13)
2024-10-15T18:33:57.826+02:00 TRACE 21980 --- [nio-8090-exec-3] o.s.security.web.FilterChainProxy        : Invoking SessionManagementFilter (11/13)
2024-10-15T18:33:57.826+02:00 TRACE 21980 --- [nio-8090-exec-3] o.s.s.w.a.AnonymousAuthenticationFilter  : Did not set SecurityContextHolder since already authenticated JwtAuthenticationToken [Principal=org.springframework.security.oauth2.jwt.Jwt@a01f67cb, Credentials=[PROTECTED], Authenticated=true, Details=no.hvl.dat152.rest.ws.security.UserDetailsImpl@590672da, Granted Authorities=[USER]]
2024-10-15T18:33:57.826+02:00 TRACE 21980 --- [nio-8090-exec-3] s.CompositeSessionAuthenticationStrategy : Preparing session with ChangeSessionIdAuthenticationStrategy (1/1)
2024-10-15T18:33:57.826+02:00 TRACE 21980 --- [nio-8090-exec-3] o.s.security.web.FilterChainProxy        : Invoking ExceptionTranslationFilter (12/13)
2024-10-15T18:33:57.826+02:00 TRACE 21980 --- [nio-8090-exec-3] o.s.security.web.FilterChainProxy        : Invoking AuthorizationFilter (13/13)
2024-10-15T18:33:57.826+02:00 TRACE 21980 --- [nio-8090-exec-3] estMatcherDelegatingAuthorizationManager : Authorizing SecurityContextHolderAwareRequestWrapper[ org.springframework.security.web.header.HeaderWriterFilter$HeaderWriterRequest@510e78f8]
2024-10-15T18:33:57.826+02:00 TRACE 21980 --- [nio-8090-exec-3] estMatcherDelegatingAuthorizationManager : Checking authorization on SecurityContextHolderAwareRequestWrapper[ org.springframework.security.web.header.HeaderWriterFilter$HeaderWriterRequest@510e78f8] using org.springframework.security.authorization.AuthenticatedAuthorizationManager@649ab949
2024-10-15T18:33:57.826+02:00 DEBUG 21980 --- [nio-8090-exec-3] o.s.security.web.FilterChainProxy        : Secured GET /elibrary/api/v1/users/1/orders/1
2024-10-15T18:33:57.827+02:00 DEBUG 21980 --- [nio-8090-exec-3] horizationManagerBeforeMethodInterceptor : Authorizing method invocation ReflectiveMethodInvocation: public org.springframework.http.ResponseEntity no.hvl.dat152.rest.ws.controller.UserController.getUserOrder(java.lang.Long,java.lang.Long) throws no.hvl.dat152.rest.ws.exceptions.UserNotFoundException,no.hvl.dat152.rest.ws.exceptions.OrderNotFoundException; target is of class [no.hvl.dat152.rest.ws.controller.UserController]
2024-10-15T18:33:57.827+02:00 DEBUG 21980 --- [nio-8090-exec-3] horizationManagerBeforeMethodInterceptor : Authorized method invocation ReflectiveMethodInvocation: public org.springframework.http.ResponseEntity no.hvl.dat152.rest.ws.controller.UserController.getUserOrder(java.lang.Long,java.lang.Long) throws no.hvl.dat152.rest.ws.exceptions.UserNotFoundException,no.hvl.dat152.rest.ws.exceptions.OrderNotFoundException; target is of class [no.hvl.dat152.rest.ws.controller.UserController]
Hibernate: select u1_0.userid,u1_0.email,u1_0.firstname,u1_0.lastname from users u1_0 where u1_0.userid=?
Hibernate: select o1_0.user_email,o1_0.user_id,o1_0.id,o1_0.expiry,o1_0.isbn from orders o1_0 where (o1_0.user_email,o1_0.user_id) in((?,?))
2024-10-15T18:33:57.835+02:00 TRACE 21980 --- [nio-8090-exec-3] o.s.s.w.a.ExceptionTranslationFilter     : Sending to authentication entry point since authentication failed

no.hvl.dat152.rest.ws.exceptions.OrderNotFoundException: Order with id: 1 not found
	at no.hvl.dat152.rest.ws.service.UserService.getUserOrder(UserService.java:92) ~[classes/:na]
	at no.hvl.dat152.rest.ws.controller.UserController.getUserOrder(UserController.java:109) ~[classes/:na]
	at java.base/jdk.internal.reflect.DirectMethodHandleAccessor.invoke(DirectMethodHandleAccessor.java:103) ~[na:na]
	at java.base/java.lang.reflect.Method.invoke(Method.java:580) ~[na:na]
	at org.springframework.aop.support.AopUtils.invokeJoinpointUsingReflection(AopUtils.java:343) ~[spring-aop-6.0.9.jar:6.0.9]
	at org.springframework.aop.framework.ReflectiveMethodInvocation.invokeJoinpoint(ReflectiveMethodInvocation.java:196) ~[spring-aop-6.0.9.jar:6.0.9]
	at org.springframework.aop.framework.ReflectiveMethodInvocation.proceed(ReflectiveMethodInvocation.java:163) ~[spring-aop-6.0.9.jar:6.0.9]
	at org.springframework.aop.framework.CglibAopProxy$CglibMethodInvocation.proceed(CglibAopProxy.java:750) ~[spring-aop-6.0.9.jar:6.0.9]
	at org.springframework.security.authorization.method.AuthorizationManagerBeforeMethodInterceptor.invoke(AuthorizationManagerBeforeMethodInterceptor.java:199) ~[spring-security-core-6.1.0.jar:6.1.0]
	at org.springframework.aop.framework.ReflectiveMethodInvocation.proceed(ReflectiveMethodInvocation.java:184) ~[spring-aop-6.0.9.jar:6.0.9]
	at org.springframework.aop.framework.CglibAopProxy$CglibMethodInvocation.proceed(CglibAopProxy.java:750) ~[spring-aop-6.0.9.jar:6.0.9]
	at org.springframework.aop.framework.CglibAopProxy$DynamicAdvisedInterceptor.intercept(CglibAopProxy.java:702) ~[spring-aop-6.0.9.jar:6.0.9]
	at no.hvl.dat152.rest.ws.controller.UserController$$SpringCGLIB$$0.getUserOrder(<generated>) ~[classes/:na]
	at java.base/jdk.internal.reflect.DirectMethodHandleAccessor.invoke(DirectMethodHandleAccessor.java:103) ~[na:na]
	at java.base/java.lang.reflect.Method.invoke(Method.java:580) ~[na:na]
	at org.springframework.web.method.support.InvocableHandlerMethod.doInvoke(InvocableHandlerMethod.java:207) ~[spring-web-6.0.9.jar:6.0.9]
	at org.springframework.web.method.support.InvocableHandlerMethod.invokeForRequest(InvocableHandlerMethod.java:152) ~[spring-web-6.0.9.jar:6.0.9]
	at org.springframework.web.servlet.mvc.method.annotation.ServletInvocableHandlerMethod.invokeAndHandle(ServletInvocableHandlerMethod.java:118) ~[spring-webmvc-6.0.9.jar:6.0.9]
	at org.springframework.web.servlet.mvc.method.annotation.RequestMappingHandlerAdapter.invokeHandlerMethod(RequestMappingHandlerAdapter.java:884) ~[spring-webmvc-6.0.9.jar:6.0.9]
	at org.springframework.web.servlet.mvc.method.annotation.RequestMappingHandlerAdapter.handleInternal(RequestMappingHandlerAdapter.java:797) ~[spring-webmvc-6.0.9.jar:6.0.9]
	at org.springframework.web.servlet.mvc.method.AbstractHandlerMethodAdapter.handle(AbstractHandlerMethodAdapter.java:87) ~[spring-webmvc-6.0.9.jar:6.0.9]
	at org.springframework.web.servlet.DispatcherServlet.doDispatch(DispatcherServlet.java:1081) ~[spring-webmvc-6.0.9.jar:6.0.9]
	at org.springframework.web.servlet.DispatcherServlet.doService(DispatcherServlet.java:974) ~[spring-webmvc-6.0.9.jar:6.0.9]
	at org.springframework.web.servlet.FrameworkServlet.processRequest(FrameworkServlet.java:1011) ~[spring-webmvc-6.0.9.jar:6.0.9]
	at org.springframework.web.servlet.FrameworkServlet.doGet(FrameworkServlet.java:903) ~[spring-webmvc-6.0.9.jar:6.0.9]
	at jakarta.servlet.http.HttpServlet.service(HttpServlet.java:564) ~[tomcat-embed-core-10.1.8.jar:6.0]
	at org.springframework.web.servlet.FrameworkServlet.service(FrameworkServlet.java:885) ~[spring-webmvc-6.0.9.jar:6.0.9]
	at jakarta.servlet.http.HttpServlet.service(HttpServlet.java:658) ~[tomcat-embed-core-10.1.8.jar:6.0]
	at org.apache.catalina.core.ApplicationFilterChain.internalDoFilter(ApplicationFilterChain.java:205) ~[tomcat-embed-core-10.1.8.jar:10.1.8]
	at org.apache.catalina.core.ApplicationFilterChain.doFilter(ApplicationFilterChain.java:149) ~[tomcat-embed-core-10.1.8.jar:10.1.8]
	at org.apache.tomcat.websocket.server.WsFilter.doFilter(WsFilter.java:51) ~[tomcat-embed-websocket-10.1.8.jar:10.1.8]
	at org.apache.catalina.core.ApplicationFilterChain.internalDoFilter(ApplicationFilterChain.java:174) ~[tomcat-embed-core-10.1.8.jar:10.1.8]
	at org.apache.catalina.core.ApplicationFilterChain.doFilter(ApplicationFilterChain.java:149) ~[tomcat-embed-core-10.1.8.jar:10.1.8]
	at org.springframework.web.filter.OncePerRequestFilter.doFilter(OncePerRequestFilter.java:110) ~[spring-web-6.0.9.jar:6.0.9]
	at org.apache.catalina.core.ApplicationFilterChain.internalDoFilter(ApplicationFilterChain.java:174) ~[tomcat-embed-core-10.1.8.jar:10.1.8]
	at org.apache.catalina.core.ApplicationFilterChain.doFilter(ApplicationFilterChain.java:149) ~[tomcat-embed-core-10.1.8.jar:10.1.8]
	at org.springframework.security.web.FilterChainProxy.lambda$doFilterInternal$3(FilterChainProxy.java:231) ~[spring-security-web-6.1.0.jar:6.1.0]
	at org.springframework.security.web.FilterChainProxy$VirtualFilterChain.doFilter(FilterChainProxy.java:365) ~[spring-security-web-6.1.0.jar:6.1.0]
	at org.springframework.security.web.access.intercept.AuthorizationFilter.doFilter(AuthorizationFilter.java:100) ~[spring-security-web-6.1.0.jar:6.1.0]
	at org.springframework.security.web.FilterChainProxy$VirtualFilterChain.doFilter(FilterChainProxy.java:374) ~[spring-security-web-6.1.0.jar:6.1.0]
	at org.springframework.security.web.access.ExceptionTranslationFilter.doFilter(ExceptionTranslationFilter.java:126) ~[spring-security-web-6.1.0.jar:6.1.0]
	at org.springframework.security.web.access.ExceptionTranslationFilter.doFilter(ExceptionTranslationFilter.java:120) ~[spring-security-web-6.1.0.jar:6.1.0]
	at org.springframework.security.web.FilterChainProxy$VirtualFilterChain.doFilter(FilterChainProxy.java:374) ~[spring-security-web-6.1.0.jar:6.1.0]
	at org.springframework.security.web.session.SessionManagementFilter.doFilter(SessionManagementFilter.java:131) ~[spring-security-web-6.1.0.jar:6.1.0]
	at org.springframework.security.web.session.SessionManagementFilter.doFilter(SessionManagementFilter.java:85) ~[spring-security-web-6.1.0.jar:6.1.0]
	at org.springframework.security.web.FilterChainProxy$VirtualFilterChain.doFilter(FilterChainProxy.java:374) ~[spring-security-web-6.1.0.jar:6.1.0]
	at org.springframework.security.web.authentication.AnonymousAuthenticationFilter.doFilter(AnonymousAuthenticationFilter.java:100) ~[spring-security-web-6.1.0.jar:6.1.0]
	at org.springframework.security.web.FilterChainProxy$VirtualFilterChain.doFilter(FilterChainProxy.java:374) ~[spring-security-web-6.1.0.jar:6.1.0]
	at org.springframework.security.web.servletapi.SecurityContextHolderAwareRequestFilter.doFilter(SecurityContextHolderAwareRequestFilter.java:179) ~[spring-security-web-6.1.0.jar:6.1.0]
	at org.springframework.security.web.FilterChainProxy$VirtualFilterChain.doFilter(FilterChainProxy.java:374) ~[spring-security-web-6.1.0.jar:6.1.0]
	at org.springframework.security.web.savedrequest.RequestCacheAwareFilter.doFilter(RequestCacheAwareFilter.java:63) ~[spring-security-web-6.1.0.jar:6.1.0]
	at org.springframework.security.web.FilterChainProxy$VirtualFilterChain.doFilter(FilterChainProxy.java:374) ~[spring-security-web-6.1.0.jar:6.1.0]
	at no.hvl.dat152.rest.ws.security.AuthTokenFilter.doFilterInternal(AuthTokenFilter.java:54) ~[classes/:na]
	at org.springframework.web.filter.OncePerRequestFilter.doFilter(OncePerRequestFilter.java:116) ~[spring-web-6.0.9.jar:6.0.9]
	at org.springframework.security.web.FilterChainProxy$VirtualFilterChain.doFilter(FilterChainProxy.java:374) ~[spring-security-web-6.1.0.jar:6.1.0]
	at org.springframework.security.oauth2.server.resource.web.authentication.BearerTokenAuthenticationFilter.doFilterInternal(BearerTokenAuthenticationFilter.java:145) ~[spring-security-oauth2-resource-server-6.1.0.jar:6.1.0]
	at org.springframework.web.filter.OncePerRequestFilter.doFilter(OncePerRequestFilter.java:116) ~[spring-web-6.0.9.jar:6.0.9]
	at org.springframework.security.web.FilterChainProxy$VirtualFilterChain.doFilter(FilterChainProxy.java:374) ~[spring-security-web-6.1.0.jar:6.1.0]
	at org.springframework.security.web.authentication.logout.LogoutFilter.doFilter(LogoutFilter.java:107) ~[spring-security-web-6.1.0.jar:6.1.0]
	at org.springframework.security.web.authentication.logout.LogoutFilter.doFilter(LogoutFilter.java:93) ~[spring-security-web-6.1.0.jar:6.1.0]
	at org.springframework.security.web.FilterChainProxy$VirtualFilterChain.doFilter(FilterChainProxy.java:374) ~[spring-security-web-6.1.0.jar:6.1.0]
	at org.springframework.security.web.header.HeaderWriterFilter.doHeadersAfter(HeaderWriterFilter.java:90) ~[spring-security-web-6.1.0.jar:6.1.0]
	at org.springframework.security.web.header.HeaderWriterFilter.doFilterInternal(HeaderWriterFilter.java:75) ~[spring-security-web-6.1.0.jar:6.1.0]
	at org.springframework.web.filter.OncePerRequestFilter.doFilter(OncePerRequestFilter.java:116) ~[spring-web-6.0.9.jar:6.0.9]
	at org.springframework.security.web.FilterChainProxy$VirtualFilterChain.doFilter(FilterChainProxy.java:374) ~[spring-security-web-6.1.0.jar:6.1.0]
	at org.springframework.security.web.context.SecurityContextHolderFilter.doFilter(SecurityContextHolderFilter.java:82) ~[spring-security-web-6.1.0.jar:6.1.0]
	at org.springframework.security.web.context.SecurityContextHolderFilter.doFilter(SecurityContextHolderFilter.java:69) ~[spring-security-web-6.1.0.jar:6.1.0]
	at org.springframework.security.web.FilterChainProxy$VirtualFilterChain.doFilter(FilterChainProxy.java:374) ~[spring-security-web-6.1.0.jar:6.1.0]
	at org.springframework.security.web.context.request.async.WebAsyncManagerIntegrationFilter.doFilterInternal(WebAsyncManagerIntegrationFilter.java:62) ~[spring-security-web-6.1.0.jar:6.1.0]
	at org.springframework.web.filter.OncePerRequestFilter.doFilter(OncePerRequestFilter.java:116) ~[spring-web-6.0.9.jar:6.0.9]
	at org.springframework.security.web.FilterChainProxy$VirtualFilterChain.doFilter(FilterChainProxy.java:374) ~[spring-security-web-6.1.0.jar:6.1.0]
	at org.springframework.security.web.session.DisableEncodeUrlFilter.doFilterInternal(DisableEncodeUrlFilter.java:42) ~[spring-security-web-6.1.0.jar:6.1.0]
	at org.springframework.web.filter.OncePerRequestFilter.doFilter(OncePerRequestFilter.java:116) ~[spring-web-6.0.9.jar:6.0.9]
	at org.springframework.security.web.FilterChainProxy$VirtualFilterChain.doFilter(FilterChainProxy.java:374) ~[spring-security-web-6.1.0.jar:6.1.0]
	at org.springframework.security.web.FilterChainProxy.doFilterInternal(FilterChainProxy.java:233) ~[spring-security-web-6.1.0.jar:6.1.0]
	at org.springframework.security.web.FilterChainProxy.doFilter(FilterChainProxy.java:191) ~[spring-security-web-6.1.0.jar:6.1.0]
	at org.springframework.web.filter.DelegatingFilterProxy.invokeDelegate(DelegatingFilterProxy.java:352) ~[spring-web-6.0.9.jar:6.0.9]
	at org.springframework.web.filter.DelegatingFilterProxy.doFilter(DelegatingFilterProxy.java:268) ~[spring-web-6.0.9.jar:6.0.9]
	at org.apache.catalina.core.ApplicationFilterChain.internalDoFilter(ApplicationFilterChain.java:174) ~[tomcat-embed-core-10.1.8.jar:10.1.8]
	at org.apache.catalina.core.ApplicationFilterChain.doFilter(ApplicationFilterChain.java:149) ~[tomcat-embed-core-10.1.8.jar:10.1.8]
	at org.springframework.web.filter.RequestContextFilter.doFilterInternal(RequestContextFilter.java:100) ~[spring-web-6.0.9.jar:6.0.9]
	at org.springframework.web.filter.OncePerRequestFilter.doFilter(OncePerRequestFilter.java:116) ~[spring-web-6.0.9.jar:6.0.9]
	at org.apache.catalina.core.ApplicationFilterChain.internalDoFilter(ApplicationFilterChain.java:174) ~[tomcat-embed-core-10.1.8.jar:10.1.8]
	at org.apache.catalina.core.ApplicationFilterChain.doFilter(ApplicationFilterChain.java:149) ~[tomcat-embed-core-10.1.8.jar:10.1.8]
	at org.springframework.web.filter.FormContentFilter.doFilterInternal(FormContentFilter.java:93) ~[spring-web-6.0.9.jar:6.0.9]
	at org.springframework.web.filter.OncePerRequestFilter.doFilter(OncePerRequestFilter.java:116) ~[spring-web-6.0.9.jar:6.0.9]
	at org.apache.catalina.core.ApplicationFilterChain.internalDoFilter(ApplicationFilterChain.java:174) ~[tomcat-embed-core-10.1.8.jar:10.1.8]
	at org.apache.catalina.core.ApplicationFilterChain.doFilter(ApplicationFilterChain.java:149) ~[tomcat-embed-core-10.1.8.jar:10.1.8]
	at org.springframework.web.filter.CharacterEncodingFilter.doFilterInternal(CharacterEncodingFilter.java:201) ~[spring-web-6.0.9.jar:6.0.9]
	at org.springframework.web.filter.OncePerRequestFilter.doFilter(OncePerRequestFilter.java:116) ~[spring-web-6.0.9.jar:6.0.9]
	at org.apache.catalina.core.ApplicationFilterChain.internalDoFilter(ApplicationFilterChain.java:174) ~[tomcat-embed-core-10.1.8.jar:10.1.8]
	at org.apache.catalina.core.ApplicationFilterChain.doFilter(ApplicationFilterChain.java:149) ~[tomcat-embed-core-10.1.8.jar:10.1.8]
	at org.apache.catalina.core.StandardWrapperValve.invoke(StandardWrapperValve.java:166) ~[tomcat-embed-core-10.1.8.jar:10.1.8]
	at org.apache.catalina.core.StandardContextValve.invoke(StandardContextValve.java:90) ~[tomcat-embed-core-10.1.8.jar:10.1.8]
	at org.apache.catalina.authenticator.AuthenticatorBase.invoke(AuthenticatorBase.java:482) ~[tomcat-embed-core-10.1.8.jar:10.1.8]
	at org.apache.catalina.core.StandardHostValve.invoke(StandardHostValve.java:115) ~[tomcat-embed-core-10.1.8.jar:10.1.8]
	at org.apache.catalina.valves.ErrorReportValve.invoke(ErrorReportValve.java:93) ~[tomcat-embed-core-10.1.8.jar:10.1.8]
	at org.apache.catalina.core.StandardEngineValve.invoke(StandardEngineValve.java:74) ~[tomcat-embed-core-10.1.8.jar:10.1.8]
	at org.apache.catalina.connector.CoyoteAdapter.service(CoyoteAdapter.java:341) ~[tomcat-embed-core-10.1.8.jar:10.1.8]
	at org.apache.coyote.http11.Http11Processor.service(Http11Processor.java:390) ~[tomcat-embed-core-10.1.8.jar:10.1.8]
	at org.apache.coyote.AbstractProcessorLight.process(AbstractProcessorLight.java:63) ~[tomcat-embed-core-10.1.8.jar:10.1.8]
	at org.apache.coyote.AbstractProtocol$ConnectionHandler.process(AbstractProtocol.java:894) ~[tomcat-embed-core-10.1.8.jar:10.1.8]
	at org.apache.tomcat.util.net.NioEndpoint$SocketProcessor.doRun(NioEndpoint.java:1741) ~[tomcat-embed-core-10.1.8.jar:10.1.8]
	at org.apache.tomcat.util.net.SocketProcessorBase.run(SocketProcessorBase.java:52) ~[tomcat-embed-core-10.1.8.jar:10.1.8]
	at org.apache.tomcat.util.threads.ThreadPoolExecutor.runWorker(ThreadPoolExecutor.java:1191) ~[tomcat-embed-core-10.1.8.jar:10.1.8]
	at org.apache.tomcat.util.threads.ThreadPoolExecutor$Worker.run(ThreadPoolExecutor.java:659) ~[tomcat-embed-core-10.1.8.jar:10.1.8]
	at org.apache.tomcat.util.threads.TaskThread$WrappingRunnable.run(TaskThread.java:61) ~[tomcat-embed-core-10.1.8.jar:10.1.8]
	at java.base/java.lang.Thread.run(Thread.java:1570) ~[na:na]

2024-10-15T18:33:57.836+02:00 TRACE 21980 --- [nio-8090-exec-3] o.s.s.w.header.writers.HstsHeaderWriter  : Not injecting HSTS header since it did not match request to [Is Secure]
]]></system-out>
  </testcase>
  <testcase name="getAllUsers_USER_ROLE_thenOK" classname="no.hvl.dat152.rest.ws.main.test.TestUser" time="0.014">
    <system-out><![CDATA[2024-10-15T18:33:57.853+02:00 TRACE 21980 --- [io-8090-exec-10] o.s.security.web.FilterChainProxy        : Trying to match request against DefaultSecurityFilterChain [RequestMatcher=any request, Filters=[org.springframework.security.web.session.DisableEncodeUrlFilter@71702d3f, org.springframework.security.web.context.request.async.WebAsyncManagerIntegrationFilter@6f9d1785, org.springframework.security.web.context.SecurityContextHolderFilter@5498d2a2, org.springframework.security.web.header.HeaderWriterFilter@58477355, org.springframework.security.web.authentication.logout.LogoutFilter@18c2b4c6, org.springframework.security.oauth2.server.resource.web.authentication.BearerTokenAuthenticationFilter@2778f3d1, no.hvl.dat152.rest.ws.security.AuthTokenFilter@7530090a, org.springframework.security.web.savedrequest.RequestCacheAwareFilter@74a121fe, org.springframework.security.web.servletapi.SecurityContextHolderAwareRequestFilter@12639753, org.springframework.security.web.authentication.AnonymousAuthenticationFilter@f9b97dc, org.springframework.security.web.session.SessionManagementFilter@282c3aa0, org.springframework.security.web.access.ExceptionTranslationFilter@4dd11699, org.springframework.security.web.access.intercept.AuthorizationFilter@414a3c7d]] (1/1)
2024-10-15T18:33:57.853+02:00 DEBUG 21980 --- [io-8090-exec-10] o.s.security.web.FilterChainProxy        : Securing GET /elibrary/api/v1/users
2024-10-15T18:33:57.853+02:00 TRACE 21980 --- [io-8090-exec-10] o.s.security.web.FilterChainProxy        : Invoking DisableEncodeUrlFilter (1/13)
2024-10-15T18:33:57.853+02:00 TRACE 21980 --- [io-8090-exec-10] o.s.security.web.FilterChainProxy        : Invoking WebAsyncManagerIntegrationFilter (2/13)
2024-10-15T18:33:57.853+02:00 TRACE 21980 --- [io-8090-exec-10] o.s.security.web.FilterChainProxy        : Invoking SecurityContextHolderFilter (3/13)
2024-10-15T18:33:57.853+02:00 TRACE 21980 --- [io-8090-exec-10] o.s.security.web.FilterChainProxy        : Invoking HeaderWriterFilter (4/13)
2024-10-15T18:33:57.853+02:00 TRACE 21980 --- [io-8090-exec-10] o.s.security.web.FilterChainProxy        : Invoking LogoutFilter (5/13)
2024-10-15T18:33:57.854+02:00 TRACE 21980 --- [io-8090-exec-10] o.s.s.w.a.logout.LogoutFilter            : Did not match request to Or [Ant [pattern='/logout', GET], Ant [pattern='/logout', POST], Ant [pattern='/logout', PUT], Ant [pattern='/logout', DELETE]]
2024-10-15T18:33:57.854+02:00 TRACE 21980 --- [io-8090-exec-10] o.s.security.web.FilterChainProxy        : Invoking BearerTokenAuthenticationFilter (6/13)
2024-10-15T18:33:57.854+02:00 TRACE 21980 --- [io-8090-exec-10] o.s.s.authentication.ProviderManager     : Authenticating request with JwtAuthenticationProvider (1/2)
2024-10-15T18:33:57.855+02:00 DEBUG 21980 --- [io-8090-exec-10] o.s.s.o.s.r.a.JwtAuthenticationProvider  : Authenticated token
2024-10-15T18:33:57.855+02:00 DEBUG 21980 --- [io-8090-exec-10] .s.r.w.a.BearerTokenAuthenticationFilter : Set SecurityContextHolder to JwtAuthenticationToken [Principal=org.springframework.security.oauth2.jwt.Jwt@a01f67cb, Credentials=[PROTECTED], Authenticated=true, Details=WebAuthenticationDetails [RemoteIpAddress=127.0.0.1, SessionId=null], Granted Authorities=[USER]]
2024-10-15T18:33:57.855+02:00 TRACE 21980 --- [io-8090-exec-10] o.s.security.web.FilterChainProxy        : Invoking AuthTokenFilter (7/13)
2024-10-15T18:33:57.855+02:00 TRACE 21980 --- [io-8090-exec-10] o.s.security.web.FilterChainProxy        : Invoking RequestCacheAwareFilter (8/13)
2024-10-15T18:33:57.855+02:00 TRACE 21980 --- [io-8090-exec-10] o.s.security.web.FilterChainProxy        : Invoking SecurityContextHolderAwareRequestFilter (9/13)
2024-10-15T18:33:57.855+02:00 TRACE 21980 --- [io-8090-exec-10] o.s.security.web.FilterChainProxy        : Invoking AnonymousAuthenticationFilter (10/13)
2024-10-15T18:33:57.855+02:00 TRACE 21980 --- [io-8090-exec-10] o.s.security.web.FilterChainProxy        : Invoking SessionManagementFilter (11/13)
2024-10-15T18:33:57.855+02:00 TRACE 21980 --- [io-8090-exec-10] o.s.s.w.a.AnonymousAuthenticationFilter  : Did not set SecurityContextHolder since already authenticated JwtAuthenticationToken [Principal=org.springframework.security.oauth2.jwt.Jwt@a01f67cb, Credentials=[PROTECTED], Authenticated=true, Details=no.hvl.dat152.rest.ws.security.UserDetailsImpl@116167db, Granted Authorities=[USER]]
2024-10-15T18:33:57.855+02:00 TRACE 21980 --- [io-8090-exec-10] s.CompositeSessionAuthenticationStrategy : Preparing session with ChangeSessionIdAuthenticationStrategy (1/1)
2024-10-15T18:33:57.855+02:00 TRACE 21980 --- [io-8090-exec-10] o.s.security.web.FilterChainProxy        : Invoking ExceptionTranslationFilter (12/13)
2024-10-15T18:33:57.855+02:00 TRACE 21980 --- [io-8090-exec-10] o.s.security.web.FilterChainProxy        : Invoking AuthorizationFilter (13/13)
2024-10-15T18:33:57.855+02:00 TRACE 21980 --- [io-8090-exec-10] estMatcherDelegatingAuthorizationManager : Authorizing SecurityContextHolderAwareRequestWrapper[ org.springframework.security.web.header.HeaderWriterFilter$HeaderWriterRequest@2fe534fa]
2024-10-15T18:33:57.855+02:00 TRACE 21980 --- [io-8090-exec-10] estMatcherDelegatingAuthorizationManager : Checking authorization on SecurityContextHolderAwareRequestWrapper[ org.springframework.security.web.header.HeaderWriterFilter$HeaderWriterRequest@2fe534fa] using org.springframework.security.authorization.AuthenticatedAuthorizationManager@649ab949
2024-10-15T18:33:57.855+02:00 DEBUG 21980 --- [io-8090-exec-10] o.s.security.web.FilterChainProxy        : Secured GET /elibrary/api/v1/users
2024-10-15T18:33:57.857+02:00 DEBUG 21980 --- [io-8090-exec-10] horizationManagerBeforeMethodInterceptor : Authorizing method invocation ReflectiveMethodInvocation: public org.springframework.http.ResponseEntity no.hvl.dat152.rest.ws.controller.UserController.getUsers(); target is of class [no.hvl.dat152.rest.ws.controller.UserController]
2024-10-15T18:33:57.857+02:00 DEBUG 21980 --- [io-8090-exec-10] horizationManagerBeforeMethodInterceptor : Failed to authorize ReflectiveMethodInvocation: public org.springframework.http.ResponseEntity no.hvl.dat152.rest.ws.controller.UserController.getUsers(); target is of class [no.hvl.dat152.rest.ws.controller.UserController] with authorization manager org.springframework.security.config.annotation.method.configuration.DeferringObservationAuthorizationManager@40f49312 and decision ExpressionAuthorizationDecision [granted=false, expressionAttribute=hasAuthority('ADMIN') or hasAuthority('SUPER_ADMIN')]
2024-10-15T18:33:57.857+02:00 TRACE 21980 --- [io-8090-exec-10] o.s.s.w.a.ExceptionTranslationFilter     : Sending JwtAuthenticationToken [Principal=org.springframework.security.oauth2.jwt.Jwt@a01f67cb, Credentials=[PROTECTED], Authenticated=true, Details=no.hvl.dat152.rest.ws.security.UserDetailsImpl@116167db, Granted Authorities=[USER]] to access denied handler since access is denied

org.springframework.security.access.AccessDeniedException: Access Denied
	at org.springframework.security.authorization.method.AuthorizationManagerBeforeMethodInterceptor.attemptAuthorization(AuthorizationManagerBeforeMethodInterceptor.java:257) ~[spring-security-core-6.1.0.jar:6.1.0]
	at org.springframework.security.authorization.method.AuthorizationManagerBeforeMethodInterceptor.invoke(AuthorizationManagerBeforeMethodInterceptor.java:198) ~[spring-security-core-6.1.0.jar:6.1.0]
	at org.springframework.aop.framework.ReflectiveMethodInvocation.proceed(ReflectiveMethodInvocation.java:184) ~[spring-aop-6.0.9.jar:6.0.9]
	at org.springframework.aop.framework.CglibAopProxy$CglibMethodInvocation.proceed(CglibAopProxy.java:750) ~[spring-aop-6.0.9.jar:6.0.9]
	at org.springframework.aop.framework.CglibAopProxy$DynamicAdvisedInterceptor.intercept(CglibAopProxy.java:702) ~[spring-aop-6.0.9.jar:6.0.9]
	at no.hvl.dat152.rest.ws.controller.UserController$$SpringCGLIB$$0.getUsers(<generated>) ~[classes/:na]
	at java.base/jdk.internal.reflect.DirectMethodHandleAccessor.invoke(DirectMethodHandleAccessor.java:103) ~[na:na]
	at java.base/java.lang.reflect.Method.invoke(Method.java:580) ~[na:na]
	at org.springframework.web.method.support.InvocableHandlerMethod.doInvoke(InvocableHandlerMethod.java:207) ~[spring-web-6.0.9.jar:6.0.9]
	at org.springframework.web.method.support.InvocableHandlerMethod.invokeForRequest(InvocableHandlerMethod.java:152) ~[spring-web-6.0.9.jar:6.0.9]
	at org.springframework.web.servlet.mvc.method.annotation.ServletInvocableHandlerMethod.invokeAndHandle(ServletInvocableHandlerMethod.java:118) ~[spring-webmvc-6.0.9.jar:6.0.9]
	at org.springframework.web.servlet.mvc.method.annotation.RequestMappingHandlerAdapter.invokeHandlerMethod(RequestMappingHandlerAdapter.java:884) ~[spring-webmvc-6.0.9.jar:6.0.9]
	at org.springframework.web.servlet.mvc.method.annotation.RequestMappingHandlerAdapter.handleInternal(RequestMappingHandlerAdapter.java:797) ~[spring-webmvc-6.0.9.jar:6.0.9]
	at org.springframework.web.servlet.mvc.method.AbstractHandlerMethodAdapter.handle(AbstractHandlerMethodAdapter.java:87) ~[spring-webmvc-6.0.9.jar:6.0.9]
	at org.springframework.web.servlet.DispatcherServlet.doDispatch(DispatcherServlet.java:1081) ~[spring-webmvc-6.0.9.jar:6.0.9]
	at org.springframework.web.servlet.DispatcherServlet.doService(DispatcherServlet.java:974) ~[spring-webmvc-6.0.9.jar:6.0.9]
	at org.springframework.web.servlet.FrameworkServlet.processRequest(FrameworkServlet.java:1011) ~[spring-webmvc-6.0.9.jar:6.0.9]
	at org.springframework.web.servlet.FrameworkServlet.doGet(FrameworkServlet.java:903) ~[spring-webmvc-6.0.9.jar:6.0.9]
	at jakarta.servlet.http.HttpServlet.service(HttpServlet.java:564) ~[tomcat-embed-core-10.1.8.jar:6.0]
	at org.springframework.web.servlet.FrameworkServlet.service(FrameworkServlet.java:885) ~[spring-webmvc-6.0.9.jar:6.0.9]
	at jakarta.servlet.http.HttpServlet.service(HttpServlet.java:658) ~[tomcat-embed-core-10.1.8.jar:6.0]
	at org.apache.catalina.core.ApplicationFilterChain.internalDoFilter(ApplicationFilterChain.java:205) ~[tomcat-embed-core-10.1.8.jar:10.1.8]
	at org.apache.catalina.core.ApplicationFilterChain.doFilter(ApplicationFilterChain.java:149) ~[tomcat-embed-core-10.1.8.jar:10.1.8]
	at org.apache.tomcat.websocket.server.WsFilter.doFilter(WsFilter.java:51) ~[tomcat-embed-websocket-10.1.8.jar:10.1.8]
	at org.apache.catalina.core.ApplicationFilterChain.internalDoFilter(ApplicationFilterChain.java:174) ~[tomcat-embed-core-10.1.8.jar:10.1.8]
	at org.apache.catalina.core.ApplicationFilterChain.doFilter(ApplicationFilterChain.java:149) ~[tomcat-embed-core-10.1.8.jar:10.1.8]
	at org.springframework.web.filter.OncePerRequestFilter.doFilter(OncePerRequestFilter.java:110) ~[spring-web-6.0.9.jar:6.0.9]
	at org.apache.catalina.core.ApplicationFilterChain.internalDoFilter(ApplicationFilterChain.java:174) ~[tomcat-embed-core-10.1.8.jar:10.1.8]
	at org.apache.catalina.core.ApplicationFilterChain.doFilter(ApplicationFilterChain.java:149) ~[tomcat-embed-core-10.1.8.jar:10.1.8]
	at org.springframework.security.web.FilterChainProxy.lambda$doFilterInternal$3(FilterChainProxy.java:231) ~[spring-security-web-6.1.0.jar:6.1.0]
	at org.springframework.security.web.FilterChainProxy$VirtualFilterChain.doFilter(FilterChainProxy.java:365) ~[spring-security-web-6.1.0.jar:6.1.0]
	at org.springframework.security.web.access.intercept.AuthorizationFilter.doFilter(AuthorizationFilter.java:100) ~[spring-security-web-6.1.0.jar:6.1.0]
	at org.springframework.security.web.FilterChainProxy$VirtualFilterChain.doFilter(FilterChainProxy.java:374) ~[spring-security-web-6.1.0.jar:6.1.0]
	at org.springframework.security.web.access.ExceptionTranslationFilter.doFilter(ExceptionTranslationFilter.java:126) ~[spring-security-web-6.1.0.jar:6.1.0]
	at org.springframework.security.web.access.ExceptionTranslationFilter.doFilter(ExceptionTranslationFilter.java:120) ~[spring-security-web-6.1.0.jar:6.1.0]
	at org.springframework.security.web.FilterChainProxy$VirtualFilterChain.doFilter(FilterChainProxy.java:374) ~[spring-security-web-6.1.0.jar:6.1.0]
	at org.springframework.security.web.session.SessionManagementFilter.doFilter(SessionManagementFilter.java:131) ~[spring-security-web-6.1.0.jar:6.1.0]
	at org.springframework.security.web.session.SessionManagementFilter.doFilter(SessionManagementFilter.java:85) ~[spring-security-web-6.1.0.jar:6.1.0]
	at org.springframework.security.web.FilterChainProxy$VirtualFilterChain.doFilter(FilterChainProxy.java:374) ~[spring-security-web-6.1.0.jar:6.1.0]
	at org.springframework.security.web.authentication.AnonymousAuthenticationFilter.doFilter(AnonymousAuthenticationFilter.java:100) ~[spring-security-web-6.1.0.jar:6.1.0]
	at org.springframework.security.web.FilterChainProxy$VirtualFilterChain.doFilter(FilterChainProxy.java:374) ~[spring-security-web-6.1.0.jar:6.1.0]
	at org.springframework.security.web.servletapi.SecurityContextHolderAwareRequestFilter.doFilter(SecurityContextHolderAwareRequestFilter.java:179) ~[spring-security-web-6.1.0.jar:6.1.0]
	at org.springframework.security.web.FilterChainProxy$VirtualFilterChain.doFilter(FilterChainProxy.java:374) ~[spring-security-web-6.1.0.jar:6.1.0]
	at org.springframework.security.web.savedrequest.RequestCacheAwareFilter.doFilter(RequestCacheAwareFilter.java:63) ~[spring-security-web-6.1.0.jar:6.1.0]
	at org.springframework.security.web.FilterChainProxy$VirtualFilterChain.doFilter(FilterChainProxy.java:374) ~[spring-security-web-6.1.0.jar:6.1.0]
	at no.hvl.dat152.rest.ws.security.AuthTokenFilter.doFilterInternal(AuthTokenFilter.java:54) ~[classes/:na]
	at org.springframework.web.filter.OncePerRequestFilter.doFilter(OncePerRequestFilter.java:116) ~[spring-web-6.0.9.jar:6.0.9]
	at org.springframework.security.web.FilterChainProxy$VirtualFilterChain.doFilter(FilterChainProxy.java:374) ~[spring-security-web-6.1.0.jar:6.1.0]
	at org.springframework.security.oauth2.server.resource.web.authentication.BearerTokenAuthenticationFilter.doFilterInternal(BearerTokenAuthenticationFilter.java:145) ~[spring-security-oauth2-resource-server-6.1.0.jar:6.1.0]
	at org.springframework.web.filter.OncePerRequestFilter.doFilter(OncePerRequestFilter.java:116) ~[spring-web-6.0.9.jar:6.0.9]
	at org.springframework.security.web.FilterChainProxy$VirtualFilterChain.doFilter(FilterChainProxy.java:374) ~[spring-security-web-6.1.0.jar:6.1.0]
	at org.springframework.security.web.authentication.logout.LogoutFilter.doFilter(LogoutFilter.java:107) ~[spring-security-web-6.1.0.jar:6.1.0]
	at org.springframework.security.web.authentication.logout.LogoutFilter.doFilter(LogoutFilter.java:93) ~[spring-security-web-6.1.0.jar:6.1.0]
	at org.springframework.security.web.FilterChainProxy$VirtualFilterChain.doFilter(FilterChainProxy.java:374) ~[spring-security-web-6.1.0.jar:6.1.0]
	at org.springframework.security.web.header.HeaderWriterFilter.doHeadersAfter(HeaderWriterFilter.java:90) ~[spring-security-web-6.1.0.jar:6.1.0]
	at org.springframework.security.web.header.HeaderWriterFilter.doFilterInternal(HeaderWriterFilter.java:75) ~[spring-security-web-6.1.0.jar:6.1.0]
	at org.springframework.web.filter.OncePerRequestFilter.doFilter(OncePerRequestFilter.java:116) ~[spring-web-6.0.9.jar:6.0.9]
	at org.springframework.security.web.FilterChainProxy$VirtualFilterChain.doFilter(FilterChainProxy.java:374) ~[spring-security-web-6.1.0.jar:6.1.0]
	at org.springframework.security.web.context.SecurityContextHolderFilter.doFilter(SecurityContextHolderFilter.java:82) ~[spring-security-web-6.1.0.jar:6.1.0]
	at org.springframework.security.web.context.SecurityContextHolderFilter.doFilter(SecurityContextHolderFilter.java:69) ~[spring-security-web-6.1.0.jar:6.1.0]
	at org.springframework.security.web.FilterChainProxy$VirtualFilterChain.doFilter(FilterChainProxy.java:374) ~[spring-security-web-6.1.0.jar:6.1.0]
	at org.springframework.security.web.context.request.async.WebAsyncManagerIntegrationFilter.doFilterInternal(WebAsyncManagerIntegrationFilter.java:62) ~[spring-security-web-6.1.0.jar:6.1.0]
	at org.springframework.web.filter.OncePerRequestFilter.doFilter(OncePerRequestFilter.java:116) ~[spring-web-6.0.9.jar:6.0.9]
	at org.springframework.security.web.FilterChainProxy$VirtualFilterChain.doFilter(FilterChainProxy.java:374) ~[spring-security-web-6.1.0.jar:6.1.0]
	at org.springframework.security.web.session.DisableEncodeUrlFilter.doFilterInternal(DisableEncodeUrlFilter.java:42) ~[spring-security-web-6.1.0.jar:6.1.0]
	at org.springframework.web.filter.OncePerRequestFilter.doFilter(OncePerRequestFilter.java:116) ~[spring-web-6.0.9.jar:6.0.9]
	at org.springframework.security.web.FilterChainProxy$VirtualFilterChain.doFilter(FilterChainProxy.java:374) ~[spring-security-web-6.1.0.jar:6.1.0]
	at org.springframework.security.web.FilterChainProxy.doFilterInternal(FilterChainProxy.java:233) ~[spring-security-web-6.1.0.jar:6.1.0]
	at org.springframework.security.web.FilterChainProxy.doFilter(FilterChainProxy.java:191) ~[spring-security-web-6.1.0.jar:6.1.0]
	at org.springframework.web.filter.DelegatingFilterProxy.invokeDelegate(DelegatingFilterProxy.java:352) ~[spring-web-6.0.9.jar:6.0.9]
	at org.springframework.web.filter.DelegatingFilterProxy.doFilter(DelegatingFilterProxy.java:268) ~[spring-web-6.0.9.jar:6.0.9]
	at org.apache.catalina.core.ApplicationFilterChain.internalDoFilter(ApplicationFilterChain.java:174) ~[tomcat-embed-core-10.1.8.jar:10.1.8]
	at org.apache.catalina.core.ApplicationFilterChain.doFilter(ApplicationFilterChain.java:149) ~[tomcat-embed-core-10.1.8.jar:10.1.8]
	at org.springframework.web.filter.RequestContextFilter.doFilterInternal(RequestContextFilter.java:100) ~[spring-web-6.0.9.jar:6.0.9]
	at org.springframework.web.filter.OncePerRequestFilter.doFilter(OncePerRequestFilter.java:116) ~[spring-web-6.0.9.jar:6.0.9]
	at org.apache.catalina.core.ApplicationFilterChain.internalDoFilter(ApplicationFilterChain.java:174) ~[tomcat-embed-core-10.1.8.jar:10.1.8]
	at org.apache.catalina.core.ApplicationFilterChain.doFilter(ApplicationFilterChain.java:149) ~[tomcat-embed-core-10.1.8.jar:10.1.8]
	at org.springframework.web.filter.FormContentFilter.doFilterInternal(FormContentFilter.java:93) ~[spring-web-6.0.9.jar:6.0.9]
	at org.springframework.web.filter.OncePerRequestFilter.doFilter(OncePerRequestFilter.java:116) ~[spring-web-6.0.9.jar:6.0.9]
	at org.apache.catalina.core.ApplicationFilterChain.internalDoFilter(ApplicationFilterChain.java:174) ~[tomcat-embed-core-10.1.8.jar:10.1.8]
	at org.apache.catalina.core.ApplicationFilterChain.doFilter(ApplicationFilterChain.java:149) ~[tomcat-embed-core-10.1.8.jar:10.1.8]
	at org.springframework.web.filter.CharacterEncodingFilter.doFilterInternal(CharacterEncodingFilter.java:201) ~[spring-web-6.0.9.jar:6.0.9]
	at org.springframework.web.filter.OncePerRequestFilter.doFilter(OncePerRequestFilter.java:116) ~[spring-web-6.0.9.jar:6.0.9]
	at org.apache.catalina.core.ApplicationFilterChain.internalDoFilter(ApplicationFilterChain.java:174) ~[tomcat-embed-core-10.1.8.jar:10.1.8]
	at org.apache.catalina.core.ApplicationFilterChain.doFilter(ApplicationFilterChain.java:149) ~[tomcat-embed-core-10.1.8.jar:10.1.8]
	at org.apache.catalina.core.StandardWrapperValve.invoke(StandardWrapperValve.java:166) ~[tomcat-embed-core-10.1.8.jar:10.1.8]
	at org.apache.catalina.core.StandardContextValve.invoke(StandardContextValve.java:90) ~[tomcat-embed-core-10.1.8.jar:10.1.8]
	at org.apache.catalina.authenticator.AuthenticatorBase.invoke(AuthenticatorBase.java:482) ~[tomcat-embed-core-10.1.8.jar:10.1.8]
	at org.apache.catalina.core.StandardHostValve.invoke(StandardHostValve.java:115) ~[tomcat-embed-core-10.1.8.jar:10.1.8]
	at org.apache.catalina.valves.ErrorReportValve.invoke(ErrorReportValve.java:93) ~[tomcat-embed-core-10.1.8.jar:10.1.8]
	at org.apache.catalina.core.StandardEngineValve.invoke(StandardEngineValve.java:74) ~[tomcat-embed-core-10.1.8.jar:10.1.8]
	at org.apache.catalina.connector.CoyoteAdapter.service(CoyoteAdapter.java:341) ~[tomcat-embed-core-10.1.8.jar:10.1.8]
	at org.apache.coyote.http11.Http11Processor.service(Http11Processor.java:390) ~[tomcat-embed-core-10.1.8.jar:10.1.8]
	at org.apache.coyote.AbstractProcessorLight.process(AbstractProcessorLight.java:63) ~[tomcat-embed-core-10.1.8.jar:10.1.8]
	at org.apache.coyote.AbstractProtocol$ConnectionHandler.process(AbstractProtocol.java:894) ~[tomcat-embed-core-10.1.8.jar:10.1.8]
	at org.apache.tomcat.util.net.NioEndpoint$SocketProcessor.doRun(NioEndpoint.java:1741) ~[tomcat-embed-core-10.1.8.jar:10.1.8]
	at org.apache.tomcat.util.net.SocketProcessorBase.run(SocketProcessorBase.java:52) ~[tomcat-embed-core-10.1.8.jar:10.1.8]
	at org.apache.tomcat.util.threads.ThreadPoolExecutor.runWorker(ThreadPoolExecutor.java:1191) ~[tomcat-embed-core-10.1.8.jar:10.1.8]
	at org.apache.tomcat.util.threads.ThreadPoolExecutor$Worker.run(ThreadPoolExecutor.java:659) ~[tomcat-embed-core-10.1.8.jar:10.1.8]
	at org.apache.tomcat.util.threads.TaskThread$WrappingRunnable.run(TaskThread.java:61) ~[tomcat-embed-core-10.1.8.jar:10.1.8]
	at java.base/java.lang.Thread.run(Thread.java:1570) ~[na:na]

2024-10-15T18:33:57.858+02:00 TRACE 21980 --- [io-8090-exec-10] o.s.s.w.header.writers.HstsHeaderWriter  : Not injecting HSTS header since it did not match request to [Is Secure]
]]></system-out>
  </testcase>
  <testcase name="getAllUsers_thenOK" classname="no.hvl.dat152.rest.ws.main.test.TestUser" time="0.029">
    <system-out><![CDATA[2024-10-15T18:33:57.867+02:00 TRACE 21980 --- [nio-8090-exec-6] o.s.security.web.FilterChainProxy        : Trying to match request against DefaultSecurityFilterChain [RequestMatcher=any request, Filters=[org.springframework.security.web.session.DisableEncodeUrlFilter@71702d3f, org.springframework.security.web.context.request.async.WebAsyncManagerIntegrationFilter@6f9d1785, org.springframework.security.web.context.SecurityContextHolderFilter@5498d2a2, org.springframework.security.web.header.HeaderWriterFilter@58477355, org.springframework.security.web.authentication.logout.LogoutFilter@18c2b4c6, org.springframework.security.oauth2.server.resource.web.authentication.BearerTokenAuthenticationFilter@2778f3d1, no.hvl.dat152.rest.ws.security.AuthTokenFilter@7530090a, org.springframework.security.web.savedrequest.RequestCacheAwareFilter@74a121fe, org.springframework.security.web.servletapi.SecurityContextHolderAwareRequestFilter@12639753, org.springframework.security.web.authentication.AnonymousAuthenticationFilter@f9b97dc, org.springframework.security.web.session.SessionManagementFilter@282c3aa0, org.springframework.security.web.access.ExceptionTranslationFilter@4dd11699, org.springframework.security.web.access.intercept.AuthorizationFilter@414a3c7d]] (1/1)
2024-10-15T18:33:57.867+02:00 DEBUG 21980 --- [nio-8090-exec-6] o.s.security.web.FilterChainProxy        : Securing GET /elibrary/api/v1/users
2024-10-15T18:33:57.867+02:00 TRACE 21980 --- [nio-8090-exec-6] o.s.security.web.FilterChainProxy        : Invoking DisableEncodeUrlFilter (1/13)
2024-10-15T18:33:57.867+02:00 TRACE 21980 --- [nio-8090-exec-6] o.s.security.web.FilterChainProxy        : Invoking WebAsyncManagerIntegrationFilter (2/13)
2024-10-15T18:33:57.867+02:00 TRACE 21980 --- [nio-8090-exec-6] o.s.security.web.FilterChainProxy        : Invoking SecurityContextHolderFilter (3/13)
2024-10-15T18:33:57.867+02:00 TRACE 21980 --- [nio-8090-exec-6] o.s.security.web.FilterChainProxy        : Invoking HeaderWriterFilter (4/13)
2024-10-15T18:33:57.867+02:00 TRACE 21980 --- [nio-8090-exec-6] o.s.security.web.FilterChainProxy        : Invoking LogoutFilter (5/13)
2024-10-15T18:33:57.867+02:00 TRACE 21980 --- [nio-8090-exec-6] o.s.s.w.a.logout.LogoutFilter            : Did not match request to Or [Ant [pattern='/logout', GET], Ant [pattern='/logout', POST], Ant [pattern='/logout', PUT], Ant [pattern='/logout', DELETE]]
2024-10-15T18:33:57.867+02:00 TRACE 21980 --- [nio-8090-exec-6] o.s.security.web.FilterChainProxy        : Invoking BearerTokenAuthenticationFilter (6/13)
2024-10-15T18:33:57.867+02:00 TRACE 21980 --- [nio-8090-exec-6] o.s.s.authentication.ProviderManager     : Authenticating request with JwtAuthenticationProvider (1/2)
2024-10-15T18:33:57.868+02:00 DEBUG 21980 --- [nio-8090-exec-6] o.s.s.o.s.r.a.JwtAuthenticationProvider  : Authenticated token
2024-10-15T18:33:57.868+02:00 DEBUG 21980 --- [nio-8090-exec-6] .s.r.w.a.BearerTokenAuthenticationFilter : Set SecurityContextHolder to JwtAuthenticationToken [Principal=org.springframework.security.oauth2.jwt.Jwt@fa4045e5, Credentials=[PROTECTED], Authenticated=true, Details=WebAuthenticationDetails [RemoteIpAddress=127.0.0.1, SessionId=null], Granted Authorities=[ADMIN, USER]]
2024-10-15T18:33:57.868+02:00 TRACE 21980 --- [nio-8090-exec-6] o.s.security.web.FilterChainProxy        : Invoking AuthTokenFilter (7/13)
2024-10-15T18:33:57.868+02:00 TRACE 21980 --- [nio-8090-exec-6] o.s.security.web.FilterChainProxy        : Invoking RequestCacheAwareFilter (8/13)
2024-10-15T18:33:57.868+02:00 TRACE 21980 --- [nio-8090-exec-6] o.s.security.web.FilterChainProxy        : Invoking SecurityContextHolderAwareRequestFilter (9/13)
2024-10-15T18:33:57.868+02:00 TRACE 21980 --- [nio-8090-exec-6] o.s.security.web.FilterChainProxy        : Invoking AnonymousAuthenticationFilter (10/13)
2024-10-15T18:33:57.868+02:00 TRACE 21980 --- [nio-8090-exec-6] o.s.security.web.FilterChainProxy        : Invoking SessionManagementFilter (11/13)
2024-10-15T18:33:57.868+02:00 TRACE 21980 --- [nio-8090-exec-6] o.s.s.w.a.AnonymousAuthenticationFilter  : Did not set SecurityContextHolder since already authenticated JwtAuthenticationToken [Principal=org.springframework.security.oauth2.jwt.Jwt@fa4045e5, Credentials=[PROTECTED], Authenticated=true, Details=no.hvl.dat152.rest.ws.security.UserDetailsImpl@5a5895e1, Granted Authorities=[ADMIN, USER]]
2024-10-15T18:33:57.868+02:00 TRACE 21980 --- [nio-8090-exec-6] s.CompositeSessionAuthenticationStrategy : Preparing session with ChangeSessionIdAuthenticationStrategy (1/1)
2024-10-15T18:33:57.868+02:00 TRACE 21980 --- [nio-8090-exec-6] o.s.security.web.FilterChainProxy        : Invoking ExceptionTranslationFilter (12/13)
2024-10-15T18:33:57.868+02:00 TRACE 21980 --- [nio-8090-exec-6] o.s.security.web.FilterChainProxy        : Invoking AuthorizationFilter (13/13)
2024-10-15T18:33:57.868+02:00 TRACE 21980 --- [nio-8090-exec-6] estMatcherDelegatingAuthorizationManager : Authorizing SecurityContextHolderAwareRequestWrapper[ org.springframework.security.web.header.HeaderWriterFilter$HeaderWriterRequest@611e9960]
2024-10-15T18:33:57.868+02:00 TRACE 21980 --- [nio-8090-exec-6] estMatcherDelegatingAuthorizationManager : Checking authorization on SecurityContextHolderAwareRequestWrapper[ org.springframework.security.web.header.HeaderWriterFilter$HeaderWriterRequest@611e9960] using org.springframework.security.authorization.AuthenticatedAuthorizationManager@649ab949
2024-10-15T18:33:57.868+02:00 DEBUG 21980 --- [nio-8090-exec-6] o.s.security.web.FilterChainProxy        : Secured GET /elibrary/api/v1/users
2024-10-15T18:33:57.869+02:00 DEBUG 21980 --- [nio-8090-exec-6] horizationManagerBeforeMethodInterceptor : Authorizing method invocation ReflectiveMethodInvocation: public org.springframework.http.ResponseEntity no.hvl.dat152.rest.ws.controller.UserController.getUsers(); target is of class [no.hvl.dat152.rest.ws.controller.UserController]
2024-10-15T18:33:57.869+02:00 DEBUG 21980 --- [nio-8090-exec-6] horizationManagerBeforeMethodInterceptor : Authorized method invocation ReflectiveMethodInvocation: public org.springframework.http.ResponseEntity no.hvl.dat152.rest.ws.controller.UserController.getUsers(); target is of class [no.hvl.dat152.rest.ws.controller.UserController]
Hibernate: select u1_0.userid,u1_0.email,u1_0.firstname,u1_0.lastname from users u1_0
Hibernate: select o1_0.user_email,o1_0.user_id,o1_0.id,o1_0.expiry,o1_0.isbn from orders o1_0 where (o1_0.user_email,o1_0.user_id) in((?,?))
Hibernate: select r1_0.user_id,r1_1.id,r1_1.name from user_roles r1_0 join roles r1_1 on r1_1.id=r1_0.role_id where r1_0.user_id=?
Hibernate: select o1_0.user_email,o1_0.user_id,o1_0.id,o1_0.expiry,o1_0.isbn from orders o1_0 where (o1_0.user_email,o1_0.user_id) in((?,?))
Hibernate: select r1_0.user_id,r1_1.id,r1_1.name from user_roles r1_0 join roles r1_1 on r1_1.id=r1_0.role_id where r1_0.user_id=?
Hibernate: select o1_0.user_email,o1_0.user_id,o1_0.id,o1_0.expiry,o1_0.isbn from orders o1_0 where (o1_0.user_email,o1_0.user_id) in((?,?))
Hibernate: select r1_0.user_id,r1_1.id,r1_1.name from user_roles r1_0 join roles r1_1 on r1_1.id=r1_0.role_id where r1_0.user_id=?
2024-10-15T18:33:57.878+02:00 TRACE 21980 --- [nio-8090-exec-6] o.s.s.w.header.writers.HstsHeaderWriter  : Not injecting HSTS header since it did not match request to [Is Secure]
]]></system-out>
  </testcase>
  <testcase name="getOrdersOfUser_thenOK" classname="no.hvl.dat152.rest.ws.main.test.TestUser" time="0.022">
    <system-out><![CDATA[2024-10-15T18:33:57.896+02:00 TRACE 21980 --- [nio-8090-exec-7] o.s.security.web.FilterChainProxy        : Trying to match request against DefaultSecurityFilterChain [RequestMatcher=any request, Filters=[org.springframework.security.web.session.DisableEncodeUrlFilter@71702d3f, org.springframework.security.web.context.request.async.WebAsyncManagerIntegrationFilter@6f9d1785, org.springframework.security.web.context.SecurityContextHolderFilter@5498d2a2, org.springframework.security.web.header.HeaderWriterFilter@58477355, org.springframework.security.web.authentication.logout.LogoutFilter@18c2b4c6, org.springframework.security.oauth2.server.resource.web.authentication.BearerTokenAuthenticationFilter@2778f3d1, no.hvl.dat152.rest.ws.security.AuthTokenFilter@7530090a, org.springframework.security.web.savedrequest.RequestCacheAwareFilter@74a121fe, org.springframework.security.web.servletapi.SecurityContextHolderAwareRequestFilter@12639753, org.springframework.security.web.authentication.AnonymousAuthenticationFilter@f9b97dc, org.springframework.security.web.session.SessionManagementFilter@282c3aa0, org.springframework.security.web.access.ExceptionTranslationFilter@4dd11699, org.springframework.security.web.access.intercept.AuthorizationFilter@414a3c7d]] (1/1)
2024-10-15T18:33:57.896+02:00 DEBUG 21980 --- [nio-8090-exec-7] o.s.security.web.FilterChainProxy        : Securing GET /elibrary/api/v1/users/1/orders
2024-10-15T18:33:57.896+02:00 TRACE 21980 --- [nio-8090-exec-7] o.s.security.web.FilterChainProxy        : Invoking DisableEncodeUrlFilter (1/13)
2024-10-15T18:33:57.896+02:00 TRACE 21980 --- [nio-8090-exec-7] o.s.security.web.FilterChainProxy        : Invoking WebAsyncManagerIntegrationFilter (2/13)
2024-10-15T18:33:57.896+02:00 TRACE 21980 --- [nio-8090-exec-7] o.s.security.web.FilterChainProxy        : Invoking SecurityContextHolderFilter (3/13)
2024-10-15T18:33:57.896+02:00 TRACE 21980 --- [nio-8090-exec-7] o.s.security.web.FilterChainProxy        : Invoking HeaderWriterFilter (4/13)
2024-10-15T18:33:57.896+02:00 TRACE 21980 --- [nio-8090-exec-7] o.s.security.web.FilterChainProxy        : Invoking LogoutFilter (5/13)
2024-10-15T18:33:57.896+02:00 TRACE 21980 --- [nio-8090-exec-7] o.s.s.w.a.logout.LogoutFilter            : Did not match request to Or [Ant [pattern='/logout', GET], Ant [pattern='/logout', POST], Ant [pattern='/logout', PUT], Ant [pattern='/logout', DELETE]]
2024-10-15T18:33:57.896+02:00 TRACE 21980 --- [nio-8090-exec-7] o.s.security.web.FilterChainProxy        : Invoking BearerTokenAuthenticationFilter (6/13)
2024-10-15T18:33:57.896+02:00 TRACE 21980 --- [nio-8090-exec-7] o.s.s.authentication.ProviderManager     : Authenticating request with JwtAuthenticationProvider (1/2)
2024-10-15T18:33:57.897+02:00 DEBUG 21980 --- [nio-8090-exec-7] o.s.s.o.s.r.a.JwtAuthenticationProvider  : Authenticated token
2024-10-15T18:33:57.897+02:00 DEBUG 21980 --- [nio-8090-exec-7] .s.r.w.a.BearerTokenAuthenticationFilter : Set SecurityContextHolder to JwtAuthenticationToken [Principal=org.springframework.security.oauth2.jwt.Jwt@fa4045e5, Credentials=[PROTECTED], Authenticated=true, Details=WebAuthenticationDetails [RemoteIpAddress=127.0.0.1, SessionId=null], Granted Authorities=[ADMIN, USER]]
2024-10-15T18:33:57.897+02:00 TRACE 21980 --- [nio-8090-exec-7] o.s.security.web.FilterChainProxy        : Invoking AuthTokenFilter (7/13)
2024-10-15T18:33:57.897+02:00 TRACE 21980 --- [nio-8090-exec-7] o.s.security.web.FilterChainProxy        : Invoking RequestCacheAwareFilter (8/13)
2024-10-15T18:33:57.897+02:00 TRACE 21980 --- [nio-8090-exec-7] o.s.security.web.FilterChainProxy        : Invoking SecurityContextHolderAwareRequestFilter (9/13)
2024-10-15T18:33:57.897+02:00 TRACE 21980 --- [nio-8090-exec-7] o.s.security.web.FilterChainProxy        : Invoking AnonymousAuthenticationFilter (10/13)
2024-10-15T18:33:57.897+02:00 TRACE 21980 --- [nio-8090-exec-7] o.s.security.web.FilterChainProxy        : Invoking SessionManagementFilter (11/13)
2024-10-15T18:33:57.897+02:00 TRACE 21980 --- [nio-8090-exec-7] o.s.s.w.a.AnonymousAuthenticationFilter  : Did not set SecurityContextHolder since already authenticated JwtAuthenticationToken [Principal=org.springframework.security.oauth2.jwt.Jwt@fa4045e5, Credentials=[PROTECTED], Authenticated=true, Details=no.hvl.dat152.rest.ws.security.UserDetailsImpl@6e32c085, Granted Authorities=[ADMIN, USER]]
2024-10-15T18:33:57.897+02:00 TRACE 21980 --- [nio-8090-exec-7] s.CompositeSessionAuthenticationStrategy : Preparing session with ChangeSessionIdAuthenticationStrategy (1/1)
2024-10-15T18:33:57.897+02:00 TRACE 21980 --- [nio-8090-exec-7] o.s.security.web.FilterChainProxy        : Invoking ExceptionTranslationFilter (12/13)
2024-10-15T18:33:57.897+02:00 TRACE 21980 --- [nio-8090-exec-7] o.s.security.web.FilterChainProxy        : Invoking AuthorizationFilter (13/13)
2024-10-15T18:33:57.897+02:00 TRACE 21980 --- [nio-8090-exec-7] estMatcherDelegatingAuthorizationManager : Authorizing SecurityContextHolderAwareRequestWrapper[ org.springframework.security.web.header.HeaderWriterFilter$HeaderWriterRequest@6db79f7d]
2024-10-15T18:33:57.897+02:00 TRACE 21980 --- [nio-8090-exec-7] estMatcherDelegatingAuthorizationManager : Checking authorization on SecurityContextHolderAwareRequestWrapper[ org.springframework.security.web.header.HeaderWriterFilter$HeaderWriterRequest@6db79f7d] using org.springframework.security.authorization.AuthenticatedAuthorizationManager@649ab949
2024-10-15T18:33:57.897+02:00 DEBUG 21980 --- [nio-8090-exec-7] o.s.security.web.FilterChainProxy        : Secured GET /elibrary/api/v1/users/1/orders
2024-10-15T18:33:57.898+02:00 DEBUG 21980 --- [nio-8090-exec-7] horizationManagerBeforeMethodInterceptor : Authorizing method invocation ReflectiveMethodInvocation: public org.springframework.http.ResponseEntity no.hvl.dat152.rest.ws.controller.UserController.getUserOrders(java.lang.Long) throws no.hvl.dat152.rest.ws.exceptions.UserNotFoundException; target is of class [no.hvl.dat152.rest.ws.controller.UserController]
2024-10-15T18:33:57.898+02:00 DEBUG 21980 --- [nio-8090-exec-7] horizationManagerBeforeMethodInterceptor : Authorized method invocation ReflectiveMethodInvocation: public org.springframework.http.ResponseEntity no.hvl.dat152.rest.ws.controller.UserController.getUserOrders(java.lang.Long) throws no.hvl.dat152.rest.ws.exceptions.UserNotFoundException; target is of class [no.hvl.dat152.rest.ws.controller.UserController]
Hibernate: select u1_0.userid,u1_0.email,u1_0.firstname,u1_0.lastname from users u1_0 where u1_0.userid=?
Hibernate: select o1_0.user_email,o1_0.user_id,o1_0.id,o1_0.expiry,o1_0.isbn from orders o1_0 where (o1_0.user_email,o1_0.user_id) in((?,?))
2024-10-15T18:33:57.902+02:00 TRACE 21980 --- [nio-8090-exec-7] o.s.s.w.header.writers.HstsHeaderWriter  : Not injecting HSTS header since it did not match request to [Is Secure]
]]></system-out>
  </testcase>
  <testcase name="getUserById_thenOK" classname="no.hvl.dat152.rest.ws.main.test.TestUser" time="0.108">
    <system-out><![CDATA[2024-10-15T18:33:57.921+02:00 TRACE 21980 --- [nio-8090-exec-8] o.s.security.web.FilterChainProxy        : Trying to match request against DefaultSecurityFilterChain [RequestMatcher=any request, Filters=[org.springframework.security.web.session.DisableEncodeUrlFilter@71702d3f, org.springframework.security.web.context.request.async.WebAsyncManagerIntegrationFilter@6f9d1785, org.springframework.security.web.context.SecurityContextHolderFilter@5498d2a2, org.springframework.security.web.header.HeaderWriterFilter@58477355, org.springframework.security.web.authentication.logout.LogoutFilter@18c2b4c6, org.springframework.security.oauth2.server.resource.web.authentication.BearerTokenAuthenticationFilter@2778f3d1, no.hvl.dat152.rest.ws.security.AuthTokenFilter@7530090a, org.springframework.security.web.savedrequest.RequestCacheAwareFilter@74a121fe, org.springframework.security.web.servletapi.SecurityContextHolderAwareRequestFilter@12639753, org.springframework.security.web.authentication.AnonymousAuthenticationFilter@f9b97dc, org.springframework.security.web.session.SessionManagementFilter@282c3aa0, org.springframework.security.web.access.ExceptionTranslationFilter@4dd11699, org.springframework.security.web.access.intercept.AuthorizationFilter@414a3c7d]] (1/1)
2024-10-15T18:33:57.921+02:00 DEBUG 21980 --- [nio-8090-exec-8] o.s.security.web.FilterChainProxy        : Securing GET /elibrary/api/v1/users/1
2024-10-15T18:33:57.921+02:00 TRACE 21980 --- [nio-8090-exec-8] o.s.security.web.FilterChainProxy        : Invoking DisableEncodeUrlFilter (1/13)
2024-10-15T18:33:57.921+02:00 TRACE 21980 --- [nio-8090-exec-8] o.s.security.web.FilterChainProxy        : Invoking WebAsyncManagerIntegrationFilter (2/13)
2024-10-15T18:33:57.921+02:00 TRACE 21980 --- [nio-8090-exec-8] o.s.security.web.FilterChainProxy        : Invoking SecurityContextHolderFilter (3/13)
2024-10-15T18:33:57.921+02:00 TRACE 21980 --- [nio-8090-exec-8] o.s.security.web.FilterChainProxy        : Invoking HeaderWriterFilter (4/13)
2024-10-15T18:33:57.921+02:00 TRACE 21980 --- [nio-8090-exec-8] o.s.security.web.FilterChainProxy        : Invoking LogoutFilter (5/13)
2024-10-15T18:33:57.921+02:00 TRACE 21980 --- [nio-8090-exec-8] o.s.s.w.a.logout.LogoutFilter            : Did not match request to Or [Ant [pattern='/logout', GET], Ant [pattern='/logout', POST], Ant [pattern='/logout', PUT], Ant [pattern='/logout', DELETE]]
2024-10-15T18:33:57.921+02:00 TRACE 21980 --- [nio-8090-exec-8] o.s.security.web.FilterChainProxy        : Invoking BearerTokenAuthenticationFilter (6/13)
2024-10-15T18:33:57.921+02:00 TRACE 21980 --- [nio-8090-exec-8] o.s.s.authentication.ProviderManager     : Authenticating request with JwtAuthenticationProvider (1/2)
2024-10-15T18:33:57.922+02:00 DEBUG 21980 --- [nio-8090-exec-8] o.s.s.o.s.r.a.JwtAuthenticationProvider  : Authenticated token
2024-10-15T18:33:57.922+02:00 DEBUG 21980 --- [nio-8090-exec-8] .s.r.w.a.BearerTokenAuthenticationFilter : Set SecurityContextHolder to JwtAuthenticationToken [Principal=org.springframework.security.oauth2.jwt.Jwt@fa4045e5, Credentials=[PROTECTED], Authenticated=true, Details=WebAuthenticationDetails [RemoteIpAddress=127.0.0.1, SessionId=null], Granted Authorities=[ADMIN, USER]]
2024-10-15T18:33:57.922+02:00 TRACE 21980 --- [nio-8090-exec-8] o.s.security.web.FilterChainProxy        : Invoking AuthTokenFilter (7/13)
2024-10-15T18:33:57.922+02:00 TRACE 21980 --- [nio-8090-exec-8] o.s.security.web.FilterChainProxy        : Invoking RequestCacheAwareFilter (8/13)
2024-10-15T18:33:57.922+02:00 TRACE 21980 --- [nio-8090-exec-8] o.s.security.web.FilterChainProxy        : Invoking SecurityContextHolderAwareRequestFilter (9/13)
2024-10-15T18:33:57.922+02:00 TRACE 21980 --- [nio-8090-exec-8] o.s.security.web.FilterChainProxy        : Invoking AnonymousAuthenticationFilter (10/13)
2024-10-15T18:33:57.922+02:00 TRACE 21980 --- [nio-8090-exec-8] o.s.security.web.FilterChainProxy        : Invoking SessionManagementFilter (11/13)
2024-10-15T18:33:57.922+02:00 TRACE 21980 --- [nio-8090-exec-8] o.s.s.w.a.AnonymousAuthenticationFilter  : Did not set SecurityContextHolder since already authenticated JwtAuthenticationToken [Principal=org.springframework.security.oauth2.jwt.Jwt@fa4045e5, Credentials=[PROTECTED], Authenticated=true, Details=no.hvl.dat152.rest.ws.security.UserDetailsImpl@76247c38, Granted Authorities=[ADMIN, USER]]
2024-10-15T18:33:57.922+02:00 TRACE 21980 --- [nio-8090-exec-8] s.CompositeSessionAuthenticationStrategy : Preparing session with ChangeSessionIdAuthenticationStrategy (1/1)
2024-10-15T18:33:57.922+02:00 TRACE 21980 --- [nio-8090-exec-8] o.s.security.web.FilterChainProxy        : Invoking ExceptionTranslationFilter (12/13)
2024-10-15T18:33:57.922+02:00 TRACE 21980 --- [nio-8090-exec-8] o.s.security.web.FilterChainProxy        : Invoking AuthorizationFilter (13/13)
2024-10-15T18:33:57.922+02:00 TRACE 21980 --- [nio-8090-exec-8] estMatcherDelegatingAuthorizationManager : Authorizing SecurityContextHolderAwareRequestWrapper[ org.springframework.security.web.header.HeaderWriterFilter$HeaderWriterRequest@edf5277]
2024-10-15T18:33:57.922+02:00 TRACE 21980 --- [nio-8090-exec-8] estMatcherDelegatingAuthorizationManager : Checking authorization on SecurityContextHolderAwareRequestWrapper[ org.springframework.security.web.header.HeaderWriterFilter$HeaderWriterRequest@edf5277] using org.springframework.security.authorization.AuthenticatedAuthorizationManager@649ab949
2024-10-15T18:33:57.922+02:00 DEBUG 21980 --- [nio-8090-exec-8] o.s.security.web.FilterChainProxy        : Secured GET /elibrary/api/v1/users/1
2024-10-15T18:33:57.923+02:00 DEBUG 21980 --- [nio-8090-exec-8] horizationManagerBeforeMethodInterceptor : Authorizing method invocation ReflectiveMethodInvocation: public org.springframework.http.ResponseEntity no.hvl.dat152.rest.ws.controller.UserController.getUser(java.lang.Long) throws no.hvl.dat152.rest.ws.exceptions.UserNotFoundException,no.hvl.dat152.rest.ws.exceptions.OrderNotFoundException; target is of class [no.hvl.dat152.rest.ws.controller.UserController]
2024-10-15T18:33:57.923+02:00 DEBUG 21980 --- [nio-8090-exec-8] horizationManagerBeforeMethodInterceptor : Authorized method invocation ReflectiveMethodInvocation: public org.springframework.http.ResponseEntity no.hvl.dat152.rest.ws.controller.UserController.getUser(java.lang.Long) throws no.hvl.dat152.rest.ws.exceptions.UserNotFoundException,no.hvl.dat152.rest.ws.exceptions.OrderNotFoundException; target is of class [no.hvl.dat152.rest.ws.controller.UserController]
Hibernate: select u1_0.userid,u1_0.email,u1_0.firstname,u1_0.lastname from users u1_0 where u1_0.userid=?
Hibernate: select o1_0.user_email,o1_0.user_id,o1_0.id,o1_0.expiry,o1_0.isbn from orders o1_0 where (o1_0.user_email,o1_0.user_id) in((?,?))
Hibernate: select r1_0.user_id,r1_1.id,r1_1.name from user_roles r1_0 join roles r1_1 on r1_1.id=r1_0.role_id where r1_0.user_id=?
2024-10-15T18:33:58.011+02:00 TRACE 21980 --- [nio-8090-exec-8] o.s.s.w.header.writers.HstsHeaderWriter  : Not injecting HSTS header since it did not match request to [Is Secure]
]]></system-out>
  </testcase>
  <testcase name="deleteUserById_thenOK" classname="no.hvl.dat152.rest.ws.main.test.TestUser" time="0.026">
    <system-out><![CDATA[2024-10-15T18:33:58.028+02:00 TRACE 21980 --- [nio-8090-exec-9] o.s.security.web.FilterChainProxy        : Trying to match request against DefaultSecurityFilterChain [RequestMatcher=any request, Filters=[org.springframework.security.web.session.DisableEncodeUrlFilter@71702d3f, org.springframework.security.web.context.request.async.WebAsyncManagerIntegrationFilter@6f9d1785, org.springframework.security.web.context.SecurityContextHolderFilter@5498d2a2, org.springframework.security.web.header.HeaderWriterFilter@58477355, org.springframework.security.web.authentication.logout.LogoutFilter@18c2b4c6, org.springframework.security.oauth2.server.resource.web.authentication.BearerTokenAuthenticationFilter@2778f3d1, no.hvl.dat152.rest.ws.security.AuthTokenFilter@7530090a, org.springframework.security.web.savedrequest.RequestCacheAwareFilter@74a121fe, org.springframework.security.web.servletapi.SecurityContextHolderAwareRequestFilter@12639753, org.springframework.security.web.authentication.AnonymousAuthenticationFilter@f9b97dc, org.springframework.security.web.session.SessionManagementFilter@282c3aa0, org.springframework.security.web.access.ExceptionTranslationFilter@4dd11699, org.springframework.security.web.access.intercept.AuthorizationFilter@414a3c7d]] (1/1)
2024-10-15T18:33:58.028+02:00 DEBUG 21980 --- [nio-8090-exec-9] o.s.security.web.FilterChainProxy        : Securing DELETE /elibrary/api/v1/users/1
2024-10-15T18:33:58.028+02:00 TRACE 21980 --- [nio-8090-exec-9] o.s.security.web.FilterChainProxy        : Invoking DisableEncodeUrlFilter (1/13)
2024-10-15T18:33:58.028+02:00 TRACE 21980 --- [nio-8090-exec-9] o.s.security.web.FilterChainProxy        : Invoking WebAsyncManagerIntegrationFilter (2/13)
2024-10-15T18:33:58.028+02:00 TRACE 21980 --- [nio-8090-exec-9] o.s.security.web.FilterChainProxy        : Invoking SecurityContextHolderFilter (3/13)
2024-10-15T18:33:58.028+02:00 TRACE 21980 --- [nio-8090-exec-9] o.s.security.web.FilterChainProxy        : Invoking HeaderWriterFilter (4/13)
2024-10-15T18:33:58.028+02:00 TRACE 21980 --- [nio-8090-exec-9] o.s.security.web.FilterChainProxy        : Invoking LogoutFilter (5/13)
2024-10-15T18:33:58.028+02:00 TRACE 21980 --- [nio-8090-exec-9] o.s.s.w.a.logout.LogoutFilter            : Did not match request to Or [Ant [pattern='/logout', GET], Ant [pattern='/logout', POST], Ant [pattern='/logout', PUT], Ant [pattern='/logout', DELETE]]
2024-10-15T18:33:58.028+02:00 TRACE 21980 --- [nio-8090-exec-9] o.s.security.web.FilterChainProxy        : Invoking BearerTokenAuthenticationFilter (6/13)
2024-10-15T18:33:58.028+02:00 TRACE 21980 --- [nio-8090-exec-9] o.s.s.authentication.ProviderManager     : Authenticating request with JwtAuthenticationProvider (1/2)
2024-10-15T18:33:58.029+02:00 DEBUG 21980 --- [nio-8090-exec-9] o.s.s.o.s.r.a.JwtAuthenticationProvider  : Authenticated token
2024-10-15T18:33:58.029+02:00 DEBUG 21980 --- [nio-8090-exec-9] .s.r.w.a.BearerTokenAuthenticationFilter : Set SecurityContextHolder to JwtAuthenticationToken [Principal=org.springframework.security.oauth2.jwt.Jwt@fa4045e5, Credentials=[PROTECTED], Authenticated=true, Details=WebAuthenticationDetails [RemoteIpAddress=127.0.0.1, SessionId=null], Granted Authorities=[ADMIN, USER]]
2024-10-15T18:33:58.029+02:00 TRACE 21980 --- [nio-8090-exec-9] o.s.security.web.FilterChainProxy        : Invoking AuthTokenFilter (7/13)
2024-10-15T18:33:58.029+02:00 TRACE 21980 --- [nio-8090-exec-9] o.s.security.web.FilterChainProxy        : Invoking RequestCacheAwareFilter (8/13)
2024-10-15T18:33:58.029+02:00 TRACE 21980 --- [nio-8090-exec-9] o.s.security.web.FilterChainProxy        : Invoking SecurityContextHolderAwareRequestFilter (9/13)
2024-10-15T18:33:58.029+02:00 TRACE 21980 --- [nio-8090-exec-9] o.s.security.web.FilterChainProxy        : Invoking AnonymousAuthenticationFilter (10/13)
2024-10-15T18:33:58.029+02:00 TRACE 21980 --- [nio-8090-exec-9] o.s.security.web.FilterChainProxy        : Invoking SessionManagementFilter (11/13)
2024-10-15T18:33:58.029+02:00 TRACE 21980 --- [nio-8090-exec-9] o.s.s.w.a.AnonymousAuthenticationFilter  : Did not set SecurityContextHolder since already authenticated JwtAuthenticationToken [Principal=org.springframework.security.oauth2.jwt.Jwt@fa4045e5, Credentials=[PROTECTED], Authenticated=true, Details=no.hvl.dat152.rest.ws.security.UserDetailsImpl@77a2906, Granted Authorities=[ADMIN, USER]]
2024-10-15T18:33:58.029+02:00 TRACE 21980 --- [nio-8090-exec-9] s.CompositeSessionAuthenticationStrategy : Preparing session with ChangeSessionIdAuthenticationStrategy (1/1)
2024-10-15T18:33:58.029+02:00 TRACE 21980 --- [nio-8090-exec-9] o.s.security.web.FilterChainProxy        : Invoking ExceptionTranslationFilter (12/13)
2024-10-15T18:33:58.029+02:00 TRACE 21980 --- [nio-8090-exec-9] o.s.security.web.FilterChainProxy        : Invoking AuthorizationFilter (13/13)
2024-10-15T18:33:58.029+02:00 TRACE 21980 --- [nio-8090-exec-9] estMatcherDelegatingAuthorizationManager : Authorizing SecurityContextHolderAwareRequestWrapper[ org.springframework.security.web.header.HeaderWriterFilter$HeaderWriterRequest@54fafd5c]
[...]
2024-10-15T18:33:58.052+02:00 TRACE 21980 --- [io-8090-exec-11] o.s.security.web.FilterChainProxy        : Invoking BearerTokenAuthenticationFilter (6/13)
2024-10-15T18:33:58.052+02:00 TRACE 21980 --- [io-8090-exec-11] o.s.s.authentication.ProviderManager     : Authenticating request with JwtAuthenticationProvider (1/2)
2024-10-15T18:33:58.053+02:00 DEBUG 21980 --- [io-8090-exec-11] o.s.s.o.s.r.a.JwtAuthenticationProvider  : Authenticated token
2024-10-15T18:33:58.053+02:00 DEBUG 21980 --- [io-8090-exec-11] .s.r.w.a.BearerTokenAuthenticationFilter : Set SecurityContextHolder to JwtAuthenticationToken [Principal=org.springframework.security.oauth2.jwt.Jwt@a01f67cb, Credentials=[PROTECTED], Authenticated=true, Details=WebAuthenticationDetails [RemoteIpAddress=127.0.0.1, SessionId=null], Granted Authorities=[USER]]
2024-10-15T18:33:58.053+02:00 TRACE 21980 --- [io-8090-exec-11] o.s.security.web.FilterChainProxy        : Invoking AuthTokenFilter (7/13)
2024-10-15T18:33:58.053+02:00 TRACE 21980 --- [io-8090-exec-11] o.s.security.web.FilterChainProxy        : Invoking RequestCacheAwareFilter (8/13)
2024-10-15T18:33:58.053+02:00 TRACE 21980 --- [io-8090-exec-11] o.s.security.web.FilterChainProxy        : Invoking SecurityContextHolderAwareRequestFilter (9/13)
2024-10-15T18:33:58.053+02:00 TRACE 21980 --- [io-8090-exec-11] o.s.security.web.FilterChainProxy        : Invoking AnonymousAuthenticationFilter (10/13)
2024-10-15T18:33:58.053+02:00 TRACE 21980 --- [io-8090-exec-11] o.s.security.web.FilterChainProxy        : Invoking SessionManagementFilter (11/13)
2024-10-15T18:33:58.053+02:00 TRACE 21980 --- [io-8090-exec-11] o.s.s.w.a.AnonymousAuthenticationFilter  : Did not set SecurityContextHolder since already authenticated JwtAuthenticationToken [Principal=org.springframework.security.oauth2.jwt.Jwt@a01f67cb, Credentials=[PROTECTED], Authenticated=true, Details=no.hvl.dat152.rest.ws.security.UserDetailsImpl@743fe4ca, Granted Authorities=[USER]]
2024-10-15T18:33:58.053+02:00 TRACE 21980 --- [io-8090-exec-11] s.CompositeSessionAuthenticationStrategy : Preparing session with ChangeSessionIdAuthenticationStrategy (1/1)
2024-10-15T18:33:58.053+02:00 TRACE 21980 --- [io-8090-exec-11] o.s.security.web.FilterChainProxy        : Invoking ExceptionTranslationFilter (12/13)
2024-10-15T18:33:58.053+02:00 TRACE 21980 --- [io-8090-exec-11] o.s.security.web.FilterChainProxy        : Invoking AuthorizationFilter (13/13)
2024-10-15T18:33:58.053+02:00 TRACE 21980 --- [io-8090-exec-11] estMatcherDelegatingAuthorizationManager : Authorizing SecurityContextHolderAwareRequestWrapper[ org.springframework.security.web.header.HeaderWriterFilter$HeaderWriterRequest@7af8143d]
2024-10-15T18:33:58.053+02:00 TRACE 21980 --- [io-8090-exec-11] estMatcherDelegatingAuthorizationManager : Checking authorization on SecurityContextHolderAwareRequestWrapper[ org.springframework.security.web.header.HeaderWriterFilter$HeaderWriterRequest@7af8143d] using org.springframework.security.authorization.AuthenticatedAuthorizationManager@649ab949
2024-10-15T18:33:58.053+02:00 DEBUG 21980 --- [io-8090-exec-11] o.s.security.web.FilterChainProxy        : Secured DELETE /elibrary/api/v1/users/2/orders/3
2024-10-15T18:33:58.054+02:00 DEBUG 21980 --- [io-8090-exec-11] horizationManagerBeforeMethodInterceptor : Authorizing method invocation ReflectiveMethodInvocation: public org.springframework.http.ResponseEntity no.hvl.dat152.rest.ws.controller.UserController.deleteUserOrder(java.lang.Long,java.lang.Long) throws no.hvl.dat152.rest.ws.exceptions.UserNotFoundException,no.hvl.dat152.rest.ws.exceptions.OrderNotFoundException; target is of class [no.hvl.dat152.rest.ws.controller.UserController]
2024-10-15T18:33:58.055+02:00 DEBUG 21980 --- [io-8090-exec-11] horizationManagerBeforeMethodInterceptor : Authorized method invocation ReflectiveMethodInvocation: public org.springframework.http.ResponseEntity no.hvl.dat152.rest.ws.controller.UserController.deleteUserOrder(java.lang.Long,java.lang.Long) throws no.hvl.dat152.rest.ws.exceptions.UserNotFoundException,no.hvl.dat152.rest.ws.exceptions.OrderNotFoundException; target is of class [no.hvl.dat152.rest.ws.controller.UserController]
Hibernate: select u1_0.userid,u1_0.email,u1_0.firstname,u1_0.lastname from users u1_0 where u1_0.userid=?
Hibernate: select o1_0.user_email,o1_0.user_id,o1_0.id,o1_0.expiry,o1_0.isbn from orders o1_0 where (o1_0.user_email,o1_0.user_id) in((?,?))
2024-10-15T18:33:58.057+02:00 TRACE 21980 --- [io-8090-exec-11] o.s.s.w.header.writers.HstsHeaderWriter  : Not injecting HSTS header since it did not match request to [Is Secure]
]]></system-out>
  </testcase>
  <testcase name="createOrderForUser_thenOK" classname="no.hvl.dat152.rest.ws.main.test.TestUser" time="0.041">
    <error message="Cannot invoke &quot;java.util.List.contains(Object)&quot; because &quot;isbns&quot; is null" type="java.lang.NullPointerException"><![CDATA[java.lang.NullPointerException: Cannot invoke "java.util.List.contains(Object)" because "isbns" is null
	at no.hvl.dat152.rest.ws.main.test.TestUser.createOrderForUser_thenOK(TestUser.java:93)
	at java.base/jdk.internal.reflect.DirectMethodHandleAccessor.invoke(DirectMethodHandleAccessor.java:103)
	at java.base/java.lang.reflect.Method.invoke(Method.java:580)
	at org.junit.platform.commons.util.ReflectionUtils.invokeMethod(ReflectionUtils.java:727)
	at org.junit.jupiter.engine.execution.MethodInvocation.proceed(MethodInvocation.java:60)
	at org.junit.jupiter.engine.execution.InvocationInterceptorChain$ValidatingInvocation.proceed(InvocationInterceptorChain.java:131)
	at org.junit.jupiter.engine.extension.TimeoutExtension.intercept(TimeoutExtension.java:156)
	at org.junit.jupiter.engine.extension.TimeoutExtension.interceptTestableMethod(TimeoutExtension.java:147)
	at org.junit.jupiter.engine.extension.TimeoutExtension.interceptTestMethod(TimeoutExtension.java:86)
	at org.junit.jupiter.engine.execution.InterceptingExecutableInvoker$ReflectiveInterceptorCall.lambda$ofVoidMethod$0(InterceptingExecutableInvoker.java:103)
	at org.junit.jupiter.engine.execution.InterceptingExecutableInvoker.lambda$invoke$0(InterceptingExecutableInvoker.java:93)
	at org.junit.jupiter.engine.execution.InvocationInterceptorChain$InterceptedInvocation.proceed(InvocationInterceptorChain.java:106)
	at org.junit.jupiter.engine.execution.InvocationInterceptorChain.proceed(InvocationInterceptorChain.java:64)
	at org.junit.jupiter.engine.execution.InvocationInterceptorChain.chainAndInvoke(InvocationInterceptorChain.java:45)
	at org.junit.jupiter.engine.execution.InvocationInterceptorChain.invoke(InvocationInterceptorChain.java:37)
	at org.junit.jupiter.engine.execution.InterceptingExecutableInvoker.invoke(InterceptingExecutableInvoker.java:92)
	at org.junit.jupiter.engine.execution.InterceptingExecutableInvoker.invoke(InterceptingExecutableInvoker.java:86)
	at org.junit.jupiter.engine.descriptor.TestMethodTestDescriptor.lambda$invokeTestMethod$7(TestMethodTestDescriptor.java:217)
	at org.junit.platform.engine.support.hierarchical.ThrowableCollector.execute(ThrowableCollector.java:73)
	at org.junit.jupiter.engine.descriptor.TestMethodTestDescriptor.invokeTestMethod(TestMethodTestDescriptor.java:213)
	at org.junit.jupiter.engine.descriptor.TestMethodTestDescriptor.execute(TestMethodTestDescriptor.java:138)
	at org.junit.jupiter.engine.descriptor.TestMethodTestDescriptor.execute(TestMethodTestDescriptor.java:68)
	at org.junit.platform.engine.support.hierarchical.NodeTestTask.lambda$executeRecursively$6(NodeTestTask.java:151)
	at org.junit.platform.engine.support.hierarchical.ThrowableCollector.execute(ThrowableCollector.java:73)
	at org.junit.platform.engine.support.hierarchical.NodeTestTask.lambda$executeRecursively$8(NodeTestTask.java:141)
	at org.junit.platform.engine.support.hierarchical.Node.around(Node.java:137)
	at org.junit.platform.engine.support.hierarchical.NodeTestTask.lambda$executeRecursively$9(NodeTestTask.java:139)
	at org.junit.platform.engine.support.hierarchical.ThrowableCollector.execute(ThrowableCollector.java:73)
	at org.junit.platform.engine.support.hierarchical.NodeTestTask.executeRecursively(NodeTestTask.java:138)
	at org.junit.platform.engine.support.hierarchical.NodeTestTask.execute(NodeTestTask.java:95)
	at java.base/java.util.ArrayList.forEach(ArrayList.java:1597)
	at org.junit.platform.engine.support.hierarchical.SameThreadHierarchicalTestExecutorService.invokeAll(SameThreadHierarchicalTestExecutorService.java:41)
	at org.junit.platform.engine.support.hierarchical.NodeTestTask.lambda$executeRecursively$6(NodeTestTask.java:155)
	at org.junit.platform.engine.support.hierarchical.ThrowableCollector.execute(ThrowableCollector.java:73)
	at org.junit.platform.engine.support.hierarchical.NodeTestTask.lambda$executeRecursively$8(NodeTestTask.java:141)
	at org.junit.platform.engine.support.hierarchical.Node.around(Node.java:137)
	at org.junit.platform.engine.support.hierarchical.NodeTestTask.lambda$executeRecursively$9(NodeTestTask.java:139)
	at org.junit.platform.engine.support.hierarchical.ThrowableCollector.execute(ThrowableCollector.java:73)
	at org.junit.platform.engine.support.hierarchical.NodeTestTask.executeRecursively(NodeTestTask.java:138)
	at org.junit.platform.engine.support.hierarchical.NodeTestTask.execute(NodeTestTask.java:95)
	at java.base/java.util.ArrayList.forEach(ArrayList.java:1597)
	at org.junit.platform.engine.support.hierarchical.SameThreadHierarchicalTestExecutorService.invokeAll(SameThreadHierarchicalTestExecutorService.java:41)
	at org.junit.platform.engine.support.hierarchical.NodeTestTask.lambda$executeRecursively$6(NodeTestTask.java:155)
	at org.junit.platform.engine.support.hierarchical.ThrowableCollector.execute(ThrowableCollector.java:73)
	at org.junit.platform.engine.support.hierarchical.NodeTestTask.lambda$executeRecursively$8(NodeTestTask.java:141)
	at org.junit.platform.engine.support.hierarchical.Node.around(Node.java:137)
	at org.junit.platform.engine.support.hierarchical.NodeTestTask.lambda$executeRecursively$9(NodeTestTask.java:139)
	at org.junit.platform.engine.support.hierarchical.ThrowableCollector.execute(ThrowableCollector.java:73)
	at org.junit.platform.engine.support.hierarchical.NodeTestTask.executeRecursively(NodeTestTask.java:138)
	at org.junit.platform.engine.support.hierarchical.NodeTestTask.execute(NodeTestTask.java:95)
	at org.junit.platform.engine.support.hierarchical.SameThreadHierarchicalTestExecutorService.submit(SameThreadHierarchicalTestExecutorService.java:35)
	at org.junit.platform.engine.support.hierarchical.HierarchicalTestExecutor.execute(HierarchicalTestExecutor.java:57)
	at org.junit.platform.engine.support.hierarchical.HierarchicalTestEngine.execute(HierarchicalTestEngine.java:54)
	at org.junit.platform.launcher.core.EngineExecutionOrchestrator.execute(EngineExecutionOrchestrator.java:147)
	at org.junit.platform.launcher.core.EngineExecutionOrchestrator.execute(EngineExecutionOrchestrator.java:127)
	at org.junit.platform.launcher.core.EngineExecutionOrchestrator.execute(EngineExecutionOrchestrator.java:90)
	at org.junit.platform.launcher.core.EngineExecutionOrchestrator.lambda$execute$0(EngineExecutionOrchestrator.java:55)
	at org.junit.platform.launcher.core.EngineExecutionOrchestrator.withInterceptedStreams(EngineExecutionOrchestrator.java:102)
	at org.junit.platform.launcher.core.EngineExecutionOrchestrator.execute(EngineExecutionOrchestrator.java:54)
	at org.junit.platform.launcher.core.DefaultLauncher.execute(DefaultLauncher.java:114)
	at org.junit.platform.launcher.core.DefaultLauncher.execute(DefaultLauncher.java:86)
	at org.junit.platform.launcher.core.DefaultLauncherSession$DelegatingLauncher.execute(DefaultLauncherSession.java:86)
	at org.apache.maven.surefire.junitplatform.LazyLauncher.execute(LazyLauncher.java:50)
	at org.apache.maven.surefire.junitplatform.JUnitPlatformProvider.execute(JUnitPlatformProvider.java:184)
	at org.apache.maven.surefire.junitplatform.JUnitPlatformProvider.invokeAllTests(JUnitPlatformProvider.java:148)
	at org.apache.maven.surefire.junitplatform.JUnitPlatformProvider.invoke(JUnitPlatformProvider.java:122)
	at org.apache.maven.surefire.booter.ForkedBooter.runSuitesInProcess(ForkedBooter.java:385)
	at org.apache.maven.surefire.booter.ForkedBooter.execute(ForkedBooter.java:162)
	at org.apache.maven.surefire.booter.ForkedBooter.run(ForkedBooter.java:507)
	at org.apache.maven.surefire.booter.ForkedBooter.main(ForkedBooter.java:495)
]]></error>
    <system-out><![CDATA[2024-10-15T18:33:58.066+02:00 TRACE 21980 --- [nio-8090-exec-5] o.s.security.web.FilterChainProxy        : Trying to match request against DefaultSecurityFilterChain [RequestMatcher=any request, Filters=[org.springframework.security.web.session.DisableEncodeUrlFilter@71702d3f, org.springframework.security.web.context.request.async.WebAsyncManagerIntegrationFilter@6f9d1785, org.springframework.security.web.context.SecurityContextHolderFilter@5498d2a2, org.springframework.security.web.header.HeaderWriterFilter@58477355, org.springframework.security.web.authentication.logout.LogoutFilter@18c2b4c6, org.springframework.security.oauth2.server.resource.web.authentication.BearerTokenAuthenticationFilter@2778f3d1, no.hvl.dat152.rest.ws.security.AuthTokenFilter@7530090a, org.springframework.security.web.savedrequest.RequestCacheAwareFilter@74a121fe, org.springframework.security.web.servletapi.SecurityContextHolderAwareRequestFilter@12639753, org.springframework.security.web.authentication.AnonymousAuthenticationFilter@f9b97dc, org.springframework.security.web.session.SessionManagementFilter@282c3aa0, org.springframework.security.web.access.ExceptionTranslationFilter@4dd11699, org.springframework.security.web.access.intercept.AuthorizationFilter@414a3c7d]] (1/1)
2024-10-15T18:33:58.067+02:00 DEBUG 21980 --- [nio-8090-exec-5] o.s.security.web.FilterChainProxy        : Securing POST /elibrary/api/v1/users/2/orders
2024-10-15T18:33:58.067+02:00 TRACE 21980 --- [nio-8090-exec-5] o.s.security.web.FilterChainProxy        : Invoking DisableEncodeUrlFilter (1/13)
2024-10-15T18:33:58.067+02:00 TRACE 21980 --- [nio-8090-exec-5] o.s.security.web.FilterChainProxy        : Invoking WebAsyncManagerIntegrationFilter (2/13)
2024-10-15T18:33:58.067+02:00 TRACE 21980 --- [nio-8090-exec-5] o.s.security.web.FilterChainProxy        : Invoking SecurityContextHolderFilter (3/13)
2024-10-15T18:33:58.067+02:00 TRACE 21980 --- [nio-8090-exec-5] o.s.security.web.FilterChainProxy        : Invoking HeaderWriterFilter (4/13)
2024-10-15T18:33:58.067+02:00 TRACE 21980 --- [nio-8090-exec-5] o.s.security.web.FilterChainProxy        : Invoking LogoutFilter (5/13)
2024-10-15T18:33:58.067+02:00 TRACE 21980 --- [nio-8090-exec-5] o.s.s.w.a.logout.LogoutFilter            : Did not match request to Or [Ant [pattern='/logout', GET], Ant [pattern='/logout', POST], Ant [pattern='/logout', PUT], Ant [pattern='/logout', DELETE]]
2024-10-15T18:33:58.067+02:00 TRACE 21980 --- [nio-8090-exec-5] o.s.security.web.FilterChainProxy        : Invoking BearerTokenAuthenticationFilter (6/13)
2024-10-15T18:33:58.067+02:00 TRACE 21980 --- [nio-8090-exec-5] o.s.s.authentication.ProviderManager     : Authenticating request with JwtAuthenticationProvider (1/2)
2024-10-15T18:33:58.068+02:00 DEBUG 21980 --- [nio-8090-exec-5] o.s.s.o.s.r.a.JwtAuthenticationProvider  : Authenticated token
2024-10-15T18:33:58.068+02:00 DEBUG 21980 --- [nio-8090-exec-5] .s.r.w.a.BearerTokenAuthenticationFilter : Set SecurityContextHolder to JwtAuthenticationToken [Principal=org.springframework.security.oauth2.jwt.Jwt@fa4045e5, Credentials=[PROTECTED], Authenticated=true, Details=WebAuthenticationDetails [RemoteIpAddress=127.0.0.1, SessionId=null], Granted Authorities=[ADMIN, USER]]
2024-10-15T18:33:58.068+02:00 TRACE 21980 --- [nio-8090-exec-5] o.s.security.web.FilterChainProxy        : Invoking AuthTokenFilter (7/13)
2024-10-15T18:33:58.068+02:00 TRACE 21980 --- [nio-8090-exec-5] o.s.security.web.FilterChainProxy        : Invoking RequestCacheAwareFilter (8/13)
2024-10-15T18:33:58.068+02:00 TRACE 21980 --- [nio-8090-exec-5] o.s.security.web.FilterChainProxy        : Invoking SecurityContextHolderAwareRequestFilter (9/13)
2024-10-15T18:33:58.068+02:00 TRACE 21980 --- [nio-8090-exec-5] o.s.security.web.FilterChainProxy        : Invoking AnonymousAuthenticationFilter (10/13)
2024-10-15T18:33:58.068+02:00 TRACE 21980 --- [nio-8090-exec-5] o.s.security.web.FilterChainProxy        : Invoking SessionManagementFilter (11/13)
2024-10-15T18:33:58.068+02:00 TRACE 21980 --- [nio-8090-exec-5] o.s.s.w.a.AnonymousAuthenticationFilter  : Did not set SecurityContextHolder since already authenticated JwtAuthenticationToken [Principal=org.springframework.security.oauth2.jwt.Jwt@fa4045e5, Credentials=[PROTECTED], Authenticated=true, Details=no.hvl.dat152.rest.ws.security.UserDetailsImpl@2e64f78b, Granted Authorities=[ADMIN, USER]]
2024-10-15T18:33:58.068+02:00 TRACE 21980 --- [nio-8090-exec-5] s.CompositeSessionAuthenticationStrategy : Preparing session with ChangeSessionIdAuthenticationStrategy (1/1)
2024-10-15T18:33:58.068+02:00 TRACE 21980 --- [nio-8090-exec-5] o.s.security.web.FilterChainProxy        : Invoking ExceptionTranslationFilter (12/13)
2024-10-15T18:33:58.068+02:00 TRACE 21980 --- [nio-8090-exec-5] o.s.security.web.FilterChainProxy        : Invoking AuthorizationFilter (13/13)
2024-10-15T18:33:58.068+02:00 TRACE 21980 --- [nio-8090-exec-5] estMatcherDelegatingAuthorizationManager : Authorizing SecurityContextHolderAwareRequestWrapper[ org.springframework.security.web.header.HeaderWriterFilter$HeaderWriterRequest@26f6c1d7]
2024-10-15T18:33:58.068+02:00 TRACE 21980 --- [nio-8090-exec-5] estMatcherDelegatingAuthorizationManager : Checking authorization on SecurityContextHolderAwareRequestWrapper[ org.springframework.security.web.header.HeaderWriterFilter$HeaderWriterRequest@26f6c1d7] using org.springframework.security.authorization.AuthenticatedAuthorizationManager@649ab949
2024-10-15T18:33:58.068+02:00 DEBUG 21980 --- [nio-8090-exec-5] o.s.security.web.FilterChainProxy        : Secured POST /elibrary/api/v1/users/2/orders
2024-10-15T18:33:58.069+02:00 DEBUG 21980 --- [nio-8090-exec-5] horizationManagerBeforeMethodInterceptor : Authorizing method invocation ReflectiveMethodInvocation: public org.springframework.http.ResponseEntity no.hvl.dat152.rest.ws.controller.UserController.createUserOrder(java.lang.Long,no.hvl.dat152.rest.ws.model.Order) throws no.hvl.dat152.rest.ws.exceptions.UserNotFoundException,no.hvl.dat152.rest.ws.exceptions.OrderNotFoundException; target is of class [no.hvl.dat152.rest.ws.controller.UserController]
2024-10-15T18:33:58.072+02:00 DEBUG 21980 --- [nio-8090-exec-5] horizationManagerBeforeMethodInterceptor : Authorized method invocation ReflectiveMethodInvocation: public org.springframework.http.ResponseEntity no.hvl.dat152.rest.ws.controller.UserController.createUserOrder(java.lang.Long,no.hvl.dat152.rest.ws.model.Order) throws no.hvl.dat152.rest.ws.exceptions.UserNotFoundException,no.hvl.dat152.rest.ws.exceptions.OrderNotFoundException; target is of class [no.hvl.dat152.rest.ws.controller.UserController]
Hibernate: select u1_0.userid,u1_0.email,u1_0.firstname,u1_0.lastname from users u1_0 where u1_0.userid=?
Hibernate: select o1_0.user_email,o1_0.user_id,o1_0.id,o1_0.expiry,o1_0.isbn from orders o1_0 where (o1_0.user_email,o1_0.user_id) in((?,?))
Hibernate: insert into orders (expiry,isbn,id) values (?,?,?)
Hibernate: update orders set user_email=?,user_id=? where id=?
Hibernate: select r1_0.user_id,r1_1.id,r1_1.name from user_roles r1_0 join roles r1_1 on r1_1.id=r1_0.role_id where r1_0.user_id=?
2024-10-15T18:33:58.085+02:00 TRACE 21980 --- [nio-8090-exec-5] o.s.s.w.header.writers.HstsHeaderWriter  : Not injecting HSTS header since it did not match request to [Is Secure]
]]></system-out>
  </testcase>
</testsuite>