<?xml version="1.0" encoding="UTF-8"?>
<testsuite xmlns:xsi="http://www.w3.org/2001/XMLSchema-instance" xsi:noNamespaceSchemaLocation="https://maven.apache.org/surefire/maven-surefire-plugin/xsd/surefire-test-report-3.0.xsd" version="3.0" name="no.hvl.dat152.rest.ws.main.test.TestAuthor" time="6.99" tests="6" errors="0" skipped="0" failures="0">
  <properties>
[...]
</properties>
  <testcase name="updateAuthor_thenOK" classname="no.hvl.dat152.rest.ws.main.test.TestAuthor" time="1.736">
    <system-out><![CDATA[18:33:50.568 [main] INFO org.springframework.test.context.support.AnnotationConfigContextLoaderUtils -- Could not detect default configuration classes for test class [no.hvl.dat152.rest.ws.main.test.TestAuthor]: TestAuthor does not declare any static, non-private, non-final, nested classes annotated with @Configuration.
18:33:50.654 [main] INFO org.springframework.boot.test.context.SpringBootTestContextBootstrapper -- Found @SpringBootConfiguration no.hvl.dat152.rest.ws.main.LibraryApplication for test class no.hvl.dat152.rest.ws.main.test.TestAuthor

  .   ____          _            __ _ _
 /\\ / ___'_ __ _ _(_)_ __  __ _ \ \ \ \
( ( )\___ | '_ | '_| | '_ \/ _` | \ \ \ \
 \\/  ___)| |_)| | | | | || (_| |  ) ) ) )
  '  |____| .__|_| |_|_| |_\__, | / / / /
 =========|_|==============|___/=/_/_/_/
 :: Spring Boot ::                (v3.1.0)

2024-10-15T18:33:51.054+02:00  INFO 21980 --- [           main] n.h.dat152.rest.ws.main.test.TestAuthor  : Starting TestAuthor using Java 22.0.2 with PID 21980 (started by Elena in C:\Users\Elena\Documents\Studium\DAT-152\Backend\Web-framework-and-services\library-spring-ws-rest-security-oauth)
2024-10-15T18:33:51.055+02:00  INFO 21980 --- [           main] n.h.dat152.rest.ws.main.test.TestAuthor  : No active profile set, falling back to 1 default profile: "default"
2024-10-15T18:33:51.563+02:00  INFO 21980 --- [           main] .s.d.r.c.RepositoryConfigurationDelegate : Bootstrapping Spring Data JPA repositories in DEFAULT mode.
2024-10-15T18:33:51.599+02:00  INFO 21980 --- [           main] .s.d.r.c.RepositoryConfigurationDelegate : Finished Spring Data repository scanning in 30 ms. Found 5 JPA repository interfaces.
2024-10-15T18:33:52.430+02:00  INFO 21980 --- [           main] o.s.b.w.embedded.tomcat.TomcatWebServer  : Tomcat initialized with port(s): 8090 (http)
2024-10-15T18:33:52.442+02:00  INFO 21980 --- [           main] o.apache.catalina.core.StandardService   : Starting service [Tomcat]
2024-10-15T18:33:52.443+02:00  INFO 21980 --- [           main] o.apache.catalina.core.StandardEngine    : Starting Servlet engine: [Apache Tomcat/10.1.8]
2024-10-15T18:33:52.533+02:00  INFO 21980 --- [           main] o.a.c.c.C.[Tomcat].[localhost].[/]       : Initializing Spring embedded WebApplicationContext
2024-10-15T18:33:52.534+02:00  INFO 21980 --- [           main] w.s.c.ServletWebServerApplicationContext : Root WebApplicationContext: initialization completed in 1285 ms
2024-10-15T18:33:52.580+02:00  INFO 21980 --- [           main] com.zaxxer.hikari.HikariDataSource       : HikariPool-1 - Starting...
2024-10-15T18:33:52.768+02:00  INFO 21980 --- [           main] com.zaxxer.hikari.pool.HikariPool        : HikariPool-1 - Added connection conn0: url=jdbc:h2:mem:librarydb user=SA
2024-10-15T18:33:52.770+02:00  INFO 21980 --- [           main] com.zaxxer.hikari.HikariDataSource       : HikariPool-1 - Start completed.
2024-10-15T18:33:52.779+02:00  INFO 21980 --- [           main] o.s.b.a.h2.H2ConsoleAutoConfiguration    : H2 console available at '/h2-console'. Database available at 'jdbc:h2:mem:librarydb'
2024-10-15T18:33:53.009+02:00  INFO 21980 --- [           main] o.hibernate.jpa.internal.util.LogHelper  : HHH000204: Processing PersistenceUnitInfo [name: default]
2024-10-15T18:33:53.067+02:00  INFO 21980 --- [           main] org.hibernate.Version                    : HHH000412: Hibernate ORM core version 6.2.2.Final
2024-10-15T18:33:53.068+02:00  INFO 21980 --- [           main] org.hibernate.cfg.Environment            : HHH000406: Using bytecode reflection optimizer
2024-10-15T18:33:53.153+02:00  INFO 21980 --- [           main] o.h.b.i.BytecodeProviderInitiator        : HHH000021: Bytecode provider name : bytebuddy
2024-10-15T18:33:53.249+02:00  INFO 21980 --- [           main] o.s.o.j.p.SpringPersistenceUnitInfo      : No LoadTimeWeaver setup: ignoring JPA class transformer
2024-10-15T18:33:53.276+02:00  INFO 21980 --- [           main] org.hibernate.orm.dialect                : HHH035001: Using dialect: org.hibernate.dialect.H2Dialect, version: 2.1.214
2024-10-15T18:33:53.456+02:00  INFO 21980 --- [           main] o.h.b.i.BytecodeProviderInitiator        : HHH000021: Bytecode provider name : bytebuddy
2024-10-15T18:33:53.998+02:00  INFO 21980 --- [           main] o.h.e.t.j.p.i.JtaPlatformInitiator       : HHH000490: Using JtaPlatform implementation: [org.hibernate.engine.transaction.jta.platform.internal.NoJtaPlatform]
Hibernate: create table author (author_id integer not null, firstname varchar(255) not null, lastname varchar(255) not null, primary key (author_id))
Hibernate: create table book (id bigint not null, isbn varchar(255) not null, title varchar(255) not null, primary key (id))
Hibernate: create table book_author (fk_book bigint not null, fk_author integer not null, primary key (fk_book, fk_author))
Hibernate: create table orders (id bigint not null, expiry date not null, isbn varchar(255) not null, user_id bigint, user_email varchar(255), primary key (id))
Hibernate: create table roles (id integer generated by default as identity, name varchar(30) not null, primary key (id))
Hibernate: create table user_roles (user_id bigint not null, role_id integer not null, primary key (user_id, role_id))
Hibernate: create table users (userid bigint not null, email varchar(50) not null, firstname varchar(255) not null, lastname varchar(255) not null, primary key (userid))
Hibernate: alter table if exists book drop constraint if exists UK_ehpdfjpu1jm3hijhj4mm0hx9h
Hibernate: alter table if exists book add constraint UK_ehpdfjpu1jm3hijhj4mm0hx9h unique (isbn)
Hibernate: alter table if exists orders drop constraint if exists UK_awjw8b4vho2hf63eg5wynp3aw
Hibernate: alter table if exists orders add constraint UK_awjw8b4vho2hf63eg5wynp3aw unique (isbn)
Hibernate: alter table if exists roles drop constraint if exists UK_ofx66keruapi6vyqpv6f2or37
Hibernate: alter table if exists roles add constraint UK_ofx66keruapi6vyqpv6f2or37 unique (name)
Hibernate: alter table if exists users drop constraint if exists UK_2qd9x13wn4c1vtm3gs5ejf4fc
Hibernate: alter table if exists users add constraint UK_2qd9x13wn4c1vtm3gs5ejf4fc unique (email, userid)
Hibernate: alter table if exists users drop constraint if exists UK_6dotkott2kjsp8vw4d0m25fb7
Hibernate: alter table if exists users add constraint UK_6dotkott2kjsp8vw4d0m25fb7 unique (email)
Hibernate: create sequence author_seq start with 1 increment by 50
Hibernate: create sequence book_seq start with 1 increment by 50
Hibernate: create sequence orders_seq start with 1 increment by 50
Hibernate: create sequence users_seq start with 1 increment by 50
Hibernate: alter table if exists book_author add constraint FK2xwe4e9xvkh69tcsbktc9qa1f foreign key (fk_author) references author
Hibernate: alter table if exists book_author add constraint FK1fnhtttsxrymu4vnhpy7jxc9f foreign key (fk_book) references book
Hibernate: alter table if exists user_roles add constraint FKh8ciramu9cc9q3qcqiv4ue8a6 foreign key (role_id) references roles
Hibernate: alter table if exists user_roles add constraint FKhfh9dx7w3ubf1co1vdev94g3f foreign key (user_id) references users
2024-10-15T18:33:54.042+02:00  INFO 21980 --- [           main] j.LocalContainerEntityManagerFactoryBean : Initialized JPA EntityManagerFactory for persistence unit 'default'
2024-10-15T18:33:54.296+02:00  INFO 21980 --- [           main] o.s.d.j.r.query.QueryEnhancerFactory     : Hibernate is in classpath; If applicable, HQL parser will be used.
2024-10-15T18:33:54.728+02:00  WARN 21980 --- [           main] JpaBaseConfiguration$JpaWebConfiguration : spring.jpa.open-in-view is enabled by default. Therefore, database queries may be performed during view rendering. Explicitly configure spring.jpa.open-in-view to disable this warning
2024-10-15T18:33:54.862+02:00 TRACE 21980 --- [           main] eGlobalAuthenticationAutowiredConfigurer : Eagerly initializing {org.springframework.boot.autoconfigure.security.servlet.SpringBootWebSecurityConfiguration$WebSecurityEnablerConfiguration=org.springframework.boot.autoconfigure.security.servlet.SpringBootWebSecurityConfiguration$WebSecurityEnablerConfiguration@36f2bfe6}
2024-10-15T18:33:54.864+02:00 DEBUG 21980 --- [           main] swordEncoderAuthenticationManagerBuilder : No authenticationProviders and no parentAuthenticationManager defined. Returning null.
2024-10-15T18:33:54.976+02:00  INFO 21980 --- [           main] o.s.s.web.DefaultSecurityFilterChain     : Will secure any request with [org.springframework.security.web.session.DisableEncodeUrlFilter@71702d3f, org.springframework.security.web.context.request.async.WebAsyncManagerIntegrationFilter@6f9d1785, org.springframework.security.web.context.SecurityContextHolderFilter@5498d2a2, org.springframework.security.web.header.HeaderWriterFilter@58477355, org.springframework.security.web.authentication.logout.LogoutFilter@18c2b4c6, org.springframework.security.oauth2.server.resource.web.authentication.BearerTokenAuthenticationFilter@2778f3d1, no.hvl.dat152.rest.ws.security.AuthTokenFilter@7530090a, org.springframework.security.web.savedrequest.RequestCacheAwareFilter@74a121fe, org.springframework.security.web.servletapi.SecurityContextHolderAwareRequestFilter@12639753, org.springframework.security.web.authentication.AnonymousAuthenticationFilter@f9b97dc, org.springframework.security.web.session.SessionManagementFilter@282c3aa0, org.springframework.security.web.access.ExceptionTranslationFilter@4dd11699, org.springframework.security.web.access.intercept.AuthorizationFilter@414a3c7d]
2024-10-15T18:33:55.346+02:00  INFO 21980 --- [           main] o.s.b.w.embedded.tomcat.TomcatWebServer  : Tomcat started on port(s): 8090 (http) with context path ''
2024-10-15T18:33:55.354+02:00  INFO 21980 --- [           main] n.h.dat152.rest.ws.main.test.TestAuthor  : Started TestAuthor in 4.589 seconds (process running for 5.272)
Hibernate: select next value for author_seq
Hibernate: select next value for author_seq
Hibernate: insert into author (firstname,lastname,author_id) values (?,?,?)
Hibernate: insert into author (firstname,lastname,author_id) values (?,?,?)
Hibernate: insert into author (firstname,lastname,author_id) values (?,?,?)
Hibernate: insert into author (firstname,lastname,author_id) values (?,?,?)
Hibernate: insert into author (firstname,lastname,author_id) values (?,?,?)
Hibernate: insert into author (firstname,lastname,author_id) values (?,?,?)
Hibernate: select a1_0.author_id,a1_0.firstname,a1_0.lastname from author a1_0 where a1_0.author_id=?
Hibernate: select a1_0.author_id,a1_0.firstname,a1_0.lastname from author a1_0 where a1_0.author_id=?
Hibernate: select a1_0.author_id,a1_0.firstname,a1_0.lastname from author a1_0 where a1_0.author_id=?
Hibernate: select a1_0.author_id,a1_0.firstname,a1_0.lastname from author a1_0 where a1_0.author_id=?
Hibernate: select a1_0.author_id,a1_0.firstname,a1_0.lastname from author a1_0 where a1_0.author_id=?
Hibernate: select a1_0.author_id,a1_0.firstname,a1_0.lastname from author a1_0 where a1_0.author_id=?
Hibernate: select next value for book_seq
Hibernate: select next value for book_seq
Hibernate: insert into book (isbn,title,id) values (?,?,?)
Hibernate: insert into book (isbn,title,id) values (?,?,?)
Hibernate: insert into book (isbn,title,id) values (?,?,?)
Hibernate: insert into book (isbn,title,id) values (?,?,?)
Hibernate: insert into book (isbn,title,id) values (?,?,?)
Hibernate: insert into book_author (fk_book,fk_author) values (?,?)
Hibernate: insert into book_author (fk_book,fk_author) values (?,?)
Hibernate: insert into book_author (fk_book,fk_author) values (?,?)
Hibernate: insert into book_author (fk_book,fk_author) values (?,?)
Hibernate: insert into book_author (fk_book,fk_author) values (?,?)
Hibernate: insert into book_author (fk_book,fk_author) values (?,?)
Hibernate: insert into roles (name,id) values (?,default)
Hibernate: insert into roles (name,id) values (?,default)
Hibernate: select r1_0.id,r1_0.name from roles r1_0 where r1_0.id=?
Role = USER
Hibernate: select r1_0.id,r1_0.name from roles r1_0 where r1_0.id=?
Hibernate: select r1_0.id,r1_0.name from roles r1_0 where r1_0.id=?
Hibernate: select r1_0.id,r1_0.name from roles r1_0 where r1_0.id=?
Hibernate: select next value for users_seq
Hibernate: select next value for orders_seq
Hibernate: select next value for orders_seq
Hibernate: select next value for users_seq
Hibernate: insert into users (email,firstname,lastname,userid) values (?,?,?,?)
Hibernate: insert into orders (expiry,isbn,id) values (?,?,?)
Hibernate: insert into orders (expiry,isbn,id) values (?,?,?)
Hibernate: insert into users (email,firstname,lastname,userid) values (?,?,?,?)
Hibernate: insert into orders (expiry,isbn,id) values (?,?,?)
Hibernate: insert into users (email,firstname,lastname,userid) values (?,?,?,?)
Hibernate: update orders set user_email=?,user_id=? where id=?
Hibernate: update orders set user_email=?,user_id=? where id=?
Hibernate: insert into user_roles (user_id,role_id) values (?,?)
Hibernate: update orders set user_email=?,user_id=? where id=?
Hibernate: insert into user_roles (user_id,role_id) values (?,?)
Hibernate: insert into user_roles (user_id,role_id) values (?,?)
Hibernate: insert into user_roles (user_id,role_id) values (?,?)
2024-10-15T18:33:56.480+02:00  INFO 21980 --- [nio-8090-exec-1] o.a.c.c.C.[Tomcat].[localhost].[/]       : Initializing Spring DispatcherServlet 'dispatcherServlet'
2024-10-15T18:33:56.480+02:00  INFO 21980 --- [nio-8090-exec-1] o.s.web.servlet.DispatcherServlet        : Initializing Servlet 'dispatcherServlet'
2024-10-15T18:33:56.481+02:00  INFO 21980 --- [nio-8090-exec-1] o.s.web.servlet.DispatcherServlet        : Completed initialization in 1 ms
2024-10-15T18:33:56.486+02:00 TRACE 21980 --- [nio-8090-exec-1] o.s.security.web.FilterChainProxy        : Trying to match request against DefaultSecurityFilterChain [RequestMatcher=any request, Filters=[org.springframework.security.web.session.DisableEncodeUrlFilter@71702d3f, org.springframework.security.web.context.request.async.WebAsyncManagerIntegrationFilter@6f9d1785, org.springframework.security.web.context.SecurityContextHolderFilter@5498d2a2, org.springframework.security.web.header.HeaderWriterFilter@58477355, org.springframework.security.web.authentication.logout.LogoutFilter@18c2b4c6, org.springframework.security.oauth2.server.resource.web.authentication.BearerTokenAuthenticationFilter@2778f3d1, no.hvl.dat152.rest.ws.security.AuthTokenFilter@7530090a, org.springframework.security.web.savedrequest.RequestCacheAwareFilter@74a121fe, org.springframework.security.web.servletapi.SecurityContextHolderAwareRequestFilter@12639753, org.springframework.security.web.authentication.AnonymousAuthenticationFilter@f9b97dc, org.springframework.security.web.session.SessionManagementFilter@282c3aa0, org.springframework.security.web.access.ExceptionTranslationFilter@4dd11699, org.springframework.security.web.access.intercept.AuthorizationFilter@414a3c7d]] (1/1)
2024-10-15T18:33:56.486+02:00 DEBUG 21980 --- [nio-8090-exec-1] o.s.security.web.FilterChainProxy        : Securing PUT /elibrary/api/v1/authors/6
2024-10-15T18:33:56.486+02:00 TRACE 21980 --- [nio-8090-exec-1] o.s.security.web.FilterChainProxy        : Invoking DisableEncodeUrlFilter (1/13)
2024-10-15T18:33:56.487+02:00 TRACE 21980 --- [nio-8090-exec-1] o.s.security.web.FilterChainProxy        : Invoking WebAsyncManagerIntegrationFilter (2/13)
2024-10-15T18:33:56.488+02:00 TRACE 21980 --- [nio-8090-exec-1] o.s.security.web.FilterChainProxy        : Invoking SecurityContextHolderFilter (3/13)
2024-10-15T18:33:56.489+02:00 TRACE 21980 --- [nio-8090-exec-1] o.s.security.web.FilterChainProxy        : Invoking HeaderWriterFilter (4/13)
2024-10-15T18:33:56.490+02:00 TRACE 21980 --- [nio-8090-exec-1] o.s.security.web.FilterChainProxy        : Invoking LogoutFilter (5/13)
2024-10-15T18:33:56.490+02:00 TRACE 21980 --- [nio-8090-exec-1] o.s.s.w.a.logout.LogoutFilter            : Did not match request to Or [Ant [pattern='/logout', GET], Ant [pattern='/logout', POST], Ant [pattern='/logout', PUT], Ant [pattern='/logout', DELETE]]
2024-10-15T18:33:56.490+02:00 TRACE 21980 --- [nio-8090-exec-1] o.s.security.web.FilterChainProxy        : Invoking BearerTokenAuthenticationFilter (6/13)
2024-10-15T18:33:56.494+02:00 TRACE 21980 --- [nio-8090-exec-1] o.s.s.authentication.ProviderManager     : Authenticating request with JwtAuthenticationProvider (1/2)
2024-10-15T18:33:56.785+02:00 DEBUG 21980 --- [nio-8090-exec-1] o.s.s.o.s.r.a.JwtAuthenticationProvider  : Authenticated token
2024-10-15T18:33:56.787+02:00 DEBUG 21980 --- [nio-8090-exec-1] .s.r.w.a.BearerTokenAuthenticationFilter : Set SecurityContextHolder to JwtAuthenticationToken [Principal=org.springframework.security.oauth2.jwt.Jwt@fa4045e5, Credentials=[PROTECTED], Authenticated=true, Details=WebAuthenticationDetails [RemoteIpAddress=127.0.0.1, SessionId=null], Granted Authorities=[ADMIN, USER]]
2024-10-15T18:33:56.787+02:00 TRACE 21980 --- [nio-8090-exec-1] o.s.security.web.FilterChainProxy        : Invoking AuthTokenFilter (7/13)
2024-10-15T18:33:56.787+02:00 TRACE 21980 --- [nio-8090-exec-1] o.s.security.web.FilterChainProxy        : Invoking RequestCacheAwareFilter (8/13)
2024-10-15T18:33:56.787+02:00 TRACE 21980 --- [nio-8090-exec-1] o.s.security.web.FilterChainProxy        : Invoking SecurityContextHolderAwareRequestFilter (9/13)
2024-10-15T18:33:56.788+02:00 TRACE 21980 --- [nio-8090-exec-1] o.s.security.web.FilterChainProxy        : Invoking AnonymousAuthenticationFilter (10/13)
2024-10-15T18:33:56.788+02:00 TRACE 21980 --- [nio-8090-exec-1] o.s.security.web.FilterChainProxy        : Invoking SessionManagementFilter (11/13)
2024-10-15T18:33:56.788+02:00 TRACE 21980 --- [nio-8090-exec-1] o.s.s.w.a.AnonymousAuthenticationFilter  : Did not set SecurityContextHolder since already authenticated JwtAuthenticationToken [Principal=org.springframework.security.oauth2.jwt.Jwt@fa4045e5, Credentials=[PROTECTED], Authenticated=true, Details=no.hvl.dat152.rest.ws.security.UserDetailsImpl@700c17a2, Granted Authorities=[ADMIN, USER]]
2024-10-15T18:33:56.789+02:00 TRACE 21980 --- [nio-8090-exec-1] s.CompositeSessionAuthenticationStrategy : Preparing session with ChangeSessionIdAuthenticationStrategy (1/1)
2024-10-15T18:33:56.789+02:00 TRACE 21980 --- [nio-8090-exec-1] o.s.security.web.FilterChainProxy        : Invoking ExceptionTranslationFilter (12/13)
2024-10-15T18:33:56.789+02:00 TRACE 21980 --- [nio-8090-exec-1] o.s.security.web.FilterChainProxy        : Invoking AuthorizationFilter (13/13)
2024-10-15T18:33:56.789+02:00 TRACE 21980 --- [nio-8090-exec-1] estMatcherDelegatingAuthorizationManager : Authorizing SecurityContextHolderAwareRequestWrapper[ org.springframework.security.web.header.HeaderWriterFilter$HeaderWriterRequest@5e4968b5]
2024-10-15T18:33:56.789+02:00 TRACE 21980 --- [nio-8090-exec-1] estMatcherDelegatingAuthorizationManager : Checking authorization on SecurityContextHolderAwareRequestWrapper[ org.springframework.security.web.header.HeaderWriterFilter$HeaderWriterRequest@5e4968b5] using org.springframework.security.authorization.AuthenticatedAuthorizationManager@649ab949
2024-10-15T18:33:56.789+02:00 DEBUG 21980 --- [nio-8090-exec-1] o.s.security.web.FilterChainProxy        : Secured PUT /elibrary/api/v1/authors/6
2024-10-15T18:33:56.849+02:00 DEBUG 21980 --- [nio-8090-exec-1] horizationManagerBeforeMethodInterceptor : Authorizing method invocation ReflectiveMethodInvocation: public org.springframework.http.ResponseEntity no.hvl.dat152.rest.ws.controller.AuthorController.updateAuthor(no.hvl.dat152.rest.ws.model.Author,long); target is of class [no.hvl.dat152.rest.ws.controller.AuthorController]
2024-10-15T18:33:56.853+02:00 DEBUG 21980 --- [nio-8090-exec-1] horizationManagerBeforeMethodInterceptor : Authorized method invocation ReflectiveMethodInvocation: public org.springframework.http.ResponseEntity no.hvl.dat152.rest.ws.controller.AuthorController.updateAuthor(no.hvl.dat152.rest.ws.model.Author,long); target is of class [no.hvl.dat152.rest.ws.controller.AuthorController]
Hibernate: select a1_0.author_id,a1_0.firstname,a1_0.lastname from author a1_0 where a1_0.author_id=?
2024-10-15T18:33:56.872+02:00 TRACE 21980 --- [nio-8090-exec-1] o.s.s.w.header.writers.HstsHeaderWriter  : Not injecting HSTS header since it did not match request to [Is Secure]
]]></system-out>
    <system-err><![CDATA[WARNING: A Java agent has been loaded dynamically (C:\Users\Elena\.m2\repository\net\bytebuddy\byte-buddy-agent\1.14.4\byte-buddy-agent-1.14.4.jar)
WARNING: If a serviceability tool is in use, please run with -XX:+EnableDynamicAgentLoading to hide this warning
WARNING: If a serviceability tool is not in use, please run with -Djdk.instrument.traceUsage for more information
WARNING: Dynamic loading of agents will be disallowed by default in a future release
]]></system-err>
  </testcase>
  <testcase name="createAuthor_thenOK" classname="no.hvl.dat152.rest.ws.main.test.TestAuthor" time="0.073">
    <system-out><![CDATA[2024-10-15T18:33:57.276+02:00 TRACE 21980 --- [nio-8090-exec-2] o.s.security.web.FilterChainProxy        : Trying to match request against DefaultSecurityFilterChain [RequestMatcher=any request, Filters=[org.springframework.security.web.session.DisableEncodeUrlFilter@71702d3f, org.springframework.security.web.context.request.async.WebAsyncManagerIntegrationFilter@6f9d1785, org.springframework.security.web.context.SecurityContextHolderFilter@5498d2a2, org.springframework.security.web.header.HeaderWriterFilter@58477355, org.springframework.security.web.authentication.logout.LogoutFilter@18c2b4c6, org.springframework.security.oauth2.server.resource.web.authentication.BearerTokenAuthenticationFilter@2778f3d1, no.hvl.dat152.rest.ws.security.AuthTokenFilter@7530090a, org.springframework.security.web.savedrequest.RequestCacheAwareFilter@74a121fe, org.springframework.security.web.servletapi.SecurityContextHolderAwareRequestFilter@12639753, org.springframework.security.web.authentication.AnonymousAuthenticationFilter@f9b97dc, org.springframework.security.web.session.SessionManagementFilter@282c3aa0, org.springframework.security.web.access.ExceptionTranslationFilter@4dd11699, org.springframework.security.web.access.intercept.AuthorizationFilter@414a3c7d]] (1/1)
2024-10-15T18:33:57.276+02:00 DEBUG 21980 --- [nio-8090-exec-2] o.s.security.web.FilterChainProxy        : Securing POST /elibrary/api/v1/authors
2024-10-15T18:33:57.276+02:00 TRACE 21980 --- [nio-8090-exec-2] o.s.security.web.FilterChainProxy        : Invoking DisableEncodeUrlFilter (1/13)
2024-10-15T18:33:57.276+02:00 TRACE 21980 --- [nio-8090-exec-2] o.s.security.web.FilterChainProxy        : Invoking WebAsyncManagerIntegrationFilter (2/13)
2024-10-15T18:33:57.276+02:00 TRACE 21980 --- [nio-8090-exec-2] o.s.security.web.FilterChainProxy        : Invoking SecurityContextHolderFilter (3/13)
2024-10-15T18:33:57.276+02:00 TRACE 21980 --- [nio-8090-exec-2] o.s.security.web.FilterChainProxy        : Invoking HeaderWriterFilter (4/13)
2024-10-15T18:33:57.277+02:00 TRACE 21980 --- [nio-8090-exec-2] o.s.security.web.FilterChainProxy        : Invoking LogoutFilter (5/13)
2024-10-15T18:33:57.277+02:00 TRACE 21980 --- [nio-8090-exec-2] o.s.s.w.a.logout.LogoutFilter            : Did not match request to Or [Ant [pattern='/logout', GET], Ant [pattern='/logout', POST], Ant [pattern='/logout', PUT], Ant [pattern='/logout', DELETE]]
2024-10-15T18:33:57.277+02:00 TRACE 21980 --- [nio-8090-exec-2] o.s.security.web.FilterChainProxy        : Invoking BearerTokenAuthenticationFilter (6/13)
2024-10-15T18:33:57.277+02:00 TRACE 21980 --- [nio-8090-exec-2] o.s.s.authentication.ProviderManager     : Authenticating request with JwtAuthenticationProvider (1/2)
2024-10-15T18:33:57.281+02:00 DEBUG 21980 --- [nio-8090-exec-2] o.s.s.o.s.r.a.JwtAuthenticationProvider  : Authenticated token
2024-10-15T18:33:57.282+02:00 DEBUG 21980 --- [nio-8090-exec-2] .s.r.w.a.BearerTokenAuthenticationFilter : Set SecurityContextHolder to JwtAuthenticationToken [Principal=org.springframework.security.oauth2.jwt.Jwt@fa4045e5, Credentials=[PROTECTED], Authenticated=true, Details=WebAuthenticationDetails [RemoteIpAddress=127.0.0.1, SessionId=null], Granted Authorities=[ADMIN, USER]]
2024-10-15T18:33:57.282+02:00 TRACE 21980 --- [nio-8090-exec-2] o.s.security.web.FilterChainProxy        : Invoking AuthTokenFilter (7/13)
2024-10-15T18:33:57.282+02:00 TRACE 21980 --- [nio-8090-exec-2] o.s.security.web.FilterChainProxy        : Invoking RequestCacheAwareFilter (8/13)
2024-10-15T18:33:57.282+02:00 TRACE 21980 --- [nio-8090-exec-2] o.s.security.web.FilterChainProxy        : Invoking SecurityContextHolderAwareRequestFilter (9/13)
2024-10-15T18:33:57.282+02:00 TRACE 21980 --- [nio-8090-exec-2] o.s.security.web.FilterChainProxy        : Invoking AnonymousAuthenticationFilter (10/13)
2024-10-15T18:33:57.282+02:00 TRACE 21980 --- [nio-8090-exec-2] o.s.security.web.FilterChainProxy        : Invoking SessionManagementFilter (11/13)
2024-10-15T18:33:57.282+02:00 TRACE 21980 --- [nio-8090-exec-2] o.s.s.w.a.AnonymousAuthenticationFilter  : Did not set SecurityContextHolder since already authenticated JwtAuthenticationToken [Principal=org.springframework.security.oauth2.jwt.Jwt@fa4045e5, Credentials=[PROTECTED], Authenticated=true, Details=no.hvl.dat152.rest.ws.security.UserDetailsImpl@40084609, Granted Authorities=[ADMIN, USER]]
2024-10-15T18:33:57.282+02:00 TRACE 21980 --- [nio-8090-exec-2] s.CompositeSessionAuthenticationStrategy : Preparing session with ChangeSessionIdAuthenticationStrategy (1/1)
2024-10-15T18:33:57.282+02:00 TRACE 21980 --- [nio-8090-exec-2] o.s.security.web.FilterChainProxy        : Invoking ExceptionTranslationFilter (12/13)
2024-10-15T18:33:57.282+02:00 TRACE 21980 --- [nio-8090-exec-2] o.s.security.web.FilterChainProxy        : Invoking AuthorizationFilter (13/13)
2024-10-15T18:33:57.282+02:00 TRACE 21980 --- [nio-8090-exec-2] estMatcherDelegatingAuthorizationManager : Authorizing SecurityContextHolderAwareRequestWrapper[ org.springframework.security.web.header.HeaderWriterFilter$HeaderWriterRequest@4ecfb078]
2024-10-15T18:33:57.282+02:00 TRACE 21980 --- [nio-8090-exec-2] estMatcherDelegatingAuthorizationManager : Checking authorization on SecurityContextHolderAwareRequestWrapper[ org.springframework.security.web.header.HeaderWriterFilter$HeaderWriterRequest@4ecfb078] using org.springframework.security.authorization.AuthenticatedAuthorizationManager@649ab949
2024-10-15T18:33:57.282+02:00 DEBUG 21980 --- [nio-8090-exec-2] o.s.security.web.FilterChainProxy        : Secured POST /elibrary/api/v1/authors
2024-10-15T18:33:57.283+02:00 DEBUG 21980 --- [nio-8090-exec-2] horizationManagerBeforeMethodInterceptor : Authorizing method invocation ReflectiveMethodInvocation: public org.springframework.http.ResponseEntity no.hvl.dat152.rest.ws.controller.AuthorController.createAuthor(no.hvl.dat152.rest.ws.model.Author); target is of class [no.hvl.dat152.rest.ws.controller.AuthorController]
2024-10-15T18:33:57.284+02:00 DEBUG 21980 --- [nio-8090-exec-2] horizationManagerBeforeMethodInterceptor : Authorized method invocation ReflectiveMethodInvocation: public org.springframework.http.ResponseEntity no.hvl.dat152.rest.ws.controller.AuthorController.createAuthor(no.hvl.dat152.rest.ws.model.Author); target is of class [no.hvl.dat152.rest.ws.controller.AuthorController]
Hibernate: insert into author (firstname,lastname,author_id) values (?,?,?)
2024-10-15T18:33:57.292+02:00 TRACE 21980 --- [nio-8090-exec-2] o.s.s.w.header.writers.HstsHeaderWriter  : Not injecting HSTS header since it did not match request to [Is Secure]
]]></system-out>
  </testcase>
  <testcase name="updateAuthor_USER_ROLE_thenOK" classname="no.hvl.dat152.rest.ws.main.test.TestAuthor" time="0.024">
    <system-out><![CDATA[2024-10-15T18:33:57.310+02:00 TRACE 21980 --- [nio-8090-exec-3] o.s.security.web.FilterChainProxy        : Trying to match request against DefaultSecurityFilterChain [RequestMatcher=any request, Filters=[org.springframework.security.web.session.DisableEncodeUrlFilter@71702d3f, org.springframework.security.web.context.request.async.WebAsyncManagerIntegrationFilter@6f9d1785, org.springframework.security.web.context.SecurityContextHolderFilter@5498d2a2, org.springframework.security.web.header.HeaderWriterFilter@58477355, org.springframework.security.web.authentication.logout.LogoutFilter@18c2b4c6, org.springframework.security.oauth2.server.resource.web.authentication.BearerTokenAuthenticationFilter@2778f3d1, no.hvl.dat152.rest.ws.security.AuthTokenFilter@7530090a, org.springframework.security.web.savedrequest.RequestCacheAwareFilter@74a121fe, org.springframework.security.web.servletapi.SecurityContextHolderAwareRequestFilter@12639753, org.springframework.security.web.authentication.AnonymousAuthenticationFilter@f9b97dc, org.springframework.security.web.session.SessionManagementFilter@282c3aa0, org.springframework.security.web.access.ExceptionTranslationFilter@4dd11699, org.springframework.security.web.access.intercept.AuthorizationFilter@414a3c7d]] (1/1)
2024-10-15T18:33:57.310+02:00 DEBUG 21980 --- [nio-8090-exec-3] o.s.security.web.FilterChainProxy        : Securing PUT /elibrary/api/v1/authors/6
2024-10-15T18:33:57.310+02:00 TRACE 21980 --- [nio-8090-exec-3] o.s.security.web.FilterChainProxy        : Invoking DisableEncodeUrlFilter (1/13)
2024-10-15T18:33:57.311+02:00 TRACE 21980 --- [nio-8090-exec-3] o.s.security.web.FilterChainProxy        : Invoking WebAsyncManagerIntegrationFilter (2/13)
2024-10-15T18:33:57.311+02:00 TRACE 21980 --- [nio-8090-exec-3] o.s.security.web.FilterChainProxy        : Invoking SecurityContextHolderFilter (3/13)
2024-10-15T18:33:57.311+02:00 TRACE 21980 --- [nio-8090-exec-3] o.s.security.web.FilterChainProxy        : Invoking HeaderWriterFilter (4/13)
2024-10-15T18:33:57.311+02:00 TRACE 21980 --- [nio-8090-exec-3] o.s.security.web.FilterChainProxy        : Invoking LogoutFilter (5/13)
2024-10-15T18:33:57.311+02:00 TRACE 21980 --- [nio-8090-exec-3] o.s.s.w.a.logout.LogoutFilter            : Did not match request to Or [Ant [pattern='/logout', GET], Ant [pattern='/logout', POST], Ant [pattern='/logout', PUT], Ant [pattern='/logout', DELETE]]
2024-10-15T18:33:57.311+02:00 TRACE 21980 --- [nio-8090-exec-3] o.s.security.web.FilterChainProxy        : Invoking BearerTokenAuthenticationFilter (6/13)
2024-10-15T18:33:57.311+02:00 TRACE 21980 --- [nio-8090-exec-3] o.s.s.authentication.ProviderManager     : Authenticating request with JwtAuthenticationProvider (1/2)
2024-10-15T18:33:57.312+02:00 DEBUG 21980 --- [nio-8090-exec-3] o.s.s.o.s.r.a.JwtAuthenticationProvider  : Authenticated token
2024-10-15T18:33:57.312+02:00 DEBUG 21980 --- [nio-8090-exec-3] .s.r.w.a.BearerTokenAuthenticationFilter : Set SecurityContextHolder to JwtAuthenticationToken [Principal=org.springframework.security.oauth2.jwt.Jwt@a01f67cb, Credentials=[PROTECTED], Authenticated=true, Details=WebAuthenticationDetails [RemoteIpAddress=127.0.0.1, SessionId=null], Granted Authorities=[USER]]
2024-10-15T18:33:57.312+02:00 TRACE 21980 --- [nio-8090-exec-3] o.s.security.web.FilterChainProxy        : Invoking AuthTokenFilter (7/13)
2024-10-15T18:33:57.312+02:00 TRACE 21980 --- [nio-8090-exec-3] o.s.security.web.FilterChainProxy        : Invoking RequestCacheAwareFilter (8/13)
2024-10-15T18:33:57.312+02:00 TRACE 21980 --- [nio-8090-exec-3] o.s.security.web.FilterChainProxy        : Invoking SecurityContextHolderAwareRequestFilter (9/13)
2024-10-15T18:33:57.313+02:00 TRACE 21980 --- [nio-8090-exec-3] o.s.security.web.FilterChainProxy        : Invoking AnonymousAuthenticationFilter (10/13)
2024-10-15T18:33:57.313+02:00 TRACE 21980 --- [nio-8090-exec-3] o.s.security.web.FilterChainProxy        : Invoking SessionManagementFilter (11/13)
2024-10-15T18:33:57.313+02:00 TRACE 21980 --- [nio-8090-exec-3] o.s.s.w.a.AnonymousAuthenticationFilter  : Did not set SecurityContextHolder since already authenticated JwtAuthenticationToken [Principal=org.springframework.security.oauth2.jwt.Jwt@a01f67cb, Credentials=[PROTECTED], Authenticated=true, Details=no.hvl.dat152.rest.ws.security.UserDetailsImpl@f0e66b8, Granted Authorities=[USER]]
2024-10-15T18:33:57.313+02:00 TRACE 21980 --- [nio-8090-exec-3] s.CompositeSessionAuthenticationStrategy : Preparing session with ChangeSessionIdAuthenticationStrategy (1/1)
2024-10-15T18:33:57.313+02:00 TRACE 21980 --- [nio-8090-exec-3] o.s.security.web.FilterChainProxy        : Invoking ExceptionTranslationFilter (12/13)
2024-10-15T18:33:57.313+02:00 TRACE 21980 --- [nio-8090-exec-3] o.s.security.web.FilterChainProxy        : Invoking AuthorizationFilter (13/13)
2024-10-15T18:33:57.313+02:00 TRACE 21980 --- [nio-8090-exec-3] estMatcherDelegatingAuthorizationManager : Authorizing SecurityContextHolderAwareRequestWrapper[ org.springframework.security.web.header.HeaderWriterFilter$HeaderWriterRequest@1c99929]
2024-10-15T18:33:57.313+02:00 TRACE 21980 --- [nio-8090-exec-3] estMatcherDelegatingAuthorizationManager : Checking authorization on SecurityContextHolderAwareRequestWrapper[ org.springframework.security.web.header.HeaderWriterFilter$HeaderWriterRequest@1c99929] using org.springframework.security.authorization.AuthenticatedAuthorizationManager@649ab949
2024-10-15T18:33:57.313+02:00 DEBUG 21980 --- [nio-8090-exec-3] o.s.security.web.FilterChainProxy        : Secured PUT /elibrary/api/v1/authors/6
2024-10-15T18:33:57.314+02:00 DEBUG 21980 --- [nio-8090-exec-3] horizationManagerBeforeMethodInterceptor : Authorizing method invocation ReflectiveMethodInvocation: public org.springframework.http.ResponseEntity no.hvl.dat152.rest.ws.controller.AuthorController.updateAuthor(no.hvl.dat152.rest.ws.model.Author,long); target is of class [no.hvl.dat152.rest.ws.controller.AuthorController]
2024-10-15T18:33:57.317+02:00 DEBUG 21980 --- [nio-8090-exec-3] horizationManagerBeforeMethodInterceptor : Failed to authorize ReflectiveMethodInvocation: public org.springframework.http.ResponseEntity no.hvl.dat152.rest.ws.controller.AuthorController.updateAuthor(no.hvl.dat152.rest.ws.model.Author,long); target is of class [no.hvl.dat152.rest.ws.controller.AuthorController] with authorization manager org.springframework.security.config.annotation.method.configuration.DeferringObservationAuthorizationManager@40f49312 and decision ExpressionAuthorizationDecision [granted=false, expressionAttribute=hasAuthority('ADMIN') or hasAuthority('SUPER_ADMIN')]
2024-10-15T18:33:57.320+02:00 TRACE 21980 --- [nio-8090-exec-3] o.s.s.w.a.ExceptionTranslationFilter     : Sending JwtAuthenticationToken [Principal=org.springframework.security.oauth2.jwt.Jwt@a01f67cb, Credentials=[PROTECTED], Authenticated=true, Details=no.hvl.dat152.rest.ws.security.UserDetailsImpl@f0e66b8, Granted Authorities=[USER]] to access denied handler since access is denied

org.springframework.security.access.AccessDeniedException: Access Denied
	at org.springframework.security.authorization.method.AuthorizationManagerBeforeMethodInterceptor.attemptAuthorization(AuthorizationManagerBeforeMethodInterceptor.java:257) ~[spring-security-core-6.1.0.jar:6.1.0]
	at org.springframework.security.authorization.method.AuthorizationManagerBeforeMethodInterceptor.invoke(AuthorizationManagerBeforeMethodInterceptor.java:198) ~[spring-security-core-6.1.0.jar:6.1.0]
	at org.springframework.aop.framework.ReflectiveMethodInvocation.proceed(ReflectiveMethodInvocation.java:184) ~[spring-aop-6.0.9.jar:6.0.9]
	at org.springframework.aop.framework.CglibAopProxy$CglibMethodInvocation.proceed(CglibAopProxy.java:750) ~[spring-aop-6.0.9.jar:6.0.9]
	at org.springframework.aop.framework.CglibAopProxy$DynamicAdvisedInterceptor.intercept(CglibAopProxy.java:702) ~[spring-aop-6.0.9.jar:6.0.9]
	at no.hvl.dat152.rest.ws.controller.AuthorController$$SpringCGLIB$$0.updateAuthor(<generated>) ~[classes/:na]
	at java.base/jdk.internal.reflect.DirectMethodHandleAccessor.invoke(DirectMethodHandleAccessor.java:103) ~[na:na]
	at java.base/java.lang.reflect.Method.invoke(Method.java:580) ~[na:na]
	at org.springframework.web.method.support.InvocableHandlerMethod.doInvoke(InvocableHandlerMethod.java:207) ~[spring-web-6.0.9.jar:6.0.9]
	at org.springframework.web.method.support.InvocableHandlerMethod.invokeForRequest(InvocableHandlerMethod.java:152) ~[spring-web-6.0.9.jar:6.0.9]
	at org.springframework.web.servlet.mvc.method.annotation.ServletInvocableHandlerMethod.invokeAndHandle(ServletInvocableHandlerMethod.java:118) ~[spring-webmvc-6.0.9.jar:6.0.9]
	at org.springframework.web.servlet.mvc.method.annotation.RequestMappingHandlerAdapter.invokeHandlerMethod(RequestMappingHandlerAdapter.java:884) ~[spring-webmvc-6.0.9.jar:6.0.9]
	at org.springframework.web.servlet.mvc.method.annotation.RequestMappingHandlerAdapter.handleInternal(RequestMappingHandlerAdapter.java:797) ~[spring-webmvc-6.0.9.jar:6.0.9]
	at org.springframework.web.servlet.mvc.method.AbstractHandlerMethodAdapter.handle(AbstractHandlerMethodAdapter.java:87) ~[spring-webmvc-6.0.9.jar:6.0.9]
	at org.springframework.web.servlet.DispatcherServlet.doDispatch(DispatcherServlet.java:1081) ~[spring-webmvc-6.0.9.jar:6.0.9]
	at org.springframework.web.servlet.DispatcherServlet.doService(DispatcherServlet.java:974) ~[spring-webmvc-6.0.9.jar:6.0.9]
	at org.springframework.web.servlet.FrameworkServlet.processRequest(FrameworkServlet.java:1011) ~[spring-webmvc-6.0.9.jar:6.0.9]
	at org.springframework.web.servlet.FrameworkServlet.doPut(FrameworkServlet.java:925) ~[spring-webmvc-6.0.9.jar:6.0.9]
	at jakarta.servlet.http.HttpServlet.service(HttpServlet.java:593) ~[tomcat-embed-core-10.1.8.jar:6.0]
	at org.springframework.web.servlet.FrameworkServlet.service(FrameworkServlet.java:885) ~[spring-webmvc-6.0.9.jar:6.0.9]
	at jakarta.servlet.http.HttpServlet.service(HttpServlet.java:658) ~[tomcat-embed-core-10.1.8.jar:6.0]
	at org.apache.catalina.core.ApplicationFilterChain.internalDoFilter(ApplicationFilterChain.java:205) ~[tomcat-embed-core-10.1.8.jar:10.1.8]
	at org.apache.catalina.core.ApplicationFilterChain.doFilter(ApplicationFilterChain.java:149) ~[tomcat-embed-core-10.1.8.jar:10.1.8]
	at org.apache.tomcat.websocket.server.WsFilter.doFilter(WsFilter.java:51) ~[tomcat-embed-websocket-10.1.8.jar:10.1.8]
	at org.apache.catalina.core.ApplicationFilterChain.internalDoFilter(ApplicationFilterChain.java:174) ~[tomcat-embed-core-10.1.8.jar:10.1.8]
	at org.apache.catalina.core.ApplicationFilterChain.doFilter(ApplicationFilterChain.java:149) ~[tomcat-embed-core-10.1.8.jar:10.1.8]
	at org.springframework.web.filter.OncePerRequestFilter.doFilter(OncePerRequestFilter.java:110) ~[spring-web-6.0.9.jar:6.0.9]
	at org.apache.catalina.core.ApplicationFilterChain.internalDoFilter(ApplicationFilterChain.java:174) ~[tomcat-embed-core-10.1.8.jar:10.1.8]
	at org.apache.catalina.core.ApplicationFilterChain.doFilter(ApplicationFilterChain.java:149) ~[tomcat-embed-core-10.1.8.jar:10.1.8]
	at org.springframework.security.web.FilterChainProxy.lambda$doFilterInternal$3(FilterChainProxy.java:231) ~[spring-security-web-6.1.0.jar:6.1.0]
	at org.springframework.security.web.FilterChainProxy$VirtualFilterChain.doFilter(FilterChainProxy.java:365) ~[spring-security-web-6.1.0.jar:6.1.0]
	at org.springframework.security.web.access.intercept.AuthorizationFilter.doFilter(AuthorizationFilter.java:100) ~[spring-security-web-6.1.0.jar:6.1.0]
	at org.springframework.security.web.FilterChainProxy$VirtualFilterChain.doFilter(FilterChainProxy.java:374) ~[spring-security-web-6.1.0.jar:6.1.0]
	at org.springframework.security.web.access.ExceptionTranslationFilter.doFilter(ExceptionTranslationFilter.java:126) ~[spring-security-web-6.1.0.jar:6.1.0]
	at org.springframework.security.web.access.ExceptionTranslationFilter.doFilter(ExceptionTranslationFilter.java:120) ~[spring-security-web-6.1.0.jar:6.1.0]
	at org.springframework.security.web.FilterChainProxy$VirtualFilterChain.doFilter(FilterChainProxy.java:374) ~[spring-security-web-6.1.0.jar:6.1.0]
	at org.springframework.security.web.session.SessionManagementFilter.doFilter(SessionManagementFilter.java:131) ~[spring-security-web-6.1.0.jar:6.1.0]
	at org.springframework.security.web.session.SessionManagementFilter.doFilter(SessionManagementFilter.java:85) ~[spring-security-web-6.1.0.jar:6.1.0]
	at org.springframework.security.web.FilterChainProxy$VirtualFilterChain.doFilter(FilterChainProxy.java:374) ~[spring-security-web-6.1.0.jar:6.1.0]
	at org.springframework.security.web.authentication.AnonymousAuthenticationFilter.doFilter(AnonymousAuthenticationFilter.java:100) ~[spring-security-web-6.1.0.jar:6.1.0]
	at org.springframework.security.web.FilterChainProxy$VirtualFilterChain.doFilter(FilterChainProxy.java:374) ~[spring-security-web-6.1.0.jar:6.1.0]
	at org.springframework.security.web.servletapi.SecurityContextHolderAwareRequestFilter.doFilter(SecurityContextHolderAwareRequestFilter.java:179) ~[spring-security-web-6.1.0.jar:6.1.0]
	at org.springframework.security.web.FilterChainProxy$VirtualFilterChain.doFilter(FilterChainProxy.java:374) ~[spring-security-web-6.1.0.jar:6.1.0]
	at org.springframework.security.web.savedrequest.RequestCacheAwareFilter.doFilter(RequestCacheAwareFilter.java:63) ~[spring-security-web-6.1.0.jar:6.1.0]
	at org.springframework.security.web.FilterChainProxy$VirtualFilterChain.doFilter(FilterChainProxy.java:374) ~[spring-security-web-6.1.0.jar:6.1.0]
	at no.hvl.dat152.rest.ws.security.AuthTokenFilter.doFilterInternal(AuthTokenFilter.java:54) ~[classes/:na]
	at org.springframework.web.filter.OncePerRequestFilter.doFilter(OncePerRequestFilter.java:116) ~[spring-web-6.0.9.jar:6.0.9]
	at org.springframework.security.web.FilterChainProxy$VirtualFilterChain.doFilter(FilterChainProxy.java:374) ~[spring-security-web-6.1.0.jar:6.1.0]
	at org.springframework.security.oauth2.server.resource.web.authentication.BearerTokenAuthenticationFilter.doFilterInternal(BearerTokenAuthenticationFilter.java:145) ~[spring-security-oauth2-resource-server-6.1.0.jar:6.1.0]
	at org.springframework.web.filter.OncePerRequestFilter.doFilter(OncePerRequestFilter.java:116) ~[spring-web-6.0.9.jar:6.0.9]
	at org.springframework.security.web.FilterChainProxy$VirtualFilterChain.doFilter(FilterChainProxy.java:374) ~[spring-security-web-6.1.0.jar:6.1.0]
	at org.springframework.security.web.authentication.logout.LogoutFilter.doFilter(LogoutFilter.java:107) ~[spring-security-web-6.1.0.jar:6.1.0]
	at org.springframework.security.web.authentication.logout.LogoutFilter.doFilter(LogoutFilter.java:93) ~[spring-security-web-6.1.0.jar:6.1.0]
	at org.springframework.security.web.FilterChainProxy$VirtualFilterChain.doFilter(FilterChainProxy.java:374) ~[spring-security-web-6.1.0.jar:6.1.0]
	at org.springframework.security.web.header.HeaderWriterFilter.doHeadersAfter(HeaderWriterFilter.java:90) ~[spring-security-web-6.1.0.jar:6.1.0]
	at org.springframework.security.web.header.HeaderWriterFilter.doFilterInternal(HeaderWriterFilter.java:75) ~[spring-security-web-6.1.0.jar:6.1.0]
	at org.springframework.web.filter.OncePerRequestFilter.doFilter(OncePerRequestFilter.java:116) ~[spring-web-6.0.9.jar:6.0.9]
	at org.springframework.security.web.FilterChainProxy$VirtualFilterChain.doFilter(FilterChainProxy.java:374) ~[spring-security-web-6.1.0.jar:6.1.0]
	at org.springframework.security.web.context.SecurityContextHolderFilter.doFilter(SecurityContextHolderFilter.java:82) ~[spring-security-web-6.1.0.jar:6.1.0]
	at org.springframework.security.web.context.SecurityContextHolderFilter.doFilter(SecurityContextHolderFilter.java:69) ~[spring-security-web-6.1.0.jar:6.1.0]
	at org.springframework.security.web.FilterChainProxy$VirtualFilterChain.doFilter(FilterChainProxy.java:374) ~[spring-security-web-6.1.0.jar:6.1.0]
	at org.springframework.security.web.context.request.async.WebAsyncManagerIntegrationFilter.doFilterInternal(WebAsyncManagerIntegrationFilter.java:62) ~[spring-security-web-6.1.0.jar:6.1.0]
	at org.springframework.web.filter.OncePerRequestFilter.doFilter(OncePerRequestFilter.java:116) ~[spring-web-6.0.9.jar:6.0.9]
	at org.springframework.security.web.FilterChainProxy$VirtualFilterChain.doFilter(FilterChainProxy.java:374) ~[spring-security-web-6.1.0.jar:6.1.0]
	at org.springframework.security.web.session.DisableEncodeUrlFilter.doFilterInternal(DisableEncodeUrlFilter.java:42) ~[spring-security-web-6.1.0.jar:6.1.0]
	at org.springframework.web.filter.OncePerRequestFilter.doFilter(OncePerRequestFilter.java:116) ~[spring-web-6.0.9.jar:6.0.9]
	at org.springframework.security.web.FilterChainProxy$VirtualFilterChain.doFilter(FilterChainProxy.java:374) ~[spring-security-web-6.1.0.jar:6.1.0]
	at org.springframework.security.web.FilterChainProxy.doFilterInternal(FilterChainProxy.java:233) ~[spring-security-web-6.1.0.jar:6.1.0]
	at org.springframework.security.web.FilterChainProxy.doFilter(FilterChainProxy.java:191) ~[spring-security-web-6.1.0.jar:6.1.0]
	at org.springframework.web.filter.DelegatingFilterProxy.invokeDelegate(DelegatingFilterProxy.java:352) ~[spring-web-6.0.9.jar:6.0.9]
	at org.springframework.web.filter.DelegatingFilterProxy.doFilter(DelegatingFilterProxy.java:268) ~[spring-web-6.0.9.jar:6.0.9]
	at org.apache.catalina.core.ApplicationFilterChain.internalDoFilter(ApplicationFilterChain.java:174) ~[tomcat-embed-core-10.1.8.jar:10.1.8]
	at org.apache.catalina.core.ApplicationFilterChain.doFilter(ApplicationFilterChain.java:149) ~[tomcat-embed-core-10.1.8.jar:10.1.8]
	at org.springframework.web.filter.RequestContextFilter.doFilterInternal(RequestContextFilter.java:100) ~[spring-web-6.0.9.jar:6.0.9]
	at org.springframework.web.filter.OncePerRequestFilter.doFilter(OncePerRequestFilter.java:116) ~[spring-web-6.0.9.jar:6.0.9]
	at org.apache.catalina.core.ApplicationFilterChain.internalDoFilter(ApplicationFilterChain.java:174) ~[tomcat-embed-core-10.1.8.jar:10.1.8]
	at org.apache.catalina.core.ApplicationFilterChain.doFilter(ApplicationFilterChain.java:149) ~[tomcat-embed-core-10.1.8.jar:10.1.8]
	at org.springframework.web.filter.FormContentFilter.doFilterInternal(FormContentFilter.java:93) ~[spring-web-6.0.9.jar:6.0.9]
	at org.springframework.web.filter.OncePerRequestFilter.doFilter(OncePerRequestFilter.java:116) ~[spring-web-6.0.9.jar:6.0.9]
	at org.apache.catalina.core.ApplicationFilterChain.internalDoFilter(ApplicationFilterChain.java:174) ~[tomcat-embed-core-10.1.8.jar:10.1.8]
	at org.apache.catalina.core.ApplicationFilterChain.doFilter(ApplicationFilterChain.java:149) ~[tomcat-embed-core-10.1.8.jar:10.1.8]
	at org.springframework.web.filter.CharacterEncodingFilter.doFilterInternal(CharacterEncodingFilter.java:201) ~[spring-web-6.0.9.jar:6.0.9]
	at org.springframework.web.filter.OncePerRequestFilter.doFilter(OncePerRequestFilter.java:116) ~[spring-web-6.0.9.jar:6.0.9]
	at org.apache.catalina.core.ApplicationFilterChain.internalDoFilter(ApplicationFilterChain.java:174) ~[tomcat-embed-core-10.1.8.jar:10.1.8]
	at org.apache.catalina.core.ApplicationFilterChain.doFilter(ApplicationFilterChain.java:149) ~[tomcat-embed-core-10.1.8.jar:10.1.8]
	at org.apache.catalina.core.StandardWrapperValve.invoke(StandardWrapperValve.java:166) ~[tomcat-embed-core-10.1.8.jar:10.1.8]
	at org.apache.catalina.core.StandardContextValve.invoke(StandardContextValve.java:90) ~[tomcat-embed-core-10.1.8.jar:10.1.8]
	at org.apache.catalina.authenticator.AuthenticatorBase.invoke(AuthenticatorBase.java:482) ~[tomcat-embed-core-10.1.8.jar:10.1.8]
	at org.apache.catalina.core.StandardHostValve.invoke(StandardHostValve.java:115) ~[tomcat-embed-core-10.1.8.jar:10.1.8]
	at org.apache.catalina.valves.ErrorReportValve.invoke(ErrorReportValve.java:93) ~[tomcat-embed-core-10.1.8.jar:10.1.8]
	at org.apache.catalina.core.StandardEngineValve.invoke(StandardEngineValve.java:74) ~[tomcat-embed-core-10.1.8.jar:10.1.8]
	at org.apache.catalina.connector.CoyoteAdapter.service(CoyoteAdapter.java:341) ~[tomcat-embed-core-10.1.8.jar:10.1.8]
	at org.apache.coyote.http11.Http11Processor.service(Http11Processor.java:390) ~[tomcat-embed-core-10.1.8.jar:10.1.8]
	at org.apache.coyote.AbstractProcessorLight.process(AbstractProcessorLight.java:63) ~[tomcat-embed-core-10.1.8.jar:10.1.8]
	at org.apache.coyote.AbstractProtocol$ConnectionHandler.process(AbstractProtocol.java:894) ~[tomcat-embed-core-10.1.8.jar:10.1.8]
	at org.apache.tomcat.util.net.NioEndpoint$SocketProcessor.doRun(NioEndpoint.java:1741) ~[tomcat-embed-core-10.1.8.jar:10.1.8]
	at org.apache.tomcat.util.net.SocketProcessorBase.run(SocketProcessorBase.java:52) ~[tomcat-embed-core-10.1.8.jar:10.1.8]
	at org.apache.tomcat.util.threads.ThreadPoolExecutor.runWorker(ThreadPoolExecutor.java:1191) ~[tomcat-embed-core-10.1.8.jar:10.1.8]
	at org.apache.tomcat.util.threads.ThreadPoolExecutor$Worker.run(ThreadPoolExecutor.java:659) ~[tomcat-embed-core-10.1.8.jar:10.1.8]
	at org.apache.tomcat.util.threads.TaskThread$WrappingRunnable.run(TaskThread.java:61) ~[tomcat-embed-core-10.1.8.jar:10.1.8]
	at java.base/java.lang.Thread.run(Thread.java:1570) ~[na:na]

2024-10-15T18:33:57.323+02:00 TRACE 21980 --- [nio-8090-exec-3] o.s.s.w.header.writers.HstsHeaderWriter  : Not injecting HSTS header since it did not match request to [Is Secure]
]]></system-out>
  </testcase>
  <testcase name="getBooksOfAuthor_thenOK" classname="no.hvl.dat152.rest.ws.main.test.TestAuthor" time="0.038">
    <system-out><![CDATA[2024-10-15T18:33:57.333+02:00 TRACE 21980 --- [nio-8090-exec-4] o.s.security.web.FilterChainProxy        : Trying to match request against DefaultSecurityFilterChain [RequestMatcher=any request, Filters=[org.springframework.security.web.session.DisableEncodeUrlFilter@71702d3f, org.springframework.security.web.context.request.async.WebAsyncManagerIntegrationFilter@6f9d1785, org.springframework.security.web.context.SecurityContextHolderFilter@5498d2a2, org.springframework.security.web.header.HeaderWriterFilter@58477355, org.springframework.security.web.authentication.logout.LogoutFilter@18c2b4c6, org.springframework.security.oauth2.server.resource.web.authentication.BearerTokenAuthenticationFilter@2778f3d1, no.hvl.dat152.rest.ws.security.AuthTokenFilter@7530090a, org.springframework.security.web.savedrequest.RequestCacheAwareFilter@74a121fe, org.springframework.security.web.servletapi.SecurityContextHolderAwareRequestFilter@12639753, org.springframework.security.web.authentication.AnonymousAuthenticationFilter@f9b97dc, org.springframework.security.web.session.SessionManagementFilter@282c3aa0, org.springframework.security.web.access.ExceptionTranslationFilter@4dd11699, org.springframework.security.web.access.intercept.AuthorizationFilter@414a3c7d]] (1/1)
2024-10-15T18:33:57.333+02:00 DEBUG 21980 --- [nio-8090-exec-4] o.s.security.web.FilterChainProxy        : Securing GET /elibrary/api/v1/authors/1/books
2024-10-15T18:33:57.333+02:00 TRACE 21980 --- [nio-8090-exec-4] o.s.security.web.FilterChainProxy        : Invoking DisableEncodeUrlFilter (1/13)
2024-10-15T18:33:57.333+02:00 TRACE 21980 --- [nio-8090-exec-4] o.s.security.web.FilterChainProxy        : Invoking WebAsyncManagerIntegrationFilter (2/13)
2024-10-15T18:33:57.333+02:00 TRACE 21980 --- [nio-8090-exec-4] o.s.security.web.FilterChainProxy        : Invoking SecurityContextHolderFilter (3/13)
2024-10-15T18:33:57.333+02:00 TRACE 21980 --- [nio-8090-exec-4] o.s.security.web.FilterChainProxy        : Invoking HeaderWriterFilter (4/13)
2024-10-15T18:33:57.333+02:00 TRACE 21980 --- [nio-8090-exec-4] o.s.security.web.FilterChainProxy        : Invoking LogoutFilter (5/13)
2024-10-15T18:33:57.334+02:00 TRACE 21980 --- [nio-8090-exec-4] o.s.s.w.a.logout.LogoutFilter            : Did not match request to Or [Ant [pattern='/logout', GET], Ant [pattern='/logout', POST], Ant [pattern='/logout', PUT], Ant [pattern='/logout', DELETE]]
2024-10-15T18:33:57.334+02:00 TRACE 21980 --- [nio-8090-exec-4] o.s.security.web.FilterChainProxy        : Invoking BearerTokenAuthenticationFilter (6/13)
2024-10-15T18:33:57.334+02:00 TRACE 21980 --- [nio-8090-exec-4] o.s.s.authentication.ProviderManager     : Authenticating request with JwtAuthenticationProvider (1/2)
2024-10-15T18:33:57.335+02:00 DEBUG 21980 --- [nio-8090-exec-4] o.s.s.o.s.r.a.JwtAuthenticationProvider  : Authenticated token
2024-10-15T18:33:57.335+02:00 DEBUG 21980 --- [nio-8090-exec-4] .s.r.w.a.BearerTokenAuthenticationFilter : Set SecurityContextHolder to JwtAuthenticationToken [Principal=org.springframework.security.oauth2.jwt.Jwt@fa4045e5, Credentials=[PROTECTED], Authenticated=true, Details=WebAuthenticationDetails [RemoteIpAddress=127.0.0.1, SessionId=null], Granted Authorities=[ADMIN, USER]]
2024-10-15T18:33:57.335+02:00 TRACE 21980 --- [nio-8090-exec-4] o.s.security.web.FilterChainProxy        : Invoking AuthTokenFilter (7/13)
2024-10-15T18:33:57.335+02:00 TRACE 21980 --- [nio-8090-exec-4] o.s.security.web.FilterChainProxy        : Invoking RequestCacheAwareFilter (8/13)
2024-10-15T18:33:57.335+02:00 TRACE 21980 --- [nio-8090-exec-4] o.s.security.web.FilterChainProxy        : Invoking SecurityContextHolderAwareRequestFilter (9/13)
2024-10-15T18:33:57.336+02:00 TRACE 21980 --- [nio-8090-exec-4] o.s.security.web.FilterChainProxy        : Invoking AnonymousAuthenticationFilter (10/13)
2024-10-15T18:33:57.336+02:00 TRACE 21980 --- [nio-8090-exec-4] o.s.security.web.FilterChainProxy        : Invoking SessionManagementFilter (11/13)
2024-10-15T18:33:57.336+02:00 TRACE 21980 --- [nio-8090-exec-4] o.s.s.w.a.AnonymousAuthenticationFilter  : Did not set SecurityContextHolder since already authenticated JwtAuthenticationToken [Principal=org.springframework.security.oauth2.jwt.Jwt@fa4045e5, Credentials=[PROTECTED], Authenticated=true, Details=no.hvl.dat152.rest.ws.security.UserDetailsImpl@7ecc884a, Granted Authorities=[ADMIN, USER]]
2024-10-15T18:33:57.336+02:00 TRACE 21980 --- [nio-8090-exec-4] s.CompositeSessionAuthenticationStrategy : Preparing session with ChangeSessionIdAuthenticationStrategy (1/1)
2024-10-15T18:33:57.336+02:00 TRACE 21980 --- [nio-8090-exec-4] o.s.security.web.FilterChainProxy        : Invoking ExceptionTranslationFilter (12/13)
2024-10-15T18:33:57.336+02:00 TRACE 21980 --- [nio-8090-exec-4] o.s.security.web.FilterChainProxy        : Invoking AuthorizationFilter (13/13)
2024-10-15T18:33:57.336+02:00 TRACE 21980 --- [nio-8090-exec-4] estMatcherDelegatingAuthorizationManager : Authorizing SecurityContextHolderAwareRequestWrapper[ org.springframework.security.web.header.HeaderWriterFilter$HeaderWriterRequest@700b69e3]
2024-10-15T18:33:57.336+02:00 TRACE 21980 --- [nio-8090-exec-4] estMatcherDelegatingAuthorizationManager : Checking authorization on SecurityContextHolderAwareRequestWrapper[ org.springframework.security.web.header.HeaderWriterFilter$HeaderWriterRequest@700b69e3] using org.springframework.security.authorization.AuthenticatedAuthorizationManager@649ab949
2024-10-15T18:33:57.336+02:00 DEBUG 21980 --- [nio-8090-exec-4] o.s.security.web.FilterChainProxy        : Secured GET /elibrary/api/v1/authors/1/books
2024-10-15T18:33:57.338+02:00 DEBUG 21980 --- [nio-8090-exec-4] horizationManagerBeforeMethodInterceptor : Authorizing method invocation ReflectiveMethodInvocation: public org.springframework.http.ResponseEntity no.hvl.dat152.rest.ws.controller.AuthorController.getBooksByAuthorId(java.lang.Long) throws no.hvl.dat152.rest.ws.exceptions.BookNotFoundException; target is of class [no.hvl.dat152.rest.ws.controller.AuthorController]
2024-10-15T18:33:57.338+02:00 DEBUG 21980 --- [nio-8090-exec-4] horizationManagerBeforeMethodInterceptor : Authorized method invocation ReflectiveMethodInvocation: public org.springframework.http.ResponseEntity no.hvl.dat152.rest.ws.controller.AuthorController.getBooksByAuthorId(java.lang.Long) throws no.hvl.dat152.rest.ws.exceptions.BookNotFoundException; target is of class [no.hvl.dat152.rest.ws.controller.AuthorController]
Hibernate: select a1_0.author_id,a1_0.firstname,a1_0.lastname from author a1_0 where a1_0.author_id=?
Hibernate: select b1_0.fk_author,b1_1.id,b1_1.isbn,b1_1.title from book_author b1_0 join book b1_1 on b1_1.id=b1_0.fk_book where b1_0.fk_author=?
Hibernate: select a1_0.fk_book,a1_1.author_id,a1_1.firstname,a1_1.lastname from book_author a1_0 join author a1_1 on a1_1.author_id=a1_0.fk_author where a1_0.fk_book=?
2024-10-15T18:33:57.355+02:00 TRACE 21980 --- [nio-8090-exec-4] o.s.s.w.header.writers.HstsHeaderWriter  : Not injecting HSTS header since it did not match request to [Is Secure]
]]></system-out>
  </testcase>
  <testcase name="getAllAuthors_thenOK" classname="no.hvl.dat152.rest.ws.main.test.TestAuthor" time="0.05">
    <system-out><![CDATA[2024-10-15T18:33:57.373+02:00 TRACE 21980 --- [nio-8090-exec-5] o.s.security.web.FilterChainProxy        : Trying to match request against DefaultSecurityFilterChain [RequestMatcher=any request, Filters=[org.springframework.security.web.session.DisableEncodeUrlFilter@71702d3f, org.springframework.security.web.context.request.async.WebAsyncManagerIntegrationFilter@6f9d1785, org.springframework.security.web.context.SecurityContextHolderFilter@5498d2a2, org.springframework.security.web.header.HeaderWriterFilter@58477355, org.springframework.security.web.authentication.logout.LogoutFilter@18c2b4c6, org.springframework.security.oauth2.server.resource.web.authentication.BearerTokenAuthenticationFilter@2778f3d1, no.hvl.dat152.rest.ws.security.AuthTokenFilter@7530090a, org.springframework.security.web.savedrequest.RequestCacheAwareFilter@74a121fe, org.springframework.security.web.servletapi.SecurityContextHolderAwareRequestFilter@12639753, org.springframework.security.web.authentication.AnonymousAuthenticationFilter@f9b97dc, org.springframework.security.web.session.SessionManagementFilter@282c3aa0, org.springframework.security.web.access.ExceptionTranslationFilter@4dd11699, org.springframework.security.web.access.intercept.AuthorizationFilter@414a3c7d]] (1/1)
2024-10-15T18:33:57.373+02:00 DEBUG 21980 --- [nio-8090-exec-5] o.s.security.web.FilterChainProxy        : Securing GET /elibrary/api/v1/authors
2024-10-15T18:33:57.373+02:00 TRACE 21980 --- [nio-8090-exec-5] o.s.security.web.FilterChainProxy        : Invoking DisableEncodeUrlFilter (1/13)
2024-10-15T18:33:57.373+02:00 TRACE 21980 --- [nio-8090-exec-5] o.s.security.web.FilterChainProxy        : Invoking WebAsyncManagerIntegrationFilter (2/13)
2024-10-15T18:33:57.374+02:00 TRACE 21980 --- [nio-8090-exec-5] o.s.security.web.FilterChainProxy        : Invoking SecurityContextHolderFilter (3/13)
2024-10-15T18:33:57.374+02:00 TRACE 21980 --- [nio-8090-exec-5] o.s.security.web.FilterChainProxy        : Invoking HeaderWriterFilter (4/13)
2024-10-15T18:33:57.374+02:00 TRACE 21980 --- [nio-8090-exec-5] o.s.security.web.FilterChainProxy        : Invoking LogoutFilter (5/13)
2024-10-15T18:33:57.374+02:00 TRACE 21980 --- [nio-8090-exec-5] o.s.s.w.a.logout.LogoutFilter            : Did not match request to Or [Ant [pattern='/logout', GET], Ant [pattern='/logout', POST], Ant [pattern='/logout', PUT], Ant [pattern='/logout', DELETE]]
2024-10-15T18:33:57.374+02:00 TRACE 21980 --- [nio-8090-exec-5] o.s.security.web.FilterChainProxy        : Invoking BearerTokenAuthenticationFilter (6/13)
2024-10-15T18:33:57.374+02:00 TRACE 21980 --- [nio-8090-exec-5] o.s.s.authentication.ProviderManager     : Authenticating request with JwtAuthenticationProvider (1/2)
2024-10-15T18:33:57.375+02:00 DEBUG 21980 --- [nio-8090-exec-5] o.s.s.o.s.r.a.JwtAuthenticationProvider  : Authenticated token
2024-10-15T18:33:57.375+02:00 DEBUG 21980 --- [nio-8090-exec-5] .s.r.w.a.BearerTokenAuthenticationFilter : Set SecurityContextHolder to JwtAuthenticationToken [Principal=org.springframework.security.oauth2.jwt.Jwt@fa4045e5, Credentials=[PROTECTED], Authenticated=true, Details=WebAuthenticationDetails [RemoteIpAddress=127.0.0.1, SessionId=null], Granted Authorities=[ADMIN, USER]]
2024-10-15T18:33:57.375+02:00 TRACE 21980 --- [nio-8090-exec-5] o.s.security.web.FilterChainProxy        : Invoking AuthTokenFilter (7/13)
2024-10-15T18:33:57.376+02:00 TRACE 21980 --- [nio-8090-exec-5] o.s.security.web.FilterChainProxy        : Invoking RequestCacheAwareFilter (8/13)
2024-10-15T18:33:57.376+02:00 TRACE 21980 --- [nio-8090-exec-5] o.s.security.web.FilterChainProxy        : Invoking SecurityContextHolderAwareRequestFilter (9/13)
2024-10-15T18:33:57.376+02:00 TRACE 21980 --- [nio-8090-exec-5] o.s.security.web.FilterChainProxy        : Invoking AnonymousAuthenticationFilter (10/13)
2024-10-15T18:33:57.376+02:00 TRACE 21980 --- [nio-8090-exec-5] o.s.security.web.FilterChainProxy        : Invoking SessionManagementFilter (11/13)
2024-10-15T18:33:57.376+02:00 TRACE 21980 --- [nio-8090-exec-5] o.s.s.w.a.AnonymousAuthenticationFilter  : Did not set SecurityContextHolder since already authenticated JwtAuthenticationToken [Principal=org.springframework.security.oauth2.jwt.Jwt@fa4045e5, Credentials=[PROTECTED], Authenticated=true, Details=no.hvl.dat152.rest.ws.security.UserDetailsImpl@57b0914b, Granted Authorities=[ADMIN, USER]]
2024-10-15T18:33:57.376+02:00 TRACE 21980 --- [nio-8090-exec-5] s.CompositeSessionAuthenticationStrategy : Preparing session with ChangeSessionIdAuthenticationStrategy (1/1)
2024-10-15T18:33:57.376+02:00 TRACE 21980 --- [nio-8090-exec-5] o.s.security.web.FilterChainProxy        : Invoking ExceptionTranslationFilter (12/13)
2024-10-15T18:33:57.376+02:00 TRACE 21980 --- [nio-8090-exec-5] o.s.security.web.FilterChainProxy        : Invoking AuthorizationFilter (13/13)
2024-10-15T18:33:57.376+02:00 TRACE 21980 --- [nio-8090-exec-5] estMatcherDelegatingAuthorizationManager : Authorizing SecurityContextHolderAwareRequestWrapper[ org.springframework.security.web.header.HeaderWriterFilter$HeaderWriterRequest@597765cd]
2024-10-15T18:33:57.376+02:00 TRACE 21980 --- [nio-8090-exec-5] estMatcherDelegatingAuthorizationManager : Checking authorization on SecurityContextHolderAwareRequestWrapper[ org.springframework.security.web.header.HeaderWriterFilter$HeaderWriterRequest@597765cd] using org.springframework.security.authorization.AuthenticatedAuthorizationManager@649ab949
2024-10-15T18:33:57.376+02:00 DEBUG 21980 --- [nio-8090-exec-5] o.s.security.web.FilterChainProxy        : Secured GET /elibrary/api/v1/authors
2024-10-15T18:33:57.376+02:00 DEBUG 21980 --- [nio-8090-exec-5] horizationManagerBeforeMethodInterceptor : Authorizing method invocation ReflectiveMethodInvocation: public org.springframework.http.ResponseEntity no.hvl.dat152.rest.ws.controller.AuthorController.getAllAuthors(); target is of class [no.hvl.dat152.rest.ws.controller.AuthorController]
2024-10-15T18:33:57.377+02:00 DEBUG 21980 --- [nio-8090-exec-5] horizationManagerBeforeMethodInterceptor : Authorized method invocation ReflectiveMethodInvocation: public org.springframework.http.ResponseEntity no.hvl.dat152.rest.ws.controller.AuthorController.getAllAuthors(); target is of class [no.hvl.dat152.rest.ws.controller.AuthorController]
Hibernate: select a1_0.author_id,a1_0.firstname,a1_0.lastname from author a1_0
Hibernate: select b1_0.fk_author,b1_1.id,b1_1.isbn,b1_1.title from book_author b1_0 join book b1_1 on b1_1.id=b1_0.fk_book where b1_0.fk_author=?
Hibernate: select b1_0.fk_author,b1_1.id,b1_1.isbn,b1_1.title from book_author b1_0 join book b1_1 on b1_1.id=b1_0.fk_book where b1_0.fk_author=?
Hibernate: select b1_0.fk_author,b1_1.id,b1_1.isbn,b1_1.title from book_author b1_0 join book b1_1 on b1_1.id=b1_0.fk_book where b1_0.fk_author=?
Hibernate: select b1_0.fk_author,b1_1.id,b1_1.isbn,b1_1.title from book_author b1_0 join book b1_1 on b1_1.id=b1_0.fk_book where b1_0.fk_author=?
Hibernate: select b1_0.fk_author,b1_1.id,b1_1.isbn,b1_1.title from book_author b1_0 join book b1_1 on b1_1.id=b1_0.fk_book where b1_0.fk_author=?
Hibernate: select b1_0.fk_author,b1_1.id,b1_1.isbn,b1_1.title from book_author b1_0 join book b1_1 on b1_1.id=b1_0.fk_book where b1_0.fk_author=?
Hibernate: select b1_0.fk_author,b1_1.id,b1_1.isbn,b1_1.title from book_author b1_0 join book b1_1 on b1_1.id=b1_0.fk_book where b1_0.fk_author=?
2024-10-15T18:33:57.403+02:00 TRACE 21980 --- [nio-8090-exec-5] o.s.s.w.header.writers.HstsHeaderWriter  : Not injecting HSTS header since it did not match request to [Is Secure]
]]></system-out>
  </testcase>
  <testcase name="getAuthorById_thenOK" classname="no.hvl.dat152.rest.ws.main.test.TestAuthor" time="0.025">
    <system-out><![CDATA[2024-10-15T18:33:57.424+02:00 TRACE 21980 --- [nio-8090-exec-6] o.s.security.web.FilterChainProxy        : Trying to match request against DefaultSecurityFilterChain [RequestMatcher=any request, Filters=[org.springframework.security.web.session.DisableEncodeUrlFilter@71702d3f, org.springframework.security.web.context.request.async.WebAsyncManagerIntegrationFilter@6f9d1785, org.springframework.security.web.context.SecurityContextHolderFilter@5498d2a2, org.springframework.security.web.header.HeaderWriterFilter@58477355, org.springframework.security.web.authentication.logout.LogoutFilter@18c2b4c6, org.springframework.security.oauth2.server.resource.web.authentication.BearerTokenAuthenticationFilter@2778f3d1, no.hvl.dat152.rest.ws.security.AuthTokenFilter@7530090a, org.springframework.security.web.savedrequest.RequestCacheAwareFilter@74a121fe, org.springframework.security.web.servletapi.SecurityContextHolderAwareRequestFilter@12639753, org.springframework.security.web.authentication.AnonymousAuthenticationFilter@f9b97dc, org.springframework.security.web.session.SessionManagementFilter@282c3aa0, org.springframework.security.web.access.ExceptionTranslationFilter@4dd11699, org.springframework.security.web.access.intercept.AuthorizationFilter@414a3c7d]] (1/1)
2024-10-15T18:33:57.424+02:00 DEBUG 21980 --- [nio-8090-exec-6] o.s.security.web.FilterChainProxy        : Securing GET /elibrary/api/v1/authors/1
2024-10-15T18:33:57.425+02:00 TRACE 21980 --- [nio-8090-exec-6] o.s.security.web.FilterChainProxy        : Invoking DisableEncodeUrlFilter (1/13)
2024-10-15T18:33:57.425+02:00 TRACE 21980 --- [nio-8090-exec-6] o.s.security.web.FilterChainProxy        : Invoking WebAsyncManagerIntegrationFilter (2/13)
2024-10-15T18:33:57.425+02:00 TRACE 21980 --- [nio-8090-exec-6] o.s.security.web.FilterChainProxy        : Invoking SecurityContextHolderFilter (3/13)
2024-10-15T18:33:57.425+02:00 TRACE 21980 --- [nio-8090-exec-6] o.s.security.web.FilterChainProxy        : Invoking HeaderWriterFilter (4/13)
2024-10-15T18:33:57.425+02:00 TRACE 21980 --- [nio-8090-exec-6] o.s.security.web.FilterChainProxy        : Invoking LogoutFilter (5/13)
2024-10-15T18:33:57.425+02:00 TRACE 21980 --- [nio-8090-exec-6] o.s.s.w.a.logout.LogoutFilter            : Did not match request to Or [Ant [pattern='/logout', GET], Ant [pattern='/logout', POST], Ant [pattern='/logout', PUT], Ant [pattern='/logout', DELETE]]
2024-10-15T18:33:57.425+02:00 TRACE 21980 --- [nio-8090-exec-6] o.s.security.web.FilterChainProxy        : Invoking BearerTokenAuthenticationFilter (6/13)
2024-10-15T18:33:57.425+02:00 TRACE 21980 --- [nio-8090-exec-6] o.s.s.authentication.ProviderManager     : Authenticating request with JwtAuthenticationProvider (1/2)
2024-10-15T18:33:57.427+02:00 DEBUG 21980 --- [nio-8090-exec-6] o.s.s.o.s.r.a.JwtAuthenticationProvider  : Authenticated token
2024-10-15T18:33:57.427+02:00 DEBUG 21980 --- [nio-8090-exec-6] .s.r.w.a.BearerTokenAuthenticationFilter : Set SecurityContextHolder to JwtAuthenticationToken [Principal=org.springframework.security.oauth2.jwt.Jwt@fa4045e5, Credentials=[PROTECTED], Authenticated=true, Details=WebAuthenticationDetails [RemoteIpAddress=127.0.0.1, SessionId=null], Granted Authorities=[ADMIN, USER]]
2024-10-15T18:33:57.427+02:00 TRACE 21980 --- [nio-8090-exec-6] o.s.security.web.FilterChainProxy        : Invoking AuthTokenFilter (7/13)
2024-10-15T18:33:57.427+02:00 TRACE 21980 --- [nio-8090-exec-6] o.s.security.web.FilterChainProxy        : Invoking RequestCacheAwareFilter (8/13)
2024-10-15T18:33:57.427+02:00 TRACE 21980 --- [nio-8090-exec-6] o.s.security.web.FilterChainProxy        : Invoking SecurityContextHolderAwareRequestFilter (9/13)
2024-10-15T18:33:57.427+02:00 TRACE 21980 --- [nio-8090-exec-6] o.s.security.web.FilterChainProxy        : Invoking AnonymousAuthenticationFilter (10/13)
2024-10-15T18:33:57.427+02:00 TRACE 21980 --- [nio-8090-exec-6] o.s.security.web.FilterChainProxy        : Invoking SessionManagementFilter (11/13)
2024-10-15T18:33:57.427+02:00 TRACE 21980 --- [nio-8090-exec-6] o.s.s.w.a.AnonymousAuthenticationFilter  : Did not set SecurityContextHolder since already authenticated JwtAuthenticationToken [Principal=org.springframework.security.oauth2.jwt.Jwt@fa4045e5, Credentials=[PROTECTED], Authenticated=true, Details=no.hvl.dat152.rest.ws.security.UserDetailsImpl@19b47f8e, Granted Authorities=[ADMIN, USER]]
2024-10-15T18:33:57.427+02:00 TRACE 21980 --- [nio-8090-exec-6] s.CompositeSessionAuthenticationStrategy : Preparing session with ChangeSessionIdAuthenticationStrategy (1/1)
2024-10-15T18:33:57.427+02:00 TRACE 21980 --- [nio-8090-exec-6] o.s.security.web.FilterChainProxy        : Invoking ExceptionTranslationFilter (12/13)
2024-10-15T18:33:57.427+02:00 TRACE 21980 --- [nio-8090-exec-6] o.s.security.web.FilterChainProxy        : Invoking AuthorizationFilter (13/13)
2024-10-15T18:33:57.427+02:00 TRACE 21980 --- [nio-8090-exec-6] estMatcherDelegatingAuthorizationManager : Authorizing SecurityContextHolderAwareRequestWrapper[ org.springframework.security.web.header.HeaderWriterFilter$HeaderWriterRequest@177382c8]
2024-10-15T18:33:57.427+02:00 TRACE 21980 --- [nio-8090-exec-6] estMatcherDelegatingAuthorizationManager : Checking authorization on SecurityContextHolderAwareRequestWrapper[ org.springframework.security.web.header.HeaderWriterFilter$HeaderWriterRequest@177382c8] using org.springframework.security.authorization.AuthenticatedAuthorizationManager@649ab949
2024-10-15T18:33:57.427+02:00 DEBUG 21980 --- [nio-8090-exec-6] o.s.security.web.FilterChainProxy        : Secured GET /elibrary/api/v1/authors/1
2024-10-15T18:33:57.428+02:00 DEBUG 21980 --- [nio-8090-exec-6] horizationManagerBeforeMethodInterceptor : Authorizing method invocation ReflectiveMethodInvocation: public org.springframework.http.ResponseEntity no.hvl.dat152.rest.ws.controller.AuthorController.getAuthor(long) throws no.hvl.dat152.rest.ws.exceptions.AuthorNotFoundException; target is of class [no.hvl.dat152.rest.ws.controller.AuthorController]
2024-10-15T18:33:57.429+02:00 DEBUG 21980 --- [nio-8090-exec-6] horizationManagerBeforeMethodInterceptor : Authorized method invocation ReflectiveMethodInvocation: public org.springframework.http.ResponseEntity no.hvl.dat152.rest.ws.controller.AuthorController.getAuthor(long) throws no.hvl.dat152.rest.ws.exceptions.AuthorNotFoundException; target is of class [no.hvl.dat152.rest.ws.controller.AuthorController]
Hibernate: select a1_0.author_id,a1_0.firstname,a1_0.lastname from author a1_0 where a1_0.author_id=?
Hibernate: select b1_0.fk_author,b1_1.id,b1_1.isbn,b1_1.title from book_author b1_0 join book b1_1 on b1_1.id=b1_0.fk_book where b1_0.fk_author=?
2024-10-15T18:33:57.431+02:00 TRACE 21980 --- [nio-8090-exec-6] o.s.s.w.header.writers.HstsHeaderWriter  : Not injecting HSTS header since it did not match request to [Is Secure]
]]></system-out>
  </testcase>
</testsuite>