<?xml version="1.0" encoding="UTF-8"?>
<testsuite xmlns:xsi="http://www.w3.org/2001/XMLSchema-instance" xsi:noNamespaceSchemaLocation="https://maven.apache.org/surefire/maven-surefire-plugin/xsd/surefire-test-report-3.0.xsd" version="3.0" name="no.hvl.dat152.rest.ws.main.test.TestOrder" time="0.155" tests="6" errors="0" skipped="0" failures="0">
  <properties>
[...]
</properties>
  <testcase name="getAllOrders_USER_ROLE_thenOK" classname="no.hvl.dat152.rest.ws.main.test.TestOrder" time="0.02">
    <system-out><![CDATA[2024-10-15T18:33:57.656+02:00  INFO 21980 --- [           main] t.c.s.AnnotationConfigContextLoaderUtils : Could not detect default configuration classes for test class [no.hvl.dat152.rest.ws.main.test.TestOrder]: TestOrder does not declare any static, non-private, non-final, nested classes annotated with @Configuration.
2024-10-15T18:33:57.657+02:00  INFO 21980 --- [           main] .b.t.c.SpringBootTestContextBootstrapper : Found @SpringBootConfiguration no.hvl.dat152.rest.ws.main.LibraryApplication for test class no.hvl.dat152.rest.ws.main.test.TestOrder
2024-10-15T18:33:57.668+02:00 TRACE 21980 --- [nio-8090-exec-4] o.s.security.web.FilterChainProxy        : Trying to match request against DefaultSecurityFilterChain [RequestMatcher=any request, Filters=[org.springframework.security.web.session.DisableEncodeUrlFilter@71702d3f, org.springframework.security.web.context.request.async.WebAsyncManagerIntegrationFilter@6f9d1785, org.springframework.security.web.context.SecurityContextHolderFilter@5498d2a2, org.springframework.security.web.header.HeaderWriterFilter@58477355, org.springframework.security.web.authentication.logout.LogoutFilter@18c2b4c6, org.springframework.security.oauth2.server.resource.web.authentication.BearerTokenAuthenticationFilter@2778f3d1, no.hvl.dat152.rest.ws.security.AuthTokenFilter@7530090a, org.springframework.security.web.savedrequest.RequestCacheAwareFilter@74a121fe, org.springframework.security.web.servletapi.SecurityContextHolderAwareRequestFilter@12639753, org.springframework.security.web.authentication.AnonymousAuthenticationFilter@f9b97dc, org.springframework.security.web.session.SessionManagementFilter@282c3aa0, org.springframework.security.web.access.ExceptionTranslationFilter@4dd11699, org.springframework.security.web.access.intercept.AuthorizationFilter@414a3c7d]] (1/1)
2024-10-15T18:33:57.668+02:00 DEBUG 21980 --- [nio-8090-exec-4] o.s.security.web.FilterChainProxy        : Securing GET /elibrary/api/v1/orders
2024-10-15T18:33:57.668+02:00 TRACE 21980 --- [nio-8090-exec-4] o.s.security.web.FilterChainProxy        : Invoking DisableEncodeUrlFilter (1/13)
2024-10-15T18:33:57.668+02:00 TRACE 21980 --- [nio-8090-exec-4] o.s.security.web.FilterChainProxy        : Invoking WebAsyncManagerIntegrationFilter (2/13)
2024-10-15T18:33:57.668+02:00 TRACE 21980 --- [nio-8090-exec-4] o.s.security.web.FilterChainProxy        : Invoking SecurityContextHolderFilter (3/13)
2024-10-15T18:33:57.668+02:00 TRACE 21980 --- [nio-8090-exec-4] o.s.security.web.FilterChainProxy        : Invoking HeaderWriterFilter (4/13)
2024-10-15T18:33:57.668+02:00 TRACE 21980 --- [nio-8090-exec-4] o.s.security.web.FilterChainProxy        : Invoking LogoutFilter (5/13)
2024-10-15T18:33:57.668+02:00 TRACE 21980 --- [nio-8090-exec-4] o.s.s.w.a.logout.LogoutFilter            : Did not match request to Or [Ant [pattern='/logout', GET], Ant [pattern='/logout', POST], Ant [pattern='/logout', PUT], Ant [pattern='/logout', DELETE]]
2024-10-15T18:33:57.668+02:00 TRACE 21980 --- [nio-8090-exec-4] o.s.security.web.FilterChainProxy        : Invoking BearerTokenAuthenticationFilter (6/13)
2024-10-15T18:33:57.669+02:00 TRACE 21980 --- [nio-8090-exec-4] o.s.s.authentication.ProviderManager     : Authenticating request with JwtAuthenticationProvider (1/2)
2024-10-15T18:33:57.670+02:00 DEBUG 21980 --- [nio-8090-exec-4] o.s.s.o.s.r.a.JwtAuthenticationProvider  : Authenticated token
2024-10-15T18:33:57.670+02:00 DEBUG 21980 --- [nio-8090-exec-4] .s.r.w.a.BearerTokenAuthenticationFilter : Set SecurityContextHolder to JwtAuthenticationToken [Principal=org.springframework.security.oauth2.jwt.Jwt@a01f67cb, Credentials=[PROTECTED], Authenticated=true, Details=WebAuthenticationDetails [RemoteIpAddress=127.0.0.1, SessionId=null], Granted Authorities=[USER]]
2024-10-15T18:33:57.670+02:00 TRACE 21980 --- [nio-8090-exec-4] o.s.security.web.FilterChainProxy        : Invoking AuthTokenFilter (7/13)
2024-10-15T18:33:57.670+02:00 TRACE 21980 --- [nio-8090-exec-4] o.s.security.web.FilterChainProxy        : Invoking RequestCacheAwareFilter (8/13)
2024-10-15T18:33:57.670+02:00 TRACE 21980 --- [nio-8090-exec-4] o.s.security.web.FilterChainProxy        : Invoking SecurityContextHolderAwareRequestFilter (9/13)
2024-10-15T18:33:57.670+02:00 TRACE 21980 --- [nio-8090-exec-4] o.s.security.web.FilterChainProxy        : Invoking AnonymousAuthenticationFilter (10/13)
2024-10-15T18:33:57.670+02:00 TRACE 21980 --- [nio-8090-exec-4] o.s.security.web.FilterChainProxy        : Invoking SessionManagementFilter (11/13)
2024-10-15T18:33:57.670+02:00 TRACE 21980 --- [nio-8090-exec-4] o.s.s.w.a.AnonymousAuthenticationFilter  : Did not set SecurityContextHolder since already authenticated JwtAuthenticationToken [Principal=org.springframework.security.oauth2.jwt.Jwt@a01f67cb, Credentials=[PROTECTED], Authenticated=true, Details=no.hvl.dat152.rest.ws.security.UserDetailsImpl@7fd22002, Granted Authorities=[USER]]
2024-10-15T18:33:57.670+02:00 TRACE 21980 --- [nio-8090-exec-4] s.CompositeSessionAuthenticationStrategy : Preparing session with ChangeSessionIdAuthenticationStrategy (1/1)
2024-10-15T18:33:57.670+02:00 TRACE 21980 --- [nio-8090-exec-4] o.s.security.web.FilterChainProxy        : Invoking ExceptionTranslationFilter (12/13)
2024-10-15T18:33:57.670+02:00 TRACE 21980 --- [nio-8090-exec-4] o.s.security.web.FilterChainProxy        : Invoking AuthorizationFilter (13/13)
2024-10-15T18:33:57.671+02:00 TRACE 21980 --- [nio-8090-exec-4] estMatcherDelegatingAuthorizationManager : Authorizing SecurityContextHolderAwareRequestWrapper[ org.springframework.security.web.header.HeaderWriterFilter$HeaderWriterRequest@3734bc94]
2024-10-15T18:33:57.671+02:00 TRACE 21980 --- [nio-8090-exec-4] estMatcherDelegatingAuthorizationManager : Checking authorization on SecurityContextHolderAwareRequestWrapper[ org.springframework.security.web.header.HeaderWriterFilter$HeaderWriterRequest@3734bc94] using org.springframework.security.authorization.AuthenticatedAuthorizationManager@649ab949
2024-10-15T18:33:57.671+02:00 DEBUG 21980 --- [nio-8090-exec-4] o.s.security.web.FilterChainProxy        : Secured GET /elibrary/api/v1/orders
2024-10-15T18:33:57.676+02:00 DEBUG 21980 --- [nio-8090-exec-4] horizationManagerBeforeMethodInterceptor : Authorizing method invocation ReflectiveMethodInvocation: public org.springframework.http.ResponseEntity no.hvl.dat152.rest.ws.controller.OrderController.getAllBorrowOrders(java.lang.String,org.springframework.data.domain.Pageable); target is of class [no.hvl.dat152.rest.ws.controller.OrderController]
2024-10-15T18:33:57.677+02:00 DEBUG 21980 --- [nio-8090-exec-4] horizationManagerBeforeMethodInterceptor : Failed to authorize ReflectiveMethodInvocation: public org.springframework.http.ResponseEntity no.hvl.dat152.rest.ws.controller.OrderController.getAllBorrowOrders(java.lang.String,org.springframework.data.domain.Pageable); target is of class [no.hvl.dat152.rest.ws.controller.OrderController] with authorization manager org.springframework.security.config.annotation.method.configuration.DeferringObservationAuthorizationManager@40f49312 and decision ExpressionAuthorizationDecision [granted=false, expressionAttribute=hasAuthority('SUPER_ADMIN') or hasAuthority('ADMIN')]
2024-10-15T18:33:57.677+02:00 TRACE 21980 --- [nio-8090-exec-4] o.s.s.w.a.ExceptionTranslationFilter     : Sending JwtAuthenticationToken [Principal=org.springframework.security.oauth2.jwt.Jwt@a01f67cb, Credentials=[PROTECTED], Authenticated=true, Details=no.hvl.dat152.rest.ws.security.UserDetailsImpl@7fd22002, Granted Authorities=[USER]] to access denied handler since access is denied

org.springframework.security.access.AccessDeniedException: Access Denied
	at org.springframework.security.authorization.method.AuthorizationManagerBeforeMethodInterceptor.attemptAuthorization(AuthorizationManagerBeforeMethodInterceptor.java:257) ~[spring-security-core-6.1.0.jar:6.1.0]
	at org.springframework.security.authorization.method.AuthorizationManagerBeforeMethodInterceptor.invoke(AuthorizationManagerBeforeMethodInterceptor.java:198) ~[spring-security-core-6.1.0.jar:6.1.0]
	at org.springframework.aop.framework.ReflectiveMethodInvocation.proceed(ReflectiveMethodInvocation.java:184) ~[spring-aop-6.0.9.jar:6.0.9]
	at org.springframework.aop.framework.CglibAopProxy$CglibMethodInvocation.proceed(CglibAopProxy.java:750) ~[spring-aop-6.0.9.jar:6.0.9]
	at org.springframework.aop.framework.CglibAopProxy$DynamicAdvisedInterceptor.intercept(CglibAopProxy.java:702) ~[spring-aop-6.0.9.jar:6.0.9]
	at no.hvl.dat152.rest.ws.controller.OrderController$$SpringCGLIB$$0.getAllBorrowOrders(<generated>) ~[classes/:na]
	at java.base/jdk.internal.reflect.DirectMethodHandleAccessor.invoke(DirectMethodHandleAccessor.java:103) ~[na:na]
	at java.base/java.lang.reflect.Method.invoke(Method.java:580) ~[na:na]
	at org.springframework.web.method.support.InvocableHandlerMethod.doInvoke(InvocableHandlerMethod.java:207) ~[spring-web-6.0.9.jar:6.0.9]
	at org.springframework.web.method.support.InvocableHandlerMethod.invokeForRequest(InvocableHandlerMethod.java:152) ~[spring-web-6.0.9.jar:6.0.9]
	at org.springframework.web.servlet.mvc.method.annotation.ServletInvocableHandlerMethod.invokeAndHandle(ServletInvocableHandlerMethod.java:118) ~[spring-webmvc-6.0.9.jar:6.0.9]
	at org.springframework.web.servlet.mvc.method.annotation.RequestMappingHandlerAdapter.invokeHandlerMethod(RequestMappingHandlerAdapter.java:884) ~[spring-webmvc-6.0.9.jar:6.0.9]
	at org.springframework.web.servlet.mvc.method.annotation.RequestMappingHandlerAdapter.handleInternal(RequestMappingHandlerAdapter.java:797) ~[spring-webmvc-6.0.9.jar:6.0.9]
	at org.springframework.web.servlet.mvc.method.AbstractHandlerMethodAdapter.handle(AbstractHandlerMethodAdapter.java:87) ~[spring-webmvc-6.0.9.jar:6.0.9]
	at org.springframework.web.servlet.DispatcherServlet.doDispatch(DispatcherServlet.java:1081) ~[spring-webmvc-6.0.9.jar:6.0.9]
	at org.springframework.web.servlet.DispatcherServlet.doService(DispatcherServlet.java:974) ~[spring-webmvc-6.0.9.jar:6.0.9]
	at org.springframework.web.servlet.FrameworkServlet.processRequest(FrameworkServlet.java:1011) ~[spring-webmvc-6.0.9.jar:6.0.9]
	at org.springframework.web.servlet.FrameworkServlet.doGet(FrameworkServlet.java:903) ~[spring-webmvc-6.0.9.jar:6.0.9]
	at jakarta.servlet.http.HttpServlet.service(HttpServlet.java:564) ~[tomcat-embed-core-10.1.8.jar:6.0]
	at org.springframework.web.servlet.FrameworkServlet.service(FrameworkServlet.java:885) ~[spring-webmvc-6.0.9.jar:6.0.9]
	at jakarta.servlet.http.HttpServlet.service(HttpServlet.java:658) ~[tomcat-embed-core-10.1.8.jar:6.0]
	at org.apache.catalina.core.ApplicationFilterChain.internalDoFilter(ApplicationFilterChain.java:205) ~[tomcat-embed-core-10.1.8.jar:10.1.8]
	at org.apache.catalina.core.ApplicationFilterChain.doFilter(ApplicationFilterChain.java:149) ~[tomcat-embed-core-10.1.8.jar:10.1.8]
	at org.apache.tomcat.websocket.server.WsFilter.doFilter(WsFilter.java:51) ~[tomcat-embed-websocket-10.1.8.jar:10.1.8]
	at org.apache.catalina.core.ApplicationFilterChain.internalDoFilter(ApplicationFilterChain.java:174) ~[tomcat-embed-core-10.1.8.jar:10.1.8]
	at org.apache.catalina.core.ApplicationFilterChain.doFilter(ApplicationFilterChain.java:149) ~[tomcat-embed-core-10.1.8.jar:10.1.8]
	at org.springframework.web.filter.OncePerRequestFilter.doFilter(OncePerRequestFilter.java:110) ~[spring-web-6.0.9.jar:6.0.9]
	at org.apache.catalina.core.ApplicationFilterChain.internalDoFilter(ApplicationFilterChain.java:174) ~[tomcat-embed-core-10.1.8.jar:10.1.8]
	at org.apache.catalina.core.ApplicationFilterChain.doFilter(ApplicationFilterChain.java:149) ~[tomcat-embed-core-10.1.8.jar:10.1.8]
	at org.springframework.security.web.FilterChainProxy.lambda$doFilterInternal$3(FilterChainProxy.java:231) ~[spring-security-web-6.1.0.jar:6.1.0]
	at org.springframework.security.web.FilterChainProxy$VirtualFilterChain.doFilter(FilterChainProxy.java:365) ~[spring-security-web-6.1.0.jar:6.1.0]
	at org.springframework.security.web.access.intercept.AuthorizationFilter.doFilter(AuthorizationFilter.java:100) ~[spring-security-web-6.1.0.jar:6.1.0]
	at org.springframework.security.web.FilterChainProxy$VirtualFilterChain.doFilter(FilterChainProxy.java:374) ~[spring-security-web-6.1.0.jar:6.1.0]
	at org.springframework.security.web.access.ExceptionTranslationFilter.doFilter(ExceptionTranslationFilter.java:126) ~[spring-security-web-6.1.0.jar:6.1.0]
	at org.springframework.security.web.access.ExceptionTranslationFilter.doFilter(ExceptionTranslationFilter.java:120) ~[spring-security-web-6.1.0.jar:6.1.0]
	at org.springframework.security.web.FilterChainProxy$VirtualFilterChain.doFilter(FilterChainProxy.java:374) ~[spring-security-web-6.1.0.jar:6.1.0]
	at org.springframework.security.web.session.SessionManagementFilter.doFilter(SessionManagementFilter.java:131) ~[spring-security-web-6.1.0.jar:6.1.0]
	at org.springframework.security.web.session.SessionManagementFilter.doFilter(SessionManagementFilter.java:85) ~[spring-security-web-6.1.0.jar:6.1.0]
	at org.springframework.security.web.FilterChainProxy$VirtualFilterChain.doFilter(FilterChainProxy.java:374) ~[spring-security-web-6.1.0.jar:6.1.0]
	at org.springframework.security.web.authentication.AnonymousAuthenticationFilter.doFilter(AnonymousAuthenticationFilter.java:100) ~[spring-security-web-6.1.0.jar:6.1.0]
	at org.springframework.security.web.FilterChainProxy$VirtualFilterChain.doFilter(FilterChainProxy.java:374) ~[spring-security-web-6.1.0.jar:6.1.0]
	at org.springframework.security.web.servletapi.SecurityContextHolderAwareRequestFilter.doFilter(SecurityContextHolderAwareRequestFilter.java:179) ~[spring-security-web-6.1.0.jar:6.1.0]
	at org.springframework.security.web.FilterChainProxy$VirtualFilterChain.doFilter(FilterChainProxy.java:374) ~[spring-security-web-6.1.0.jar:6.1.0]
	at org.springframework.security.web.savedrequest.RequestCacheAwareFilter.doFilter(RequestCacheAwareFilter.java:63) ~[spring-security-web-6.1.0.jar:6.1.0]
	at org.springframework.security.web.FilterChainProxy$VirtualFilterChain.doFilter(FilterChainProxy.java:374) ~[spring-security-web-6.1.0.jar:6.1.0]
	at no.hvl.dat152.rest.ws.security.AuthTokenFilter.doFilterInternal(AuthTokenFilter.java:54) ~[classes/:na]
	at org.springframework.web.filter.OncePerRequestFilter.doFilter(OncePerRequestFilter.java:116) ~[spring-web-6.0.9.jar:6.0.9]
	at org.springframework.security.web.FilterChainProxy$VirtualFilterChain.doFilter(FilterChainProxy.java:374) ~[spring-security-web-6.1.0.jar:6.1.0]
	at org.springframework.security.oauth2.server.resource.web.authentication.BearerTokenAuthenticationFilter.doFilterInternal(BearerTokenAuthenticationFilter.java:145) ~[spring-security-oauth2-resource-server-6.1.0.jar:6.1.0]
	at org.springframework.web.filter.OncePerRequestFilter.doFilter(OncePerRequestFilter.java:116) ~[spring-web-6.0.9.jar:6.0.9]
	at org.springframework.security.web.FilterChainProxy$VirtualFilterChain.doFilter(FilterChainProxy.java:374) ~[spring-security-web-6.1.0.jar:6.1.0]
	at org.springframework.security.web.authentication.logout.LogoutFilter.doFilter(LogoutFilter.java:107) ~[spring-security-web-6.1.0.jar:6.1.0]
	at org.springframework.security.web.authentication.logout.LogoutFilter.doFilter(LogoutFilter.java:93) ~[spring-security-web-6.1.0.jar:6.1.0]
	at org.springframework.security.web.FilterChainProxy$VirtualFilterChain.doFilter(FilterChainProxy.java:374) ~[spring-security-web-6.1.0.jar:6.1.0]
	at org.springframework.security.web.header.HeaderWriterFilter.doHeadersAfter(HeaderWriterFilter.java:90) ~[spring-security-web-6.1.0.jar:6.1.0]
	at org.springframework.security.web.header.HeaderWriterFilter.doFilterInternal(HeaderWriterFilter.java:75) ~[spring-security-web-6.1.0.jar:6.1.0]
	at org.springframework.web.filter.OncePerRequestFilter.doFilter(OncePerRequestFilter.java:116) ~[spring-web-6.0.9.jar:6.0.9]
	at org.springframework.security.web.FilterChainProxy$VirtualFilterChain.doFilter(FilterChainProxy.java:374) ~[spring-security-web-6.1.0.jar:6.1.0]
	at org.springframework.security.web.context.SecurityContextHolderFilter.doFilter(SecurityContextHolderFilter.java:82) ~[spring-security-web-6.1.0.jar:6.1.0]
	at org.springframework.security.web.context.SecurityContextHolderFilter.doFilter(SecurityContextHolderFilter.java:69) ~[spring-security-web-6.1.0.jar:6.1.0]
	at org.springframework.security.web.FilterChainProxy$VirtualFilterChain.doFilter(FilterChainProxy.java:374) ~[spring-security-web-6.1.0.jar:6.1.0]
	at org.springframework.security.web.context.request.async.WebAsyncManagerIntegrationFilter.doFilterInternal(WebAsyncManagerIntegrationFilter.java:62) ~[spring-security-web-6.1.0.jar:6.1.0]
	at org.springframework.web.filter.OncePerRequestFilter.doFilter(OncePerRequestFilter.java:116) ~[spring-web-6.0.9.jar:6.0.9]
	at org.springframework.security.web.FilterChainProxy$VirtualFilterChain.doFilter(FilterChainProxy.java:374) ~[spring-security-web-6.1.0.jar:6.1.0]
	at org.springframework.security.web.session.DisableEncodeUrlFilter.doFilterInternal(DisableEncodeUrlFilter.java:42) ~[spring-security-web-6.1.0.jar:6.1.0]
	at org.springframework.web.filter.OncePerRequestFilter.doFilter(OncePerRequestFilter.java:116) ~[spring-web-6.0.9.jar:6.0.9]
	at org.springframework.security.web.FilterChainProxy$VirtualFilterChain.doFilter(FilterChainProxy.java:374) ~[spring-security-web-6.1.0.jar:6.1.0]
	at org.springframework.security.web.FilterChainProxy.doFilterInternal(FilterChainProxy.java:233) ~[spring-security-web-6.1.0.jar:6.1.0]
	at org.springframework.security.web.FilterChainProxy.doFilter(FilterChainProxy.java:191) ~[spring-security-web-6.1.0.jar:6.1.0]
	at org.springframework.web.filter.DelegatingFilterProxy.invokeDelegate(DelegatingFilterProxy.java:352) ~[spring-web-6.0.9.jar:6.0.9]
	at org.springframework.web.filter.DelegatingFilterProxy.doFilter(DelegatingFilterProxy.java:268) ~[spring-web-6.0.9.jar:6.0.9]
	at org.apache.catalina.core.ApplicationFilterChain.internalDoFilter(ApplicationFilterChain.java:174) ~[tomcat-embed-core-10.1.8.jar:10.1.8]
	at org.apache.catalina.core.ApplicationFilterChain.doFilter(ApplicationFilterChain.java:149) ~[tomcat-embed-core-10.1.8.jar:10.1.8]
	at org.springframework.web.filter.RequestContextFilter.doFilterInternal(RequestContextFilter.java:100) ~[spring-web-6.0.9.jar:6.0.9]
	at org.springframework.web.filter.OncePerRequestFilter.doFilter(OncePerRequestFilter.java:116) ~[spring-web-6.0.9.jar:6.0.9]
	at org.apache.catalina.core.ApplicationFilterChain.internalDoFilter(ApplicationFilterChain.java:174) ~[tomcat-embed-core-10.1.8.jar:10.1.8]
	at org.apache.catalina.core.ApplicationFilterChain.doFilter(ApplicationFilterChain.java:149) ~[tomcat-embed-core-10.1.8.jar:10.1.8]
	at org.springframework.web.filter.FormContentFilter.doFilterInternal(FormContentFilter.java:93) ~[spring-web-6.0.9.jar:6.0.9]
	at org.springframework.web.filter.OncePerRequestFilter.doFilter(OncePerRequestFilter.java:116) ~[spring-web-6.0.9.jar:6.0.9]
	at org.apache.catalina.core.ApplicationFilterChain.internalDoFilter(ApplicationFilterChain.java:174) ~[tomcat-embed-core-10.1.8.jar:10.1.8]
	at org.apache.catalina.core.ApplicationFilterChain.doFilter(ApplicationFilterChain.java:149) ~[tomcat-embed-core-10.1.8.jar:10.1.8]
	at org.springframework.web.filter.CharacterEncodingFilter.doFilterInternal(CharacterEncodingFilter.java:201) ~[spring-web-6.0.9.jar:6.0.9]
	at org.springframework.web.filter.OncePerRequestFilter.doFilter(OncePerRequestFilter.java:116) ~[spring-web-6.0.9.jar:6.0.9]
	at org.apache.catalina.core.ApplicationFilterChain.internalDoFilter(ApplicationFilterChain.java:174) ~[tomcat-embed-core-10.1.8.jar:10.1.8]
	at org.apache.catalina.core.ApplicationFilterChain.doFilter(ApplicationFilterChain.java:149) ~[tomcat-embed-core-10.1.8.jar:10.1.8]
	at org.apache.catalina.core.StandardWrapperValve.invoke(StandardWrapperValve.java:166) ~[tomcat-embed-core-10.1.8.jar:10.1.8]
	at org.apache.catalina.core.StandardContextValve.invoke(StandardContextValve.java:90) ~[tomcat-embed-core-10.1.8.jar:10.1.8]
	at org.apache.catalina.authenticator.AuthenticatorBase.invoke(AuthenticatorBase.java:482) ~[tomcat-embed-core-10.1.8.jar:10.1.8]
	at org.apache.catalina.core.StandardHostValve.invoke(StandardHostValve.java:115) ~[tomcat-embed-core-10.1.8.jar:10.1.8]
	at org.apache.catalina.valves.ErrorReportValve.invoke(ErrorReportValve.java:93) ~[tomcat-embed-core-10.1.8.jar:10.1.8]
	at org.apache.catalina.core.StandardEngineValve.invoke(StandardEngineValve.java:74) ~[tomcat-embed-core-10.1.8.jar:10.1.8]
	at org.apache.catalina.connector.CoyoteAdapter.service(CoyoteAdapter.java:341) ~[tomcat-embed-core-10.1.8.jar:10.1.8]
	at org.apache.coyote.http11.Http11Processor.service(Http11Processor.java:390) ~[tomcat-embed-core-10.1.8.jar:10.1.8]
	at org.apache.coyote.AbstractProcessorLight.process(AbstractProcessorLight.java:63) ~[tomcat-embed-core-10.1.8.jar:10.1.8]
	at org.apache.coyote.AbstractProtocol$ConnectionHandler.process(AbstractProtocol.java:894) ~[tomcat-embed-core-10.1.8.jar:10.1.8]
	at org.apache.tomcat.util.net.NioEndpoint$SocketProcessor.doRun(NioEndpoint.java:1741) ~[tomcat-embed-core-10.1.8.jar:10.1.8]
	at org.apache.tomcat.util.net.SocketProcessorBase.run(SocketProcessorBase.java:52) ~[tomcat-embed-core-10.1.8.jar:10.1.8]
	at org.apache.tomcat.util.threads.ThreadPoolExecutor.runWorker(ThreadPoolExecutor.java:1191) ~[tomcat-embed-core-10.1.8.jar:10.1.8]
	at org.apache.tomcat.util.threads.ThreadPoolExecutor$Worker.run(ThreadPoolExecutor.java:659) ~[tomcat-embed-core-10.1.8.jar:10.1.8]
	at org.apache.tomcat.util.threads.TaskThread$WrappingRunnable.run(TaskThread.java:61) ~[tomcat-embed-core-10.1.8.jar:10.1.8]
	at java.base/java.lang.Thread.run(Thread.java:1570) ~[na:na]

2024-10-15T18:33:57.678+02:00 TRACE 21980 --- [nio-8090-exec-4] o.s.s.w.header.writers.HstsHeaderWriter  : Not injecting HSTS header since it did not match request to [Is Secure]
]]></system-out>
  </testcase>
  <testcase name="deleteOrderById_thenOK" classname="no.hvl.dat152.rest.ws.main.test.TestOrder" time="0.02">
    <system-out><![CDATA[2024-10-15T18:33:57.686+02:00 TRACE 21980 --- [nio-8090-exec-5] o.s.security.web.FilterChainProxy        : Trying to match request against DefaultSecurityFilterChain [RequestMatcher=any request, Filters=[org.springframework.security.web.session.DisableEncodeUrlFilter@71702d3f, org.springframework.security.web.context.request.async.WebAsyncManagerIntegrationFilter@6f9d1785, org.springframework.security.web.context.SecurityContextHolderFilter@5498d2a2, org.springframework.security.web.header.HeaderWriterFilter@58477355, org.springframework.security.web.authentication.logout.LogoutFilter@18c2b4c6, org.springframework.security.oauth2.server.resource.web.authentication.BearerTokenAuthenticationFilter@2778f3d1, no.hvl.dat152.rest.ws.security.AuthTokenFilter@7530090a, org.springframework.security.web.savedrequest.RequestCacheAwareFilter@74a121fe, org.springframework.security.web.servletapi.SecurityContextHolderAwareRequestFilter@12639753, org.springframework.security.web.authentication.AnonymousAuthenticationFilter@f9b97dc, org.springframework.security.web.session.SessionManagementFilter@282c3aa0, org.springframework.security.web.access.ExceptionTranslationFilter@4dd11699, org.springframework.security.web.access.intercept.AuthorizationFilter@414a3c7d]] (1/1)
2024-10-15T18:33:57.686+02:00 DEBUG 21980 --- [nio-8090-exec-5] o.s.security.web.FilterChainProxy        : Securing DELETE /elibrary/api/v1/orders/1
2024-10-15T18:33:57.686+02:00 TRACE 21980 --- [nio-8090-exec-5] o.s.security.web.FilterChainProxy        : Invoking DisableEncodeUrlFilter (1/13)
2024-10-15T18:33:57.686+02:00 TRACE 21980 --- [nio-8090-exec-5] o.s.security.web.FilterChainProxy        : Invoking WebAsyncManagerIntegrationFilter (2/13)
2024-10-15T18:33:57.686+02:00 TRACE 21980 --- [nio-8090-exec-5] o.s.security.web.FilterChainProxy        : Invoking SecurityContextHolderFilter (3/13)
2024-10-15T18:33:57.687+02:00 TRACE 21980 --- [nio-8090-exec-5] o.s.security.web.FilterChainProxy        : Invoking HeaderWriterFilter (4/13)
2024-10-15T18:33:57.687+02:00 TRACE 21980 --- [nio-8090-exec-5] o.s.security.web.FilterChainProxy        : Invoking LogoutFilter (5/13)
2024-10-15T18:33:57.687+02:00 TRACE 21980 --- [nio-8090-exec-5] o.s.s.w.a.logout.LogoutFilter            : Did not match request to Or [Ant [pattern='/logout', GET], Ant [pattern='/logout', POST], Ant [pattern='/logout', PUT], Ant [pattern='/logout', DELETE]]
2024-10-15T18:33:57.687+02:00 TRACE 21980 --- [nio-8090-exec-5] o.s.security.web.FilterChainProxy        : Invoking BearerTokenAuthenticationFilter (6/13)
2024-10-15T18:33:57.687+02:00 TRACE 21980 --- [nio-8090-exec-5] o.s.s.authentication.ProviderManager     : Authenticating request with JwtAuthenticationProvider (1/2)
2024-10-15T18:33:57.687+02:00 DEBUG 21980 --- [nio-8090-exec-5] o.s.s.o.s.r.a.JwtAuthenticationProvider  : Authenticated token
2024-10-15T18:33:57.687+02:00 DEBUG 21980 --- [nio-8090-exec-5] .s.r.w.a.BearerTokenAuthenticationFilter : Set SecurityContextHolder to JwtAuthenticationToken [Principal=org.springframework.security.oauth2.jwt.Jwt@fa4045e5, Credentials=[PROTECTED], Authenticated=true, Details=WebAuthenticationDetails [RemoteIpAddress=127.0.0.1, SessionId=null], Granted Authorities=[ADMIN, USER]]
2024-10-15T18:33:57.688+02:00 TRACE 21980 --- [nio-8090-exec-5] o.s.security.web.FilterChainProxy        : Invoking AuthTokenFilter (7/13)
2024-10-15T18:33:57.688+02:00 TRACE 21980 --- [nio-8090-exec-5] o.s.security.web.FilterChainProxy        : Invoking RequestCacheAwareFilter (8/13)
2024-10-15T18:33:57.688+02:00 TRACE 21980 --- [nio-8090-exec-5] o.s.security.web.FilterChainProxy        : Invoking SecurityContextHolderAwareRequestFilter (9/13)
2024-10-15T18:33:57.688+02:00 TRACE 21980 --- [nio-8090-exec-5] o.s.security.web.FilterChainProxy        : Invoking AnonymousAuthenticationFilter (10/13)
2024-10-15T18:33:57.688+02:00 TRACE 21980 --- [nio-8090-exec-5] o.s.security.web.FilterChainProxy        : Invoking SessionManagementFilter (11/13)
2024-10-15T18:33:57.688+02:00 TRACE 21980 --- [nio-8090-exec-5] o.s.s.w.a.AnonymousAuthenticationFilter  : Did not set SecurityContextHolder since already authenticated JwtAuthenticationToken [Principal=org.springframework.security.oauth2.jwt.Jwt@fa4045e5, Credentials=[PROTECTED], Authenticated=true, Details=no.hvl.dat152.rest.ws.security.UserDetailsImpl@d5256ee, Granted Authorities=[ADMIN, USER]]
2024-10-15T18:33:57.688+02:00 TRACE 21980 --- [nio-8090-exec-5] s.CompositeSessionAuthenticationStrategy : Preparing session with ChangeSessionIdAuthenticationStrategy (1/1)
2024-10-15T18:33:57.688+02:00 TRACE 21980 --- [nio-8090-exec-5] o.s.security.web.FilterChainProxy        : Invoking ExceptionTranslationFilter (12/13)
2024-10-15T18:33:57.688+02:00 TRACE 21980 --- [nio-8090-exec-5] o.s.security.web.FilterChainProxy        : Invoking AuthorizationFilter (13/13)
2024-10-15T18:33:57.688+02:00 TRACE 21980 --- [nio-8090-exec-5] estMatcherDelegatingAuthorizationManager : Authorizing SecurityContextHolderAwareRequestWrapper[ org.springframework.security.web.header.HeaderWriterFilter$HeaderWriterRequest@682fcb94]
2024-10-15T18:33:57.688+02:00 TRACE 21980 --- [nio-8090-exec-5] estMatcherDelegatingAuthorizationManager : Checking authorization on SecurityContextHolderAwareRequestWrapper[ org.springframework.security.web.header.HeaderWriterFilter$HeaderWriterRequest@682fcb94] using org.springframework.security.authorization.AuthenticatedAuthorizationManager@649ab949
2024-10-15T18:33:57.688+02:00 DEBUG 21980 --- [nio-8090-exec-5] o.s.security.web.FilterChainProxy        : Secured DELETE /elibrary/api/v1/orders/1
2024-10-15T18:33:57.688+02:00 DEBUG 21980 --- [nio-8090-exec-5] horizationManagerBeforeMethodInterceptor : Authorizing method invocation ReflectiveMethodInvocation: public org.springframework.http.ResponseEntity no.hvl.dat152.rest.ws.controller.OrderController.deleteBookOrder(java.lang.Long); target is of class [no.hvl.dat152.rest.ws.controller.OrderController]
2024-10-15T18:33:57.689+02:00 DEBUG 21980 --- [nio-8090-exec-5] horizationManagerBeforeMethodInterceptor : Authorized method invocation ReflectiveMethodInvocation: public org.springframework.http.ResponseEntity no.hvl.dat152.rest.ws.controller.OrderController.deleteBookOrder(java.lang.Long); target is of class [no.hvl.dat152.rest.ws.controller.OrderController]
Hibernate: select o1_0.id,o1_0.expiry,o1_0.isbn from orders o1_0 where o1_0.id=?
Hibernate: delete from orders where id=?
2024-10-15T18:33:57.698+02:00 TRACE 21980 --- [nio-8090-exec-5] o.s.s.w.header.writers.HstsHeaderWriter  : Not injecting HSTS header since it did not match request to [Is Secure]
]]></system-out>
  </testcase>
  <testcase name="getAllOrdersPaginate_thenOK" classname="no.hvl.dat152.rest.ws.main.test.TestOrder" time="0.031">
    <system-out><![CDATA[2024-10-15T18:33:57.713+02:00 TRACE 21980 --- [nio-8090-exec-6] o.s.security.web.FilterChainProxy        : Trying to match request against DefaultSecurityFilterChain [RequestMatcher=any request, Filters=[org.springframework.security.web.session.DisableEncodeUrlFilter@71702d3f, org.springframework.security.web.context.request.async.WebAsyncManagerIntegrationFilter@6f9d1785, org.springframework.security.web.context.SecurityContextHolderFilter@5498d2a2, org.springframework.security.web.header.HeaderWriterFilter@58477355, org.springframework.security.web.authentication.logout.LogoutFilter@18c2b4c6, org.springframework.security.oauth2.server.resource.web.authentication.BearerTokenAuthenticationFilter@2778f3d1, no.hvl.dat152.rest.ws.security.AuthTokenFilter@7530090a, org.springframework.security.web.savedrequest.RequestCacheAwareFilter@74a121fe, org.springframework.security.web.servletapi.SecurityContextHolderAwareRequestFilter@12639753, org.springframework.security.web.authentication.AnonymousAuthenticationFilter@f9b97dc, org.springframework.security.web.session.SessionManagementFilter@282c3aa0, org.springframework.security.web.access.ExceptionTranslationFilter@4dd11699, org.springframework.security.web.access.intercept.AuthorizationFilter@414a3c7d]] (1/1)
2024-10-15T18:33:57.713+02:00 DEBUG 21980 --- [nio-8090-exec-6] o.s.security.web.FilterChainProxy        : Securing GET /elibrary/api/v1/orders?page=0&size=2
2024-10-15T18:33:57.713+02:00 TRACE 21980 --- [nio-8090-exec-6] o.s.security.web.FilterChainProxy        : Invoking DisableEncodeUrlFilter (1/13)
2024-10-15T18:33:57.713+02:00 TRACE 21980 --- [nio-8090-exec-6] o.s.security.web.FilterChainProxy        : Invoking WebAsyncManagerIntegrationFilter (2/13)
2024-10-15T18:33:57.713+02:00 TRACE 21980 --- [nio-8090-exec-6] o.s.security.web.FilterChainProxy        : Invoking SecurityContextHolderFilter (3/13)
2024-10-15T18:33:57.713+02:00 TRACE 21980 --- [nio-8090-exec-6] o.s.security.web.FilterChainProxy        : Invoking HeaderWriterFilter (4/13)
2024-10-15T18:33:57.713+02:00 TRACE 21980 --- [nio-8090-exec-6] o.s.security.web.FilterChainProxy        : Invoking LogoutFilter (5/13)
2024-10-15T18:33:57.713+02:00 TRACE 21980 --- [nio-8090-exec-6] o.s.s.w.a.logout.LogoutFilter            : Did not match request to Or [Ant [pattern='/logout', GET], Ant [pattern='/logout', POST], Ant [pattern='/logout', PUT], Ant [pattern='/logout', DELETE]]
2024-10-15T18:33:57.713+02:00 TRACE 21980 --- [nio-8090-exec-6] o.s.security.web.FilterChainProxy        : Invoking BearerTokenAuthenticationFilter (6/13)
2024-10-15T18:33:57.713+02:00 TRACE 21980 --- [nio-8090-exec-6] o.s.s.authentication.ProviderManager     : Authenticating request with JwtAuthenticationProvider (1/2)
2024-10-15T18:33:57.715+02:00 DEBUG 21980 --- [nio-8090-exec-6] o.s.s.o.s.r.a.JwtAuthenticationProvider  : Authenticated token
2024-10-15T18:33:57.715+02:00 DEBUG 21980 --- [nio-8090-exec-6] .s.r.w.a.BearerTokenAuthenticationFilter : Set SecurityContextHolder to JwtAuthenticationToken [Principal=org.springframework.security.oauth2.jwt.Jwt@fa4045e5, Credentials=[PROTECTED], Authenticated=true, Details=WebAuthenticationDetails [RemoteIpAddress=127.0.0.1, SessionId=null], Granted Authorities=[ADMIN, USER]]
2024-10-15T18:33:57.715+02:00 TRACE 21980 --- [nio-8090-exec-6] o.s.security.web.FilterChainProxy        : Invoking AuthTokenFilter (7/13)
2024-10-15T18:33:57.715+02:00 TRACE 21980 --- [nio-8090-exec-6] o.s.security.web.FilterChainProxy        : Invoking RequestCacheAwareFilter (8/13)
2024-10-15T18:33:57.715+02:00 TRACE 21980 --- [nio-8090-exec-6] o.s.security.web.FilterChainProxy        : Invoking SecurityContextHolderAwareRequestFilter (9/13)
2024-10-15T18:33:57.715+02:00 TRACE 21980 --- [nio-8090-exec-6] o.s.security.web.FilterChainProxy        : Invoking AnonymousAuthenticationFilter (10/13)
2024-10-15T18:33:57.715+02:00 TRACE 21980 --- [nio-8090-exec-6] o.s.security.web.FilterChainProxy        : Invoking SessionManagementFilter (11/13)
2024-10-15T18:33:57.715+02:00 TRACE 21980 --- [nio-8090-exec-6] o.s.s.w.a.AnonymousAuthenticationFilter  : Did not set SecurityContextHolder since already authenticated JwtAuthenticationToken [Principal=org.springframework.security.oauth2.jwt.Jwt@fa4045e5, Credentials=[PROTECTED], Authenticated=true, Details=no.hvl.dat152.rest.ws.security.UserDetailsImpl@41ef4033, Granted Authorities=[ADMIN, USER]]
2024-10-15T18:33:57.715+02:00 TRACE 21980 --- [nio-8090-exec-6] s.CompositeSessionAuthenticationStrategy : Preparing session with ChangeSessionIdAuthenticationStrategy (1/1)
2024-10-15T18:33:57.715+02:00 TRACE 21980 --- [nio-8090-exec-6] o.s.security.web.FilterChainProxy        : Invoking ExceptionTranslationFilter (12/13)
2024-10-15T18:33:57.715+02:00 TRACE 21980 --- [nio-8090-exec-6] o.s.security.web.FilterChainProxy        : Invoking AuthorizationFilter (13/13)
2024-10-15T18:33:57.715+02:00 TRACE 21980 --- [nio-8090-exec-6] estMatcherDelegatingAuthorizationManager : Authorizing SecurityContextHolderAwareRequestWrapper[ org.springframework.security.web.header.HeaderWriterFilter$HeaderWriterRequest@a60412f]
2024-10-15T18:33:57.715+02:00 TRACE 21980 --- [nio-8090-exec-6] estMatcherDelegatingAuthorizationManager : Checking authorization on SecurityContextHolderAwareRequestWrapper[ org.springframework.security.web.header.HeaderWriterFilter$HeaderWriterRequest@a60412f] using org.springframework.security.authorization.AuthenticatedAuthorizationManager@649ab949
2024-10-15T18:33:57.715+02:00 DEBUG 21980 --- [nio-8090-exec-6] o.s.security.web.FilterChainProxy        : Secured GET /elibrary/api/v1/orders?page=0&size=2
2024-10-15T18:33:57.716+02:00 DEBUG 21980 --- [nio-8090-exec-6] horizationManagerBeforeMethodInterceptor : Authorizing method invocation ReflectiveMethodInvocation: public org.springframework.http.ResponseEntity no.hvl.dat152.rest.ws.controller.OrderController.getAllBorrowOrders(java.lang.String,org.springframework.data.domain.Pageable); target is of class [no.hvl.dat152.rest.ws.controller.OrderController]
2024-10-15T18:33:57.716+02:00 DEBUG 21980 --- [nio-8090-exec-6] horizationManagerBeforeMethodInterceptor : Authorized method invocation ReflectiveMethodInvocation: public org.springframework.http.ResponseEntity no.hvl.dat152.rest.ws.controller.OrderController.getAllBorrowOrders(java.lang.String,org.springframework.data.domain.Pageable); target is of class [no.hvl.dat152.rest.ws.controller.OrderController]
Hibernate: select o1_0.id,o1_0.expiry,o1_0.isbn from orders o1_0
2024-10-15T18:33:57.722+02:00 TRACE 21980 --- [nio-8090-exec-6] o.s.s.w.header.writers.HstsHeaderWriter  : Not injecting HSTS header since it did not match request to [Is Secure]
]]></system-out>
  </testcase>
  <testcase name="getAllOrders_thenOK" classname="no.hvl.dat152.rest.ws.main.test.TestOrder" time="0.029">
    <system-out><![CDATA[2024-10-15T18:33:57.741+02:00 TRACE 21980 --- [nio-8090-exec-5] o.s.security.web.FilterChainProxy        : Trying to match request against DefaultSecurityFilterChain [RequestMatcher=any request, Filters=[org.springframework.security.web.session.DisableEncodeUrlFilter@71702d3f, org.springframework.security.web.context.request.async.WebAsyncManagerIntegrationFilter@6f9d1785, org.springframework.security.web.context.SecurityContextHolderFilter@5498d2a2, org.springframework.security.web.header.HeaderWriterFilter@58477355, org.springframework.security.web.authentication.logout.LogoutFilter@18c2b4c6, org.springframework.security.oauth2.server.resource.web.authentication.BearerTokenAuthenticationFilter@2778f3d1, no.hvl.dat152.rest.ws.security.AuthTokenFilter@7530090a, org.springframework.security.web.savedrequest.RequestCacheAwareFilter@74a121fe, org.springframework.security.web.servletapi.SecurityContextHolderAwareRequestFilter@12639753, org.springframework.security.web.authentication.AnonymousAuthenticationFilter@f9b97dc, org.springframework.security.web.session.SessionManagementFilter@282c3aa0, org.springframework.security.web.access.ExceptionTranslationFilter@4dd11699, org.springframework.security.web.access.intercept.AuthorizationFilter@414a3c7d]] (1/1)
2024-10-15T18:33:57.741+02:00 DEBUG 21980 --- [nio-8090-exec-5] o.s.security.web.FilterChainProxy        : Securing GET /elibrary/api/v1/orders?expiry=2024-11-12&page=0&size=4
2024-10-15T18:33:57.741+02:00 TRACE 21980 --- [nio-8090-exec-5] o.s.security.web.FilterChainProxy        : Invoking DisableEncodeUrlFilter (1/13)
2024-10-15T18:33:57.742+02:00 TRACE 21980 --- [nio-8090-exec-5] o.s.security.web.FilterChainProxy        : Invoking WebAsyncManagerIntegrationFilter (2/13)
2024-10-15T18:33:57.742+02:00 TRACE 21980 --- [nio-8090-exec-5] o.s.security.web.FilterChainProxy        : Invoking SecurityContextHolderFilter (3/13)
2024-10-15T18:33:57.742+02:00 TRACE 21980 --- [nio-8090-exec-5] o.s.security.web.FilterChainProxy        : Invoking HeaderWriterFilter (4/13)
2024-10-15T18:33:57.742+02:00 TRACE 21980 --- [nio-8090-exec-5] o.s.security.web.FilterChainProxy        : Invoking LogoutFilter (5/13)
2024-10-15T18:33:57.742+02:00 TRACE 21980 --- [nio-8090-exec-5] o.s.s.w.a.logout.LogoutFilter            : Did not match request to Or [Ant [pattern='/logout', GET], Ant [pattern='/logout', POST], Ant [pattern='/logout', PUT], Ant [pattern='/logout', DELETE]]
2024-10-15T18:33:57.742+02:00 TRACE 21980 --- [nio-8090-exec-5] o.s.security.web.FilterChainProxy        : Invoking BearerTokenAuthenticationFilter (6/13)
2024-10-15T18:33:57.742+02:00 TRACE 21980 --- [nio-8090-exec-5] o.s.s.authentication.ProviderManager     : Authenticating request with JwtAuthenticationProvider (1/2)
2024-10-15T18:33:57.742+02:00 DEBUG 21980 --- [nio-8090-exec-5] o.s.s.o.s.r.a.JwtAuthenticationProvider  : Authenticated token
2024-10-15T18:33:57.742+02:00 DEBUG 21980 --- [nio-8090-exec-5] .s.r.w.a.BearerTokenAuthenticationFilter : Set SecurityContextHolder to JwtAuthenticationToken [Principal=org.springframework.security.oauth2.jwt.Jwt@fa4045e5, Credentials=[PROTECTED], Authenticated=true, Details=WebAuthenticationDetails [RemoteIpAddress=127.0.0.1, SessionId=null], Granted Authorities=[ADMIN, USER]]
2024-10-15T18:33:57.742+02:00 TRACE 21980 --- [nio-8090-exec-5] o.s.security.web.FilterChainProxy        : Invoking AuthTokenFilter (7/13)
2024-10-15T18:33:57.742+02:00 TRACE 21980 --- [nio-8090-exec-5] o.s.security.web.FilterChainProxy        : Invoking RequestCacheAwareFilter (8/13)
2024-10-15T18:33:57.742+02:00 TRACE 21980 --- [nio-8090-exec-5] o.s.security.web.FilterChainProxy        : Invoking SecurityContextHolderAwareRequestFilter (9/13)
2024-10-15T18:33:57.742+02:00 TRACE 21980 --- [nio-8090-exec-5] o.s.security.web.FilterChainProxy        : Invoking AnonymousAuthenticationFilter (10/13)
2024-10-15T18:33:57.743+02:00 TRACE 21980 --- [nio-8090-exec-5] o.s.security.web.FilterChainProxy        : Invoking SessionManagementFilter (11/13)
2024-10-15T18:33:57.743+02:00 TRACE 21980 --- [nio-8090-exec-5] o.s.s.w.a.AnonymousAuthenticationFilter  : Did not set SecurityContextHolder since already authenticated JwtAuthenticationToken [Principal=org.springframework.security.oauth2.jwt.Jwt@fa4045e5, Credentials=[PROTECTED], Authenticated=true, Details=no.hvl.dat152.rest.ws.security.UserDetailsImpl@7eb22b3f, Granted Authorities=[ADMIN, USER]]
2024-10-15T18:33:57.743+02:00 TRACE 21980 --- [nio-8090-exec-5] s.CompositeSessionAuthenticationStrategy : Preparing session with ChangeSessionIdAuthenticationStrategy (1/1)
2024-10-15T18:33:57.743+02:00 TRACE 21980 --- [nio-8090-exec-5] o.s.security.web.FilterChainProxy        : Invoking ExceptionTranslationFilter (12/13)
2024-10-15T18:33:57.743+02:00 TRACE 21980 --- [nio-8090-exec-5] o.s.security.web.FilterChainProxy        : Invoking AuthorizationFilter (13/13)
2024-10-15T18:33:57.743+02:00 TRACE 21980 --- [nio-8090-exec-5] estMatcherDelegatingAuthorizationManager : Authorizing SecurityContextHolderAwareRequestWrapper[ org.springframework.security.web.header.HeaderWriterFilter$HeaderWriterRequest@7747cc2]
2024-10-15T18:33:57.743+02:00 TRACE 21980 --- [nio-8090-exec-5] estMatcherDelegatingAuthorizationManager : Checking authorization on SecurityContextHolderAwareRequestWrapper[ org.springframework.security.web.header.HeaderWriterFilter$HeaderWriterRequest@7747cc2] using org.springframework.security.authorization.AuthenticatedAuthorizationManager@649ab949
2024-10-15T18:33:57.743+02:00 DEBUG 21980 --- [nio-8090-exec-5] o.s.security.web.FilterChainProxy        : Secured GET /elibrary/api/v1/orders?expiry=2024-11-12&page=0&size=4
2024-10-15T18:33:57.743+02:00 DEBUG 21980 --- [nio-8090-exec-5] horizationManagerBeforeMethodInterceptor : Authorizing method invocation ReflectiveMethodInvocation: public org.springframework.http.ResponseEntity no.hvl.dat152.rest.ws.controller.OrderController.getAllBorrowOrders(java.lang.String,org.springframework.data.domain.Pageable); target is of class [no.hvl.dat152.rest.ws.controller.OrderController]
2024-10-15T18:33:57.743+02:00 DEBUG 21980 --- [nio-8090-exec-5] horizationManagerBeforeMethodInterceptor : Authorized method invocation ReflectiveMethodInvocation: public org.springframework.http.ResponseEntity no.hvl.dat152.rest.ws.controller.OrderController.getAllBorrowOrders(java.lang.String,org.springframework.data.domain.Pageable); target is of class [no.hvl.dat152.rest.ws.controller.OrderController]
Hibernate: select o1_0.id,o1_0.expiry,o1_0.isbn from orders o1_0 where o1_0.expiry<? offset ? rows fetch first ? rows only
2024-10-15T18:33:57.755+02:00 TRACE 21980 --- [nio-8090-exec-5] o.s.s.w.header.writers.HstsHeaderWriter  : Not injecting HSTS header since it did not match request to [Is Secure]
]]></system-out>
  </testcase>
  <testcase name="updateOrder_thenOK" classname="no.hvl.dat152.rest.ws.main.test.TestOrder" time="0.029">
    <system-out><![CDATA[2024-10-15T18:33:57.774+02:00 TRACE 21980 --- [nio-8090-exec-2] o.s.security.web.FilterChainProxy        : Trying to match request against DefaultSecurityFilterChain [RequestMatcher=any request, Filters=[org.springframework.security.web.session.DisableEncodeUrlFilter@71702d3f, org.springframework.security.web.context.request.async.WebAsyncManagerIntegrationFilter@6f9d1785, org.springframework.security.web.context.SecurityContextHolderFilter@5498d2a2, org.springframework.security.web.header.HeaderWriterFilter@58477355, org.springframework.security.web.authentication.logout.LogoutFilter@18c2b4c6, org.springframework.security.oauth2.server.resource.web.authentication.BearerTokenAuthenticationFilter@2778f3d1, no.hvl.dat152.rest.ws.security.AuthTokenFilter@7530090a, org.springframework.security.web.savedrequest.RequestCacheAwareFilter@74a121fe, org.springframework.security.web.servletapi.SecurityContextHolderAwareRequestFilter@12639753, org.springframework.security.web.authentication.AnonymousAuthenticationFilter@f9b97dc, org.springframework.security.web.session.SessionManagementFilter@282c3aa0, org.springframework.security.web.access.ExceptionTranslationFilter@4dd11699, org.springframework.security.web.access.intercept.AuthorizationFilter@414a3c7d]] (1/1)
2024-10-15T18:33:57.774+02:00 DEBUG 21980 --- [nio-8090-exec-2] o.s.security.web.FilterChainProxy        : Securing PUT /elibrary/api/v1/orders/2
2024-10-15T18:33:57.774+02:00 TRACE 21980 --- [nio-8090-exec-2] o.s.security.web.FilterChainProxy        : Invoking DisableEncodeUrlFilter (1/13)
2024-10-15T18:33:57.774+02:00 TRACE 21980 --- [nio-8090-exec-2] o.s.security.web.FilterChainProxy        : Invoking WebAsyncManagerIntegrationFilter (2/13)
2024-10-15T18:33:57.774+02:00 TRACE 21980 --- [nio-8090-exec-2] o.s.security.web.FilterChainProxy        : Invoking SecurityContextHolderFilter (3/13)
2024-10-15T18:33:57.774+02:00 TRACE 21980 --- [nio-8090-exec-2] o.s.security.web.FilterChainProxy        : Invoking HeaderWriterFilter (4/13)
2024-10-15T18:33:57.774+02:00 TRACE 21980 --- [nio-8090-exec-2] o.s.security.web.FilterChainProxy        : Invoking LogoutFilter (5/13)
2024-10-15T18:33:57.774+02:00 TRACE 21980 --- [nio-8090-exec-2] o.s.s.w.a.logout.LogoutFilter            : Did not match request to Or [Ant [pattern='/logout', GET], Ant [pattern='/logout', POST], Ant [pattern='/logout', PUT], Ant [pattern='/logout', DELETE]]
2024-10-15T18:33:57.774+02:00 TRACE 21980 --- [nio-8090-exec-2] o.s.security.web.FilterChainProxy        : Invoking BearerTokenAuthenticationFilter (6/13)
2024-10-15T18:33:57.774+02:00 TRACE 21980 --- [nio-8090-exec-2] o.s.s.authentication.ProviderManager     : Authenticating request with JwtAuthenticationProvider (1/2)
2024-10-15T18:33:57.774+02:00 DEBUG 21980 --- [nio-8090-exec-2] o.s.s.o.s.r.a.JwtAuthenticationProvider  : Authenticated token
2024-10-15T18:33:57.775+02:00 DEBUG 21980 --- [nio-8090-exec-2] .s.r.w.a.BearerTokenAuthenticationFilter : Set SecurityContextHolder to JwtAuthenticationToken [Principal=org.springframework.security.oauth2.jwt.Jwt@fa4045e5, Credentials=[PROTECTED], Authenticated=true, Details=WebAuthenticationDetails [RemoteIpAddress=127.0.0.1, SessionId=null], Granted Authorities=[ADMIN, USER]]
2024-10-15T18:33:57.775+02:00 TRACE 21980 --- [nio-8090-exec-2] o.s.security.web.FilterChainProxy        : Invoking AuthTokenFilter (7/13)
2024-10-15T18:33:57.775+02:00 TRACE 21980 --- [nio-8090-exec-2] o.s.security.web.FilterChainProxy        : Invoking RequestCacheAwareFilter (8/13)
2024-10-15T18:33:57.775+02:00 TRACE 21980 --- [nio-8090-exec-2] o.s.security.web.FilterChainProxy        : Invoking SecurityContextHolderAwareRequestFilter (9/13)
2024-10-15T18:33:57.775+02:00 TRACE 21980 --- [nio-8090-exec-2] o.s.security.web.FilterChainProxy        : Invoking AnonymousAuthenticationFilter (10/13)
2024-10-15T18:33:57.775+02:00 TRACE 21980 --- [nio-8090-exec-2] o.s.security.web.FilterChainProxy        : Invoking SessionManagementFilter (11/13)
2024-10-15T18:33:57.775+02:00 TRACE 21980 --- [nio-8090-exec-2] o.s.s.w.a.AnonymousAuthenticationFilter  : Did not set SecurityContextHolder since already authenticated JwtAuthenticationToken [Principal=org.springframework.security.oauth2.jwt.Jwt@fa4045e5, Credentials=[PROTECTED], Authenticated=true, Details=no.hvl.dat152.rest.ws.security.UserDetailsImpl@77180240, Granted Authorities=[ADMIN, USER]]
2024-10-15T18:33:57.775+02:00 TRACE 21980 --- [nio-8090-exec-2] s.CompositeSessionAuthenticationStrategy : Preparing session with ChangeSessionIdAuthenticationStrategy (1/1)
2024-10-15T18:33:57.775+02:00 TRACE 21980 --- [nio-8090-exec-2] o.s.security.web.FilterChainProxy        : Invoking ExceptionTranslationFilter (12/13)
2024-10-15T18:33:57.775+02:00 TRACE 21980 --- [nio-8090-exec-2] o.s.security.web.FilterChainProxy        : Invoking AuthorizationFilter (13/13)
2024-10-15T18:33:57.775+02:00 TRACE 21980 --- [nio-8090-exec-2] estMatcherDelegatingAuthorizationManager : Authorizing SecurityContextHolderAwareRequestWrapper[ org.springframework.security.web.header.HeaderWriterFilter$HeaderWriterRequest@2efb89ed]
2024-10-15T18:33:57.775+02:00 TRACE 21980 --- [nio-8090-exec-2] estMatcherDelegatingAuthorizationManager : Checking authorization on SecurityContextHolderAwareRequestWrapper[ org.springframework.security.web.header.HeaderWriterFilter$HeaderWriterRequest@2efb89ed] using org.springframework.security.authorization.AuthenticatedAuthorizationManager@649ab949
2024-10-15T18:33:57.775+02:00 DEBUG 21980 --- [nio-8090-exec-2] o.s.security.web.FilterChainProxy        : Secured PUT /elibrary/api/v1/orders/2
2024-10-15T18:33:57.781+02:00 DEBUG 21980 --- [nio-8090-exec-2] horizationManagerBeforeMethodInterceptor : Authorizing method invocation ReflectiveMethodInvocation: public org.springframework.http.ResponseEntity no.hvl.dat152.rest.ws.controller.OrderController.updateOrder(no.hvl.dat152.rest.ws.model.Order,long); target is of class [no.hvl.dat152.rest.ws.controller.OrderController]
2024-10-15T18:33:57.781+02:00 DEBUG 21980 --- [nio-8090-exec-2] horizationManagerBeforeMethodInterceptor : Authorized method invocation ReflectiveMethodInvocation: public org.springframework.http.ResponseEntity no.hvl.dat152.rest.ws.controller.OrderController.updateOrder(no.hvl.dat152.rest.ws.model.Order,long); target is of class [no.hvl.dat152.rest.ws.controller.OrderController]
Hibernate: select o1_0.id,o1_0.expiry,o1_0.isbn from orders o1_0 where o1_0.id=?
2024-10-15T18:33:57.786+02:00 TRACE 21980 --- [nio-8090-exec-2] o.s.s.w.header.writers.HstsHeaderWriter  : Not injecting HSTS header since it did not match request to [Is Secure]
]]></system-out>
  </testcase>
  <testcase name="getOrderById_thenOK" classname="no.hvl.dat152.rest.ws.main.test.TestOrder" time="0.016">
    <system-out><![CDATA[2024-10-15T18:33:57.799+02:00 TRACE 21980 --- [nio-8090-exec-4] o.s.security.web.FilterChainProxy        : Trying to match request against DefaultSecurityFilterChain [RequestMatcher=any request, Filters=[org.springframework.security.web.session.DisableEncodeUrlFilter@71702d3f, org.springframework.security.web.context.request.async.WebAsyncManagerIntegrationFilter@6f9d1785, org.springframework.security.web.context.SecurityContextHolderFilter@5498d2a2, org.springframework.security.web.header.HeaderWriterFilter@58477355, org.springframework.security.web.authentication.logout.LogoutFilter@18c2b4c6, org.springframework.security.oauth2.server.resource.web.authentication.BearerTokenAuthenticationFilter@2778f3d1, no.hvl.dat152.rest.ws.security.AuthTokenFilter@7530090a, org.springframework.security.web.savedrequest.RequestCacheAwareFilter@74a121fe, org.springframework.security.web.servletapi.SecurityContextHolderAwareRequestFilter@12639753, org.springframework.security.web.authentication.AnonymousAuthenticationFilter@f9b97dc, org.springframework.security.web.session.SessionManagementFilter@282c3aa0, org.springframework.security.web.access.ExceptionTranslationFilter@4dd11699, org.springframework.security.web.access.intercept.AuthorizationFilter@414a3c7d]] (1/1)
2024-10-15T18:33:57.799+02:00 DEBUG 21980 --- [nio-8090-exec-4] o.s.security.web.FilterChainProxy        : Securing GET /elibrary/api/v1/orders/2
2024-10-15T18:33:57.799+02:00 TRACE 21980 --- [nio-8090-exec-4] o.s.security.web.FilterChainProxy        : Invoking DisableEncodeUrlFilter (1/13)
2024-10-15T18:33:57.799+02:00 TRACE 21980 --- [nio-8090-exec-4] o.s.security.web.FilterChainProxy        : Invoking WebAsyncManagerIntegrationFilter (2/13)
2024-10-15T18:33:57.799+02:00 TRACE 21980 --- [nio-8090-exec-4] o.s.security.web.FilterChainProxy        : Invoking SecurityContextHolderFilter (3/13)
2024-10-15T18:33:57.799+02:00 TRACE 21980 --- [nio-8090-exec-4] o.s.security.web.FilterChainProxy        : Invoking HeaderWriterFilter (4/13)
2024-10-15T18:33:57.799+02:00 TRACE 21980 --- [nio-8090-exec-4] o.s.security.web.FilterChainProxy        : Invoking LogoutFilter (5/13)
2024-10-15T18:33:57.799+02:00 TRACE 21980 --- [nio-8090-exec-4] o.s.s.w.a.logout.LogoutFilter            : Did not match request to Or [Ant [pattern='/logout', GET], Ant [pattern='/logout', POST], Ant [pattern='/logout', PUT], Ant [pattern='/logout', DELETE]]
2024-10-15T18:33:57.799+02:00 TRACE 21980 --- [nio-8090-exec-4] o.s.security.web.FilterChainProxy        : Invoking BearerTokenAuthenticationFilter (6/13)
2024-10-15T18:33:57.800+02:00 TRACE 21980 --- [nio-8090-exec-4] o.s.s.authentication.ProviderManager     : Authenticating request with JwtAuthenticationProvider (1/2)
2024-10-15T18:33:57.800+02:00 DEBUG 21980 --- [nio-8090-exec-4] o.s.s.o.s.r.a.JwtAuthenticationProvider  : Authenticated token
2024-10-15T18:33:57.800+02:00 DEBUG 21980 --- [nio-8090-exec-4] .s.r.w.a.BearerTokenAuthenticationFilter : Set SecurityContextHolder to JwtAuthenticationToken [Principal=org.springframework.security.oauth2.jwt.Jwt@fa4045e5, Credentials=[PROTECTED], Authenticated=true, Details=WebAuthenticationDetails [RemoteIpAddress=127.0.0.1, SessionId=null], Granted Authorities=[ADMIN, USER]]
2024-10-15T18:33:57.800+02:00 TRACE 21980 --- [nio-8090-exec-4] o.s.security.web.FilterChainProxy        : Invoking AuthTokenFilter (7/13)
2024-10-15T18:33:57.800+02:00 TRACE 21980 --- [nio-8090-exec-4] o.s.security.web.FilterChainProxy        : Invoking RequestCacheAwareFilter (8/13)
2024-10-15T18:33:57.800+02:00 TRACE 21980 --- [nio-8090-exec-4] o.s.security.web.FilterChainProxy        : Invoking SecurityContextHolderAwareRequestFilter (9/13)
2024-10-15T18:33:57.800+02:00 TRACE 21980 --- [nio-8090-exec-4] o.s.security.web.FilterChainProxy        : Invoking AnonymousAuthenticationFilter (10/13)
2024-10-15T18:33:57.800+02:00 TRACE 21980 --- [nio-8090-exec-4] o.s.security.web.FilterChainProxy        : Invoking SessionManagementFilter (11/13)
2024-10-15T18:33:57.800+02:00 TRACE 21980 --- [nio-8090-exec-4] o.s.s.w.a.AnonymousAuthenticationFilter  : Did not set SecurityContextHolder since already authenticated JwtAuthenticationToken [Principal=org.springframework.security.oauth2.jwt.Jwt@fa4045e5, Credentials=[PROTECTED], Authenticated=true, Details=no.hvl.dat152.rest.ws.security.UserDetailsImpl@a450833, Granted Authorities=[ADMIN, USER]]
2024-10-15T18:33:57.800+02:00 TRACE 21980 --- [nio-8090-exec-4] s.CompositeSessionAuthenticationStrategy : Preparing session with ChangeSessionIdAuthenticationStrategy (1/1)
2024-10-15T18:33:57.800+02:00 TRACE 21980 --- [nio-8090-exec-4] o.s.security.web.FilterChainProxy        : Invoking ExceptionTranslationFilter (12/13)
2024-10-15T18:33:57.800+02:00 TRACE 21980 --- [nio-8090-exec-4] o.s.security.web.FilterChainProxy        : Invoking AuthorizationFilter (13/13)
2024-10-15T18:33:57.800+02:00 TRACE 21980 --- [nio-8090-exec-4] estMatcherDelegatingAuthorizationManager : Authorizing SecurityContextHolderAwareRequestWrapper[ org.springframework.security.web.header.HeaderWriterFilter$HeaderWriterRequest@7cbdfc6c]
2024-10-15T18:33:57.800+02:00 TRACE 21980 --- [nio-8090-exec-4] estMatcherDelegatingAuthorizationManager : Checking authorization on SecurityContextHolderAwareRequestWrapper[ org.springframework.security.web.header.HeaderWriterFilter$HeaderWriterRequest@7cbdfc6c] using org.springframework.security.authorization.AuthenticatedAuthorizationManager@649ab949
2024-10-15T18:33:57.800+02:00 DEBUG 21980 --- [nio-8090-exec-4] o.s.security.web.FilterChainProxy        : Secured GET /elibrary/api/v1/orders/2
2024-10-15T18:33:57.801+02:00 DEBUG 21980 --- [nio-8090-exec-4] horizationManagerBeforeMethodInterceptor : Authorizing method invocation ReflectiveMethodInvocation: public org.springframework.http.ResponseEntity no.hvl.dat152.rest.ws.controller.OrderController.getBorrowOrder(java.lang.Long) throws no.hvl.dat152.rest.ws.exceptions.OrderNotFoundException; target is of class [no.hvl.dat152.rest.ws.controller.OrderController]
2024-10-15T18:33:57.801+02:00 DEBUG 21980 --- [nio-8090-exec-4] horizationManagerBeforeMethodInterceptor : Authorized method invocation ReflectiveMethodInvocation: public org.springframework.http.ResponseEntity no.hvl.dat152.rest.ws.controller.OrderController.getBorrowOrder(java.lang.Long) throws no.hvl.dat152.rest.ws.exceptions.OrderNotFoundException; target is of class [no.hvl.dat152.rest.ws.controller.OrderController]
Hibernate: select o1_0.id,o1_0.expiry,o1_0.isbn from orders o1_0 where o1_0.id=?
2024-10-15T18:33:57.803+02:00 TRACE 21980 --- [nio-8090-exec-4] o.s.s.w.header.writers.HstsHeaderWriter  : Not injecting HSTS header since it did not match request to [Is Secure]
]]></system-out>
  </testcase>
</testsuite>